OMPL version 1.2.1
Experiment cubicles_uniform_sampler
0 experiment properties
Running on ompl-VirtualBox
Starting at 2016-09-30 12:36:17
<<<|
Properties of the state space 'SE3CompoundSpace0'
  - signature: 6 5 6 1 3 3 3 
  - dimension: 6
  - extent: 1149.42
  - sanity checks for state space passed
  - probability of valid states: 0.429
  - average length of a valid motion: 174.069
  - average number of samples drawn per second: sampleUniform()=2.9922e+06 sampleUniformNear()=4.16799e+06 sampleGaussian()=1.38313e+06
Settings for the state space 'SE3CompoundSpace0'
  - state validity check resolution: 1%
  - valid segment count factor: 1
  - state space:
Compound state space 'SE3CompoundSpace0' of dimension 6 (locked) [
Real vector state space 'RealVectorSpace1' of dimension 3 with bounds: 
  - min: -508.882 -230.129 -123.75 
  - max: 319.618 531.871 101 
 of weight 1
SO(3) state space 'SO3Space2' (represented using quaternions)
 of weight 1
]
Registered projections:
  - <default>
Projection of dimension 3
Cell sizes (set by user): [35 35 35]

Declared parameters:
longest_valid_segment_fraction = 0.01
projection.cellsize.0 = 35
projection.cellsize.1 = 35
projection.cellsize.2 = 35
projection.cellsize_factor = 
valid_segment_count_factor = 1
Valid state sampler named uniform with parameters:
nr_attempts = 100
Planner LBKPIECE1 specs:
Multithreaded:                 No
Reports approximate solutions: No
Can optimize solutions:        No
Aware of the following parameters: border_fraction min_valid_path_fraction range
Declared parameters for planner LBKPIECE1:
border_fraction = 0.90000000000000002
min_valid_path_fraction = 0.5
range = 229.88496394302612
Start states:
Compound state [
RealVectorState [-4.96 -40.62 70.57]
SO3State [0 0 0 1]
]
Goal state, threshold = 2.22045e-16, memory address = 0x1b2e790, state = 
Compound state [
RealVectorState [200.49 -40.62 70.57]
SO3State [0 0 0 1]
]
OptimizationObjective = nullptr
There are 0 solutions

Properties of benchmarked planners:
Planner RT specs:
Multithreaded:                 No
Reports approximate solutions: Yes
Can optimize solutions:        No
Aware of the following parameters: goal_bias range
Planner RRT specs:
Multithreaded:                 No
Reports approximate solutions: Yes
Can optimize solutions:        No
Aware of the following parameters: goal_bias range
Planner KPIECE1 specs:
Multithreaded:                 No
Reports approximate solutions: Yes
Can optimize solutions:        No
Aware of the following parameters: border_fraction failed_expansion_score_factor goal_bias min_valid_path_fraction range
Planner SBL specs:
Multithreaded:                 No
Reports approximate solutions: No
Can optimize solutions:        No
Aware of the following parameters: range
Planner EST specs:
Multithreaded:                 No
Reports approximate solutions: Yes
Can optimize solutions:        No
Aware of the following parameters: goal_bias range
Planner PRM specs:
Multithreaded:                 Yes
Reports approximate solutions: No
Can optimize solutions:        Yes
Aware of the following parameters: max_nearest_neighbors
|>>>
<<<|
Architecture:          x86_64
CPU op-mode(s):        32-bit, 64-bit
Byte Order:            Little Endian
CPU(s):                4
On-line CPU(s) list:   0-3
Thread(s) per core:    1
Core(s) per socket:    4
Socket(s):             1
NUMA node(s):          1
Vendor ID:             GenuineIntel
CPU family:            6
Model:                 61
Model name:            Intel(R) Core(TM) i5-5257U CPU @ 2.70GHz
Stepping:              4
CPU MHz:               2699.998
BogoMIPS:              5399.99
Hypervisor vendor:     KVM
Virtualization type:   full
L1d cache:             32K
L1i cache:             32K
L2 cache:              256K
L3 cache:              3072K
NUMA node0 CPU(s):     0-3
Flags:                 fpu vme de pse tsc msr pae mce cx8 apic sep mtrr pge mca cmov pat pse36 clflush mmx fxsr sse sse2 ht syscall nx rdtscp lm constant_tsc rep_good nopl xtopology nonstop_tsc pni pclmulqdq ssse3 cx16 sse4_1 sse4_2 x2apic movbe popcnt aes xsave avx rdrand hypervisor lahf_lm abm 3dnowprefetch rdseed
|>>>
1647513929 is the random seed
10 seconds per run
10000 MB per run
30 runs per planner
537.21 seconds spent to collect the data
1 enum type
status|Unknown status|Invalid start|Invalid goal|Unrecognized goal type|Timeout|Approximate solution|Exact solution|Crash|Unknown status
6 planners
geometric_RT
8 common properties
goal_bias = 0.050000000000000003
longest_valid_segment_fraction = 0.01
projection.cellsize.0 = 35
projection.cellsize.1 = 35
projection.cellsize.2 = 35
projection.cellsize_factor = 
range = 229.88496394302612
valid_segment_count_factor = 1
22 properties for each run
approximate solution BOOLEAN
correct solution BOOLEAN
correct solution strict BOOLEAN
graph motions INTEGER
graph states INTEGER
memory REAL
simplification time REAL
simplified correct solution BOOLEAN
simplified correct solution strict BOOLEAN
simplified solution clearance REAL
simplified solution length REAL
simplified solution segments INTEGER
simplified solution smoothness REAL
solution clearance REAL
solution difference REAL
solution length REAL
solution segments INTEGER
solution smoothness REAL
solved BOOLEAN
status ENUM
time REAL
valid segment fraction REAL
30 runs
1; 1; 1; 4327; 4328; 19.796875; 0.001786; 1; 1; 24.868714; 59.292673; 1; 0.000000; 19.518875; 154.364672; 447.048967; 6; 0.004846; 0; 5; 10.122907; 0.016617; 
1; 1; 1; 5615; 5616; 20.933594; 0.020887; 1; 1; 24.760662; 1431.547103; 80; 0.047733; 19.326062; 121.528982; 2377.620198; 13; 0.003424; 0; 5; 10.121020; 0.023315; 
1; 1; 1; 5759; 5760; 21.960938; 0.015169; 1; 1; 21.707585; 1321.758608; 56; 0.020604; 21.364751; 139.883243; 1804.821579; 10; 0.001120; 0; 5; 10.024491; 0.025364; 
1; 1; 1; 4961; 4962; 21.960938; 0.041463; 1; 1; 15.520326; 2242.565351; 80; 0.030855; 16.447779; 137.131908; 2872.389157; 15; 0.001859; 0; 5; 10.137015; 0.018905; 
1; 1; 1; 4038; 4039; 21.960938; 0.033683; 1; 1; 17.234841; 1466.056184; 84; 0.087431; 13.319509; 119.640288; 1681.511532; 9; 0.002049; 0; 5; 10.148452; 0.015591; 
1; 1; 1; 4524; 4525; 21.960938; 0.003584; 1; 1; 24.203875; 57.490500; 1; 0.000000; 25.577539; 151.783784; 145.725950; 3; 0.002943; 0; 5; 10.226084; 0.024430; 
1; 1; 1; 3056; 3057; 21.960938; 0.004402; 1; 1; 23.298619; 74.117356; 1; 0.000000; 17.142379; 165.220453; 312.791839; 4; 0.003052; 0; 5; 10.129547; 0.022280; 
1; 1; 1; 1812; 1813; 21.960938; 0.067539; 1; 1; 19.076917; 1423.868442; 72; 0.088677; 21.394258; 117.680994; 2012.050847; 12; 0.001784; 0; 5; 10.217714; 0.020821; 
1; 1; 1; 1840; 1841; 21.960938; 0.004197; 1; 1; 23.919035; 41.123238; 1; 0.000000; 14.707484; 167.799026; 354.545905; 6; 0.007326; 0; 5; 10.065465; 0.024598; 
1; 1; 1; 1545; 1546; 21.960938; 0.003762; 1; 1; 23.179339; 50.081196; 1; 0.000000; 16.483443; 160.284727; 357.383374; 4; 0.003178; 0; 5; 10.071228; 0.021513; 
1; 1; 1; 3557; 3558; 21.960938; 0.026557; 1; 1; 17.281108; 1437.142166; 40; 0.005254; 18.063256; 144.690969; 2978.320235; 17; 0.007338; 0; 5; 10.070656; 0.026320; 
1; 1; 1; 5132; 5133; 21.960938; 0.018417; 1; 1; 21.607758; 1321.989830; 72; 0.212942; 20.433098; 128.728457; 1855.369939; 12; 0.002644; 0; 5; 10.590839; 0.024353; 
1; 1; 1; 5277; 5278; 21.960938; 0.038199; 1; 1; 15.559618; 2014.787383; 112; 0.291345; 19.737025; 118.562644; 4154.705938; 21; 0.003387; 0; 5; 10.062204; 0.024874; 
1; 1; 1; 4785; 4786; 21.960938; 0.043239; 1; 1; 26.405855; 2296.224397; 80; 0.022510; 21.710435; 102.296486; 4418.045844; 21; 0.002490; 0; 5; 10.036417; 0.021261; 
1; 1; 1; 4518; 4519; 21.960938; 0.039254; 1; 1; 20.352950; 2051.477797; 72; 0.039069; 27.321029; 141.376082; 3411.446908; 16; 0.002139; 0; 5; 10.040067; 0.018051; 
1; 1; 1; 5352; 5353; 21.960938; 0.041272; 1; 1; 14.312002; 2044.529171; 56; 0.022756; 15.194989; 128.171913; 3506.582967; 17; 0.002873; 0; 5; 10.122663; 0.028051; 
1; 1; 1; 4976; 4977; 21.960938; 0.016266; 1; 1; 18.409499; 1409.723300; 28; 0.002469; 19.058850; 139.310216; 1942.790107; 12; 0.002117; 0; 5; 10.037603; 0.022725; 
1; 1; 1; 4673; 4674; 21.960938; 0.030696; 1; 1; 22.195707; 2222.429233; 48; 0.017801; 20.003653; 114.482678; 3516.286181; 18; 0.003656; 0; 5; 10.131221; 0.024777; 
1; 1; 1; 5369; 5370; 21.960938; 0.028935; 1; 1; 14.261541; 1475.013008; 56; 0.009946; 16.690700; 127.771178; 3459.783257; 16; 0.004551; 0; 5; 10.311556; 0.026954; 
1; 1; 1; 5199; 5200; 21.960938; 0.020568; 1; 1; 14.642213; 1539.355856; 56; 0.068510; 11.733109; 130.472580; 1739.685187; 10; 0.001801; 0; 5; 10.178965; 0.020682; 
1; 1; 1; 4360; 4361; 21.960938; 0.046329; 1; 1; 24.106753; 2209.235292; 144; 0.167508; 18.016181; 138.848147; 3549.504067; 17; 0.003198; 0; 5; 10.189006; 0.014629; 
1; 1; 1; 5603; 5604; 21.960938; 0.026730; 1; 1; 23.300469; 2120.398195; 52; 0.009755; 20.587470; 108.438027; 4544.460966; 20; 0.001885; 0; 5; 10.044477; 0.023622; 
1; 1; 1; 5014; 5015; 21.960938; 0.024557; 1; 1; 18.236853; 1377.623338; 64; 0.025085; 16.588439; 146.321618; 2895.735692; 16; 0.007083; 0; 5; 10.114106; 0.019048; 
1; 1; 1; 3407; 3408; 21.960938; 0.001203; 1; 1; 25.470843; 63.509774; 1; 0.000000; 17.953787; 155.358720; 371.371853; 5; 0.003425; 0; 5; 10.079268; 0.011460; 
1; 1; 1; 5015; 5016; 21.960938; 0.002023; 1; 1; 26.935093; 54.722112; 1; 0.000000; 13.924535; 160.841681; 233.872941; 3; 0.002155; 0; 5; 10.055795; 0.022247; 
1; 1; 1; 3572; 3573; 21.960938; 0.002146; 1; 1; 23.433091; 75.659527; 1; 0.000000; 23.931757; 144.036715; 282.646109; 2; 0.000369; 0; 5; 10.134649; 0.012072; 
0; 1; 1; 3780; 3781; 21.960938; 0.085070; 1; 1; 22.915742; 2363.048499; 112; 0.064539; 19.729523; -1.000000; 3709.418435; 20; 0.004328; 1; 6; 8.938849; 0.013985; 
1; 1; 1; 5893; 5894; 21.960938; 0.014386; 1; 1; 12.840336; 1413.064053; 28; 0.005030; 18.112672; 156.685187; 2849.778413; 13; 0.003919; 0; 5; 10.342767; 0.027755; 
1; 1; 1; 5387; 5388; 22.218750; 0.045824; 1; 1; 14.958667; 2210.013581; 84; 0.041506; 19.284513; 98.941742; 3774.932790; 22; 0.004111; 0; 5; 10.150964; 0.022371; 
1; 1; 1; 4248; 4249; 22.218750; 0.003390; 1; 1; 22.747785; 70.804602; 1; 0.000000; 18.908825; 145.719397; 351.812179; 5; 0.004894; 0; 5; 10.086507; 0.016807; 
.
geometric_RRT
8 common properties
goal_bias = 0.050000000000000003
longest_valid_segment_fraction = 0.01
projection.cellsize.0 = 35
projection.cellsize.1 = 35
projection.cellsize.2 = 35
projection.cellsize_factor = 
range = 229.88496394302612
valid_segment_count_factor = 1
22 properties for each run
approximate solution BOOLEAN
correct solution BOOLEAN
correct solution strict BOOLEAN
graph motions INTEGER
graph states INTEGER
memory REAL
simplification time REAL
simplified correct solution BOOLEAN
simplified correct solution strict BOOLEAN
simplified solution clearance REAL
simplified solution length REAL
simplified solution segments INTEGER
simplified solution smoothness REAL
solution clearance REAL
solution difference REAL
solution length REAL
solution segments INTEGER
solution smoothness REAL
solved BOOLEAN
status ENUM
time REAL
valid segment fraction REAL
30 runs
0; 1; 1; 283; 284; 22.218750; 0.068224; 1; 1; 23.149253; 2328.392145; 112; 0.069370; 24.376439; -1.000000; 2847.431517; 24; 0.002727; 1; 6; 0.788369; 0.065707; 
0; 1; 1; 314; 315; 22.218750; 0.114987; 1; 1; 17.518235; 2436.606092; 80; 0.053224; 21.241334; -1.000000; 3218.191457; 30; 0.006988; 1; 6; 0.622312; 0.037434; 
0; 1; 1; 246; 247; 22.218750; 0.111818; 1; 1; 17.852017; 2436.731848; 84; 0.027549; 21.407119; -1.000000; 3158.228084; 28; 0.005598; 1; 6; 0.503630; 0.042857; 
0; 1; 1; 165; 166; 22.218750; 0.068821; 1; 1; 18.485603; 2352.816774; 68; 0.025701; 19.762085; -1.000000; 2726.799226; 24; 0.004157; 1; 6; 0.223022; 0.055202; 
0; 1; 1; 389; 390; 22.218750; 0.055516; 1; 1; 21.772894; 2435.130346; 60; 0.017797; 20.031133; -1.000000; 3352.353973; 31; 0.016585; 1; 6; 0.786964; 0.032003; 
0; 1; 1; 423; 424; 22.218750; 0.092071; 1; 1; 20.798170; 2649.685288; 72; 0.024143; 20.811495; -1.000000; 3394.577226; 36; 0.027393; 1; 6; 0.787958; 0.043572; 
0; 1; 1; 94; 95; 22.218750; 0.060634; 1; 1; 18.116501; 2406.136432; 64; 0.016057; 18.628453; -1.000000; 3066.136674; 25; 0.005124; 1; 6; 0.181751; 0.023331; 
0; 1; 1; 282; 283; 22.218750; 0.071572; 1; 1; 16.405672; 2211.160056; 64; 0.026581; 23.120412; -1.000000; 2999.026407; 24; 0.010896; 1; 6; 0.351616; 0.093223; 
0; 1; 1; 420; 421; 22.218750; 0.100414; 1; 1; 19.527253; 2452.551136; 92; 0.072111; 22.958087; -1.000000; 3257.937110; 30; 0.017458; 1; 6; 0.875791; 0.035050; 
0; 1; 1; 165; 166; 22.218750; 0.079700; 1; 1; 19.958881; 2382.231231; 68; 0.033040; 18.091513; -1.000000; 3425.038745; 32; 0.021393; 1; 6; 0.562368; 0.021877; 
0; 1; 1; 226; 227; 22.218750; 0.058092; 1; 1; 14.750157; 2243.368022; 80; 0.042458; 14.887560; -1.000000; 2888.015015; 24; 0.003251; 1; 6; 0.430792; 0.030673; 
0; 1; 1; 202; 203; 22.218750; 0.049271; 1; 1; 18.821057; 2290.806010; 112; 0.072220; 25.185066; -1.000000; 2921.603192; 25; 0.005172; 1; 6; 0.342985; 0.050149; 
0; 1; 1; 235; 236; 22.218750; 0.056321; 1; 1; 21.878472; 2231.635498; 84; 0.054232; 23.138446; -1.000000; 2940.256581; 26; 0.004038; 1; 6; 0.229911; 0.064366; 
0; 1; 1; 165; 166; 22.218750; 0.064300; 1; 1; 17.684393; 2459.132922; 88; 0.055593; 22.734829; -1.000000; 3031.468186; 23; 0.003525; 1; 6; 0.219014; 0.052348; 
0; 1; 1; 219; 220; 22.218750; 0.138253; 1; 1; 14.067467; 2261.982677; 84; 0.038178; 23.068593; -1.000000; 2859.866481; 24; 0.004890; 1; 6; 0.218987; 0.080161; 
0; 1; 1; 156; 157; 22.218750; 0.046852; 1; 1; 14.889431; 2285.242922; 88; 0.087375; 21.788953; -1.000000; 3094.119107; 26; 0.006189; 1; 6; 0.158500; 0.063492; 
0; 1; 1; 237; 238; 22.218750; 0.059535; 1; 1; 18.824962; 2355.310049; 84; 0.041695; 18.301913; -1.000000; 2987.577215; 29; 0.008605; 1; 6; 0.381462; 0.024012; 
0; 1; 1; 188; 189; 22.218750; 0.050254; 1; 1; 17.717212; 2366.821110; 112; 0.072552; 19.313003; -1.000000; 2864.826162; 26; 0.012201; 1; 6; 0.221371; 0.041346; 
0; 1; 1; 100; 101; 22.218750; 0.061395; 1; 1; 13.346811; 2167.289215; 80; 0.038472; 22.738404; -1.000000; 2634.117496; 20; 0.002043; 1; 6; 0.117837; 0.046189; 
0; 1; 1; 287; 288; 22.218750; 0.071112; 1; 1; 18.831904; 2579.748577; 144; 0.191526; 17.702950; -1.000000; 3524.003883; 36; 0.009340; 1; 6; 0.340523; 0.042664; 
0; 1; 1; 175; 176; 22.218750; 0.027500; 1; 1; 21.333432; 2303.634974; 56; 0.019557; 22.016347; -1.000000; 2854.717504; 23; 0.007800; 1; 6; 0.194654; 0.044405; 
0; 1; 1; 246; 247; 22.218750; 0.046543; 1; 1; 22.710294; 2275.748730; 104; 0.045883; 19.430609; -1.000000; 3037.058960; 25; 0.004826; 1; 6; 0.275680; 0.046363; 
0; 1; 1; 193; 194; 22.218750; 0.055455; 1; 1; 17.880395; 2294.279345; 72; 0.019152; 20.590572; -1.000000; 2936.072173; 24; 0.005135; 1; 6; 0.213578; 0.046856; 
0; 1; 1; 323; 324; 22.218750; 0.062668; 1; 1; 22.661764; 2641.278168; 96; 0.036639; 21.943009; -1.000000; 3476.495944; 35; 0.014089; 1; 6; 0.409761; 0.034292; 
0; 1; 1; 196; 197; 22.218750; 0.044607; 1; 1; 18.702992; 2345.322007; 128; 0.162500; 20.343541; -1.000000; 3027.821672; 28; 0.009129; 1; 6; 0.224565; 0.045773; 
0; 1; 1; 192; 193; 22.218750; 0.059922; 1; 1; 19.663006; 2320.458206; 80; 0.049881; 23.560880; -1.000000; 3130.107284; 25; 0.004210; 1; 6; 0.176615; 0.076010; 
0; 1; 1; 412; 413; 22.218750; 0.069609; 1; 1; 14.278479; 2375.363011; 92; 0.063802; 16.530332; -1.000000; 3190.463095; 39; 0.019467; 1; 6; 0.502460; 0.042624; 
0; 1; 1; 254; 255; 22.218750; 0.095907; 1; 1; 18.440618; 2376.763161; 96; 0.074063; 21.476385; -1.000000; 3140.299078; 31; 0.010670; 1; 6; 0.440923; 0.025958; 
0; 1; 1; 175; 176; 22.218750; 0.070584; 1; 1; 16.174345; 2173.648618; 104; 0.072582; 20.269707; -1.000000; 2960.368465; 24; 0.004178; 1; 6; 0.288294; 0.037361; 
0; 1; 1; 212; 213; 22.218750; 0.065698; 1; 1; 16.732600; 2180.798267; 92; 0.050929; 22.735757; -1.000000; 3215.660223; 29; 0.005905; 1; 6; 0.266968; 0.044896; 
.
geometric_KPIECE1
11 common properties
border_fraction = 0.90000000000000002
failed_expansion_score_factor = 0.5
goal_bias = 0.050000000000000003
longest_valid_segment_fraction = 0.01
min_valid_path_fraction = 0.20000000000000001
projection.cellsize.0 = 35
projection.cellsize.1 = 35
projection.cellsize.2 = 35
projection.cellsize_factor = 
range = 229.88496394302612
valid_segment_count_factor = 1
22 properties for each run
approximate solution BOOLEAN
correct solution BOOLEAN
correct solution strict BOOLEAN
graph motions INTEGER
graph states INTEGER
memory REAL
simplification time REAL
simplified correct solution BOOLEAN
simplified correct solution strict BOOLEAN
simplified solution clearance REAL
simplified solution length REAL
simplified solution segments INTEGER
simplified solution smoothness REAL
solution clearance REAL
solution difference REAL
solution length REAL
solution segments INTEGER
solution smoothness REAL
solved BOOLEAN
status ENUM
time REAL
valid segment fraction REAL
30 runs
0; 1; 1; 1170; 1171; 22.218750; 0.087137; 1; 1; 14.372258; 2407.768637; 88; 0.059115; 14.653820; -1.000000; 7374.740005; 91; 0.063215; 1; 6; 0.660964; 0.157791; 
0; 1; 1; 1288; 1289; 22.218750; 0.102682; 1; 1; 18.848553; 2380.775976; 100; 0.118336; 12.431108; -1.000000; 7382.973780; 101; 0.104216; 1; 6; 1.018391; 0.129179; 
0; 1; 1; 1184; 1185; 22.218750; 0.094327; 1; 1; 16.590314; 2460.196846; 96; 0.078227; 11.336829; -1.000000; 6590.386265; 86; 0.073235; 1; 6; 0.734243; 0.118216; 
0; 1; 1; 940; 941; 22.218750; 0.094858; 1; 1; 17.150252; 2412.198641; 68; 0.053044; 13.522789; -1.000000; 8203.953542; 101; 0.100026; 1; 6; 0.510661; 0.147947; 
0; 1; 1; 1135; 1136; 22.218750; 0.097250; 1; 1; 18.995566; 2447.936019; 144; 0.179120; 14.358859; -1.000000; 8000.377081; 106; 0.081716; 1; 6; 0.683002; 0.151232; 
0; 1; 1; 974; 975; 22.218750; 0.126143; 1; 1; 17.890022; 2244.430150; 92; 0.064611; 17.292910; -1.000000; 5511.551944; 74; 0.058986; 1; 6; 0.732197; 0.143402; 
0; 1; 1; 887; 888; 22.218750; 0.085738; 1; 1; 16.663455; 2369.658640; 96; 0.088409; 12.463280; -1.000000; 7629.098827; 101; 0.102893; 1; 6; 0.518006; 0.176699; 
0; 1; 1; 648; 649; 22.218750; 0.132435; 1; 1; 16.316439; 2266.568459; 100; 0.070226; 12.316871; -1.000000; 6974.889755; 96; 0.101258; 1; 6; 0.550929; 0.127820; 
0; 1; 1; 896; 897; 22.218750; 0.081467; 1; 1; 16.653825; 2887.955826; 72; 0.068229; 15.918328; -1.000000; 7153.429748; 90; 0.056186; 1; 6; 0.736225; 0.116212; 
0; 1; 1; 903; 904; 22.218750; 0.083720; 1; 1; 19.380278; 2269.280696; 100; 0.036364; 13.608297; -1.000000; 6450.303008; 91; 0.103414; 1; 6; 0.670368; 0.168323; 
0; 1; 1; 946; 947; 22.218750; 0.083539; 1; 1; 16.179704; 2267.853609; 92; 0.033721; 13.756976; -1.000000; 6911.454314; 88; 0.072022; 1; 6; 0.577849; 0.173318; 
0; 1; 1; 1687; 1688; 22.218750; 0.075679; 1; 1; 17.281442; 2240.171986; 92; 0.060978; 14.420453; -1.000000; 6723.065393; 80; 0.054226; 1; 6; 0.934078; 0.207455; 
0; 1; 1; 947; 948; 22.218750; 0.079486; 1; 1; 18.862657; 2409.097291; 168; 0.150526; 12.953398; -1.000000; 6476.576357; 84; 0.073124; 1; 6; 0.500197; 0.135334; 
0; 1; 1; 1088; 1089; 22.218750; 0.072917; 1; 1; 16.127125; 2341.705373; 104; 0.048649; 15.413597; -1.000000; 6005.464015; 78; 0.072710; 1; 6; 0.606128; 0.146617; 
0; 1; 1; 794; 795; 22.218750; 0.068728; 1; 1; 14.854676; 2591.144556; 72; 0.050824; 14.335984; -1.000000; 5851.532805; 75; 0.051582; 1; 6; 0.483778; 0.121250; 
0; 1; 1; 1340; 1341; 22.218750; 0.102363; 1; 1; 15.702115; 2276.895889; 96; 0.095637; 14.164443; -1.000000; 8562.538411; 117; 0.126643; 1; 6; 0.735294; 0.140580; 
0; 1; 1; 1130; 1131; 22.218750; 0.057430; 1; 1; 22.041319; 2307.656322; 80; 0.048397; 17.402342; -1.000000; 5534.677298; 60; 0.031157; 1; 6; 0.636907; 0.133364; 
0; 1; 1; 959; 960; 22.218750; 0.074682; 1; 1; 14.061455; 2276.315605; 84; 0.037641; 13.949707; -1.000000; 5968.239599; 78; 0.086687; 1; 6; 0.557893; 0.140940; 
0; 1; 1; 1020; 1021; 22.218750; 0.080833; 1; 1; 19.592713; 2656.727178; 84; 0.044806; 10.309215; -1.000000; 6013.586310; 76; 0.058812; 1; 6; 0.614935; 0.134925; 
0; 1; 1; 765; 766; 22.218750; 0.087993; 1; 1; 19.423428; 2379.748893; 80; 0.052170; 12.918839; -1.000000; 6250.041542; 78; 0.056291; 1; 6; 0.477448; 0.147564; 
0; 1; 1; 920; 921; 22.218750; 0.061034; 1; 1; 18.696857; 2500.874076; 60; 0.041764; 12.629737; -1.000000; 8708.967534; 110; 0.084537; 1; 6; 0.535724; 0.152348; 
0; 1; 1; 740; 741; 22.218750; 0.064853; 1; 1; 16.570411; 2310.419684; 40; 0.016263; 12.305112; -1.000000; 6732.350224; 84; 0.075855; 1; 6; 0.465523; 0.147281; 
0; 1; 1; 801; 802; 22.218750; 0.080334; 1; 1; 19.993076; 2374.586072; 84; 0.081976; 13.296834; -1.000000; 6951.650785; 86; 0.080581; 1; 6; 0.463352; 0.130580; 
0; 1; 1; 912; 913; 22.218750; 0.127177; 1; 1; 19.370318; 2316.560688; 104; 0.066116; 16.171206; -1.000000; 5333.542215; 62; 0.045245; 1; 6; 0.723991; 0.157993; 
0; 1; 1; 1324; 1325; 22.218750; 0.076077; 1; 1; 21.057394; 2242.660427; 76; 0.036756; 14.709257; -1.000000; 6803.124410; 85; 0.062489; 1; 6; 0.801210; 0.131013; 
0; 1; 1; 1024; 1025; 22.218750; 0.073358; 1; 1; 18.177778; 2396.497063; 120; 0.099461; 14.228375; -1.000000; 6687.694102; 88; 0.070424; 1; 6; 0.657065; 0.163477; 
0; 1; 1; 1596; 1597; 22.218750; 0.083987; 1; 1; 18.828990; 2394.935502; 92; 0.066437; 12.190325; -1.000000; 7187.563822; 95; 0.089359; 1; 6; 1.081133; 0.168907; 
0; 1; 1; 908; 909; 22.218750; 0.077249; 1; 1; 17.944486; 2416.222652; 112; 0.079734; 17.033328; -1.000000; 6739.250322; 85; 0.060352; 1; 6; 0.755150; 0.133152; 
0; 1; 1; 1189; 1190; 22.218750; 0.080061; 1; 1; 17.128811; 2255.073917; 176; 0.098639; 15.244244; -1.000000; 6366.647745; 83; 0.081402; 1; 6; 0.680885; 0.131133; 
0; 1; 1; 889; 890; 22.218750; 0.095043; 1; 1; 19.734971; 2304.018515; 120; 0.116646; 14.029767; -1.000000; 5752.894438; 71; 0.061747; 1; 6; 0.561693; 0.154275; 
.
geometric_SBL
7 common properties
longest_valid_segment_fraction = 0.01
projection.cellsize.0 = 35
projection.cellsize.1 = 35
projection.cellsize.2 = 35
projection.cellsize_factor = 
range = 229.88496394302612
valid_segment_count_factor = 1
22 properties for each run
approximate solution BOOLEAN
correct solution BOOLEAN
correct solution strict BOOLEAN
graph motions INTEGER
graph states INTEGER
memory REAL
simplification time REAL
simplified correct solution BOOLEAN
simplified correct solution strict BOOLEAN
simplified solution clearance REAL
simplified solution length REAL
simplified solution segments INTEGER
simplified solution smoothness REAL
solution clearance REAL
solution difference REAL
solution length REAL
solution segments INTEGER
solution smoothness REAL
solved BOOLEAN
status ENUM
time REAL
valid segment fraction REAL
30 runs
0; 1; 1; 9379; 9380; 23.289062; 0.065956; 1; 1; 19.298726; 2295.624520; 76; 0.073607; 17.548796; -1.000000; 4342.436714; 46; 0.023786; 1; 6; 1.651825; 0.409278; 
0; 1; 1; 7069; 7070; 23.992188; 0.068105; 1; 1; 16.369951; 2156.939112; 88; 0.047345; 24.650333; -1.000000; 4273.486769; 45; 0.021622; 1; 6; 1.165881; 0.492816; 
0; 1; 1; 6964; 6965; 25.019531; 0.070653; 1; 1; 20.858058; 2247.010134; 88; 0.051673; 22.325503; -1.000000; 3638.627773; 41; 0.018107; 1; 6; 1.920391; 0.404822; 
0; 1; 1; 9000; 9001; 25.019531; 0.144140; 1; 1; 14.590657; 2423.772468; 84; 0.037256; 20.213673; -1.000000; 4140.698253; 48; 0.027092; 1; 6; 1.654846; 0.409449; 
0; 1; 1; 8492; 8493; 24.527344; 0.073343; 1; 1; 20.733890; 2284.800511; 136; 0.148882; 22.837348; -1.000000; 3467.232815; 38; 0.013488; 1; 6; 1.809747; 0.471084; 
0; 1; 1; 7627; 7628; 24.527344; 0.054324; 1; 1; 15.953408; 2401.429411; 88; 0.053076; 19.762188; -1.000000; 4247.320099; 46; 0.023334; 1; 6; 1.136563; 0.452477; 
0; 1; 1; 11222; 11223; 25.296875; 0.076551; 1; 1; 16.347476; 2296.439319; 88; 0.048318; 18.693924; -1.000000; 4207.439317; 47; 0.019304; 1; 6; 2.185883; 0.360644; 
0; 1; 1; 23086; 23087; 26.894531; 0.059081; 1; 1; 21.985609; 2372.266920; 84; 0.094524; 19.962636; -1.000000; 4890.944985; 56; 0.033226; 1; 6; 4.605791; 0.298842; 
0; 1; 1; 12207; 12208; 27.375000; 0.050430; 1; 1; 20.816901; 2279.517606; 80; 0.033820; 18.691815; -1.000000; 3665.272572; 40; 0.014725; 1; 6; 2.365091; 0.371766; 
0; 1; 1; 7977; 7978; 27.886719; 0.061304; 1; 1; 16.997504; 2342.050901; 80; 0.030824; 18.927989; -1.000000; 3477.005567; 38; 0.016214; 1; 6; 1.228540; 0.421488; 
0; 1; 1; 5718; 5719; 27.886719; 0.068183; 1; 1; 19.920905; 2301.547706; 92; 0.073292; 20.186326; -1.000000; 3912.660168; 42; 0.019559; 1; 6; 0.984637; 0.466777; 
0; 1; 1; 9786; 9787; 27.886719; 0.066135; 1; 1; 15.667062; 2155.869861; 96; 0.052524; 18.249060; -1.000000; 4963.516722; 54; 0.036486; 1; 6; 1.675404; 0.433333; 
0; 1; 1; 7292; 7293; 27.886719; 0.056971; 1; 1; 21.034723; 2367.175970; 96; 0.031079; 21.344972; -1.000000; 3584.072535; 43; 0.025377; 1; 6; 1.351800; 0.407235; 
0; 1; 1; 9626; 9627; 27.886719; 0.067487; 1; 1; 18.054690; 2133.231624; 96; 0.113314; 20.827151; -1.000000; 4667.945131; 51; 0.042382; 1; 6; 1.757748; 0.406200; 
0; 1; 1; 13477; 13478; 27.886719; 0.083529; 1; 1; 17.221522; 2301.531528; 96; 0.046634; 20.398733; -1.000000; 5000.553475; 54; 0.023648; 1; 6; 2.081447; 0.385159; 
0; 1; 1; 9785; 9786; 28.660156; 0.070362; 1; 1; 18.309344; 2348.296461; 96; 0.063241; 20.678496; -1.000000; 3857.314415; 42; 0.019972; 1; 6; 1.957762; 0.428441; 
0; 1; 1; 10979; 10980; 28.660156; 0.053814; 1; 1; 24.410001; 2456.917789; 60; 0.018195; 17.871265; -1.000000; 4082.172706; 44; 0.026536; 1; 6; 2.263577; 0.353791; 
0; 1; 1; 11024; 11025; 28.660156; 0.060009; 1; 1; 17.483851; 2180.736769; 92; 0.049963; 22.304767; -1.000000; 3496.676865; 42; 0.025534; 1; 6; 1.965346; 0.408418; 
0; 1; 1; 6049; 6050; 28.660156; 0.064402; 1; 1; 15.726532; 2249.227452; 84; 0.049637; 25.079456; -1.000000; 3833.483513; 43; 0.022675; 1; 6; 0.911196; 0.508032; 
0; 1; 1; 6633; 6634; 28.660156; 0.050390; 1; 1; 24.545908; 2544.470579; 60; 0.017156; 21.205234; -1.000000; 4240.607104; 49; 0.022832; 1; 6; 1.249048; 0.463557; 
0; 1; 1; 13114; 13115; 28.660156; 0.078362; 1; 1; 19.443039; 2385.422320; 104; 0.055290; 22.628631; -1.000000; 4432.611567; 52; 0.034209; 1; 6; 2.439843; 0.352981; 
0; 1; 1; 9351; 9352; 28.660156; 0.063618; 1; 1; 17.814319; 2234.032941; 92; 0.063016; 19.705485; -1.000000; 4347.533798; 47; 0.029610; 1; 6; 1.601359; 0.373554; 
0; 1; 1; 10849; 10850; 28.660156; 0.082593; 1; 1; 18.932781; 2329.184359; 116; 0.044488; 21.995845; -1.000000; 4319.838700; 50; 0.022441; 1; 6; 1.753340; 0.401003; 
0; 1; 1; 7878; 7879; 28.660156; 0.074732; 1; 1; 17.972306; 2295.575157; 100; 0.079751; 19.840829; -1.000000; 4054.120635; 48; 0.030918; 1; 6; 1.585924; 0.417978; 
0; 1; 1; 6952; 6953; 28.660156; 0.077147; 1; 1; 16.144753; 2284.196394; 100; 0.067664; 18.699040; -1.000000; 4555.798742; 51; 0.022813; 1; 6; 1.326169; 0.487775; 
0; 1; 1; 8429; 8430; 28.660156; 0.077002; 1; 1; 17.821554; 2118.204990; 92; 0.043607; 18.754144; -1.000000; 3604.296207; 39; 0.013484; 1; 6; 1.312959; 0.400901; 
0; 1; 1; 14396; 14397; 28.660156; 0.069511; 1; 1; 22.096978; 2318.291049; 100; 0.049638; 22.057426; -1.000000; 3973.119095; 44; 0.018913; 1; 6; 2.182685; 0.435208; 
0; 1; 1; 9088; 9089; 29.433594; 0.069974; 1; 1; 19.355617; 2301.226164; 176; 0.245090; 22.928649; -1.000000; 3808.283475; 45; 0.022626; 1; 6; 1.109110; 0.512295; 
0; 1; 1; 13264; 13265; 29.433594; 0.057227; 1; 1; 20.788858; 2411.227515; 60; 0.016659; 21.005878; -1.000000; 3910.914057; 45; 0.026869; 1; 6; 2.424383; 0.396657; 
0; 1; 1; 13403; 13404; 29.433594; 0.072412; 1; 1; 16.475683; 2345.693762; 96; 0.069020; 20.577802; -1.000000; 4247.946976; 51; 0.026718; 1; 6; 2.683226; 0.344201; 
.
geometric_EST
8 common properties
goal_bias = 0.050000000000000003
longest_valid_segment_fraction = 0.01
projection.cellsize.0 = 35
projection.cellsize.1 = 35
projection.cellsize.2 = 35
projection.cellsize_factor = 
range = 229.88496394302612
valid_segment_count_factor = 1
22 properties for each run
approximate solution BOOLEAN
correct solution BOOLEAN
correct solution strict BOOLEAN
graph motions INTEGER
graph states INTEGER
memory REAL
simplification time REAL
simplified correct solution BOOLEAN
simplified correct solution strict BOOLEAN
simplified solution clearance REAL
simplified solution length REAL
simplified solution segments INTEGER
simplified solution smoothness REAL
solution clearance REAL
solution difference REAL
solution length REAL
solution segments INTEGER
solution smoothness REAL
solved BOOLEAN
status ENUM
time REAL
valid segment fraction REAL
30 runs
0; 1; 1; 353; 354; 29.433594; 0.085507; 1; 1; 15.628399; 2228.764724; 100; 0.078931; 19.064902; -1.000000; 3606.560386; 43; 0.026602; 1; 6; 0.451119; 0.262844; 
0; 1; 1; 401; 402; 29.433594; 0.070720; 1; 1; 18.102608; 2199.612630; 168; 0.216154; 22.050303; -1.000000; 3273.519080; 34; 0.015151; 1; 6; 0.623489; 0.281206; 
0; 1; 1; 367; 368; 29.433594; 0.078884; 1; 1; 19.310305; 2263.014321; 58; 0.018934; 20.668749; -1.000000; 3758.585399; 37; 0.009723; 1; 6; 0.527844; 0.307370; 
0; 1; 1; 299; 300; 29.433594; 0.073116; 1; 1; 15.997059; 2059.514490; 80; 0.027391; 20.814055; -1.000000; 3327.815599; 37; 0.011435; 1; 6; 0.608891; 0.350528; 
0; 1; 1; 530; 531; 29.433594; 0.069977; 1; 1; 19.661816; 2270.020190; 160; 0.190687; 22.514480; -1.000000; 3068.529486; 32; 0.007184; 1; 6; 0.852201; 0.271516; 
0; 1; 1; 374; 375; 29.433594; 0.081688; 1; 1; 16.531671; 2274.390742; 108; 0.070059; 22.655802; -1.000000; 3979.655605; 40; 0.013493; 1; 6; 0.573410; 0.255814; 
0; 1; 1; 349; 350; 29.433594; 0.069981; 1; 1; 18.353007; 2414.526783; 100; 0.067667; 25.285282; -1.000000; 3767.671449; 41; 0.020313; 1; 6; 0.463829; 0.314414; 
0; 1; 1; 361; 362; 29.433594; 0.073966; 1; 1; 19.114836; 2410.328397; 116; 0.118929; 19.002920; -1.000000; 3335.091559; 34; 0.009906; 1; 6; 0.478732; 0.274316; 
0; 1; 1; 307; 308; 29.433594; 0.068607; 1; 1; 17.193249; 2174.580120; 84; 0.049013; 19.439705; -1.000000; 3593.583633; 37; 0.010009; 1; 6; 0.373196; 0.326944; 
0; 1; 1; 365; 366; 29.433594; 0.067428; 1; 1; 15.289075; 2244.711480; 152; 0.163659; 19.843640; -1.000000; 4107.507157; 43; 0.015351; 1; 6; 0.590846; 0.301902; 
0; 1; 1; 460; 461; 29.433594; 0.068235; 1; 1; 18.075536; 2197.424741; 96; 0.054945; 20.365109; -1.000000; 3624.785750; 40; 0.015848; 1; 6; 0.687538; 0.303230; 
0; 1; 1; 307; 308; 29.433594; 0.067353; 1; 1; 20.039471; 2276.782176; 64; 0.016061; 18.675901; -1.000000; 3607.758323; 40; 0.015156; 1; 6; 0.482858; 0.302761; 
0; 1; 1; 408; 409; 29.433594; 0.073714; 1; 1; 19.434760; 2382.326521; 100; 0.040134; 19.406184; -1.000000; 3818.933880; 40; 0.014979; 1; 6; 0.630720; 0.296081; 
0; 1; 1; 336; 337; 29.433594; 0.077766; 1; 1; 15.274969; 2322.362418; 104; 0.142245; 20.234807; -1.000000; 4331.164593; 43; 0.010587; 1; 6; 0.456239; 0.301075; 
0; 1; 1; 478; 479; 29.433594; 0.066023; 1; 1; 14.100151; 2448.495634; 108; 0.077348; 20.665452; -1.000000; 3490.282808; 35; 0.009035; 1; 6; 0.676598; 0.253715; 
0; 1; 1; 424; 425; 29.433594; 0.064023; 1; 1; 17.148450; 2247.879213; 72; 0.038785; 21.060297; -1.000000; 3721.938366; 38; 0.011756; 1; 6; 0.569707; 0.286100; 
0; 1; 1; 451; 452; 29.433594; 0.086056; 1; 1; 21.122036; 2465.874567; 96; 0.035042; 23.342405; -1.000000; 4158.307659; 42; 0.012955; 1; 6; 0.731244; 0.234407; 
0; 1; 1; 326; 327; 29.433594; 0.052541; 1; 1; 22.310135; 2441.733706; 64; 0.024742; 25.899136; -1.000000; 3882.276766; 37; 0.008510; 1; 6; 0.415111; 0.303821; 
0; 1; 1; 421; 422; 29.433594; 0.053959; 1; 1; 21.463645; 2352.044299; 72; 0.035426; 22.536269; -1.000000; 4229.099530; 47; 0.018055; 1; 6; 0.623306; 0.283120; 
0; 1; 1; 334; 335; 29.433594; 0.065649; 1; 1; 18.573739; 2344.876009; 100; 0.095192; 22.426427; -1.000000; 3909.082093; 41; 0.015737; 1; 6; 0.428144; 0.277870; 
0; 1; 1; 410; 411; 29.433594; 0.060243; 1; 1; 18.566100; 2283.499192; 100; 0.053019; 22.745285; -1.000000; 3324.081149; 35; 0.007635; 1; 6; 0.538251; 0.282175; 
0; 1; 1; 389; 390; 29.433594; 0.093719; 1; 1; 16.739452; 2132.920192; 168; 0.239129; 23.676096; -1.000000; 3234.244630; 35; 0.009042; 1; 6; 0.551252; 0.251943; 
0; 1; 1; 322; 323; 29.433594; 0.048937; 1; 1; 15.642073; 2368.059222; 44; 0.014075; 19.562275; -1.000000; 2930.461506; 30; 0.005915; 1; 6; 0.484433; 0.309318; 
0; 1; 1; 356; 357; 29.433594; 0.100110; 1; 1; 21.672139; 2265.035804; 80; 0.037404; 18.060332; -1.000000; 3558.648198; 39; 0.011635; 1; 6; 0.501412; 0.294702; 
0; 1; 1; 362; 363; 29.433594; 0.065279; 1; 1; 18.773931; 2245.144767; 88; 0.035906; 18.233092; -1.000000; 3609.495553; 35; 0.008874; 1; 6; 0.556134; 0.282592; 
0; 1; 1; 346; 347; 29.433594; 0.057761; 1; 1; 18.785695; 2344.205756; 96; 0.059230; 18.212632; -1.000000; 3634.111920; 36; 0.011419; 1; 6; 0.511064; 0.289540; 
0; 1; 1; 381; 382; 29.433594; 0.096461; 1; 1; 20.096822; 2385.717536; 108; 0.178459; 19.992493; -1.000000; 4249.720823; 49; 0.026233; 1; 6; 0.575755; 0.248208; 
0; 1; 1; 370; 371; 29.433594; 0.060200; 1; 1; 18.439476; 2484.626724; 80; 0.039205; 21.914093; -1.000000; 3783.369250; 39; 0.013499; 1; 6; 0.495459; 0.313029; 
0; 1; 1; 343; 344; 29.433594; 0.047776; 1; 1; 18.615449; 2363.565440; 42; 0.010178; 22.548972; -1.000000; 3528.024037; 36; 0.008344; 1; 6; 0.398605; 0.341633; 
0; 1; 1; 349; 350; 29.433594; 0.092893; 1; 1; 14.796380; 2202.029828; 76; 0.047482; 20.216945; -1.000000; 3356.185256; 34; 0.013063; 1; 6; 0.576525; 0.308304; 
.
geometric_PRM
7 common properties
longest_valid_segment_fraction = 0.01
max_nearest_neighbors = 
projection.cellsize.0 = 35
projection.cellsize.1 = 35
projection.cellsize.2 = 35
projection.cellsize_factor = 
valid_segment_count_factor = 1
26 properties for each run
approximate solution BOOLEAN
best cost REAL
correct solution BOOLEAN
correct solution strict BOOLEAN
edge count INTEGER
graph motions INTEGER
graph states INTEGER
iterations INTEGER
memory REAL
milestone count INTEGER
simplification time REAL
simplified correct solution BOOLEAN
simplified correct solution strict BOOLEAN
simplified solution clearance REAL
simplified solution length REAL
simplified solution segments INTEGER
simplified solution smoothness REAL
solution clearance REAL
solution difference REAL
solution length REAL
solution segments INTEGER
solution smoothness REAL
solved BOOLEAN
status ENUM
time REAL
valid segment fraction REAL
30 runs
0; 2457.366095; 1; 1; 5087; 10174; 981; 659; 29.812500; 982; 0.078128; 1; 1; 15.641060; 2078.431133; 144; 0.132020; 17.086334; -1.000000; 2457.366095; 25; 0.005057; 1; 6; 2.472038; 0.636610; 
0; 2512.001365; 1; 1; 9916; 19832; 1786; 1207; 29.910156; 1786; 0.083167; 1; 1; 15.141785; 2233.184256; 104; 0.096859; 15.097879; -1.000000; 2512.001365; 33; 0.028178; 1; 6; 4.715792; 0.686298; 
0; 2410.607746; 1; 1; 5871; 11742; 1134; 719; 29.910156; 1135; 0.075826; 1; 1; 13.027972; 2206.736279; 168; 0.242780; 18.768497; -1.000000; 2410.607746; 26; 0.003706; 1; 6; 1.906359; 0.670347; 
0; 2347.765951; 1; 1; 6211; 12422; 1182; 775; 29.910156; 1182; 0.123930; 1; 1; 14.605769; 2029.855261; 96; 0.062105; 17.762840; -1.000000; 2347.765951; 32; 0.123183; 1; 6; 3.389420; 0.659425; 
0; 2404.117435; 1; 1; 5555; 11110; 1103; 713; 29.914062; 1103; 0.058860; 1; 1; 13.756563; 2179.613769; 62; 0.026655; 12.999918; -1.000000; 2404.117435; 28; 0.006499; 1; 6; 3.006684; 0.632274; 
0; 2353.812270; 1; 1; 12329; 24658; 2355; 1501; 29.984375; 2358; 0.084641; 1; 1; 13.425450; 2071.562761; 104; 0.084659; 15.232658; -1.000000; 2353.812270; 30; 0.014614; 1; 6; 6.820682; 0.667118; 
0; 2244.700931; 1; 1; 21025; 42050; 3953; 2560; 31.667969; 3955; 0.093882; 1; 1; 10.688963; 2121.988853; 92; 0.130963; 15.101497; -1.000000; 2244.700931; 39; 0.013598; 1; 6; 9.226062; 0.667919; 
0; 2659.379372; 1; 1; 4478; 8956; 767; 568; 35.792969; 770; 0.077471; 1; 1; 19.995361; 2250.167257; 108; 0.068295; 18.235080; -1.000000; 2659.379372; 27; 0.029515; 1; 6; 1.649167; 0.684466; 
0; 2304.760789; 1; 1; 17409; 34818; 3153; 2123; 35.796875; 3157; 0.070461; 1; 1; 16.187810; 2106.204931; 92; 0.059376; 19.456611; -1.000000; 2304.760789; 30; 0.007539; 1; 6; 6.994694; 0.677848; 
0; 2599.856290; 1; 1; 4530; 9060; 883; 583; 35.796875; 883; 0.093959; 1; 1; 10.925620; 2195.685530; 116; 0.117839; 9.321244; -1.000000; 2599.856290; 37; 0.033196; 1; 6; 1.745169; 0.645714; 
0; 2378.073195; 1; 1; 7326; 14652; 1487; 924; 35.796875; 1488; 0.052171; 1; 1; 17.567841; 2126.858548; 56; 0.019496; 17.261761; -1.000000; 2378.073195; 24; 0.004523; 1; 6; 2.991776; 0.636122; 
0; 2408.138303; 1; 1; 4579; 9158; 878; 591; 35.796875; 879; 0.087372; 1; 1; 14.051679; 2175.699182; 120; 0.110883; 13.331025; -1.000000; 2408.138303; 32; 0.007851; 1; 6; 1.731344; 0.647328; 
0; 2659.349579; 1; 1; 1944; 3888; 388; 270; 35.796875; 388; 0.063638; 1; 1; 13.284671; 2297.214186; 104; 0.057916; 16.832602; -1.000000; 2659.349579; 23; 0.003924; 1; 6; 0.718202; 0.628028; 
0; 2278.735945; 1; 1; 6679; 13358; 1261; 850; 35.796875; 1261; 0.074151; 1; 1; 15.930498; 2075.734156; 100; 0.062130; 18.237698; -1.000000; 2278.735945; 28; 0.003889; 1; 6; 2.540645; 0.655885; 
0; 2475.445581; 1; 1; 4383; 8766; 816; 571; 35.796875; 816; 0.043531; 1; 1; 22.041977; 2283.853015; 68; 0.023794; 17.567910; -1.000000; 2475.445581; 23; 0.004771; 1; 6; 1.736684; 0.653526; 
0; 2438.913671; 1; 1; 2859; 5718; 498; 390; 35.796875; 499; 0.059768; 1; 1; 14.858499; 2166.357855; 58; 0.024182; 19.164229; -1.000000; 2438.913671; 26; 0.005932; 1; 6; 1.012759; 0.662136; 
0; 2351.123307; 1; 1; 3821; 7642; 724; 501; 35.796875; 724; 0.039809; 1; 1; 17.154084; 2237.455114; 38; 0.010897; 15.432171; -1.000000; 2351.123307; 25; 0.006177; 1; 6; 1.372356; 0.647680; 
0; 2547.891252; 1; 1; 2144; 4288; 431; 298; 35.796875; 431; 0.055956; 1; 1; 14.335043; 2187.783230; 88; 0.071591; 19.876986; -1.000000; 2547.891252; 23; 0.004079; 1; 6; 0.709070; 0.617081; 
0; 2304.654027; 1; 1; 20605; 41210; 3893; 2526; 35.808594; 3893; 0.107134; 1; 1; 10.622078; 2137.286814; 100; 0.093395; 10.633329; -1.000000; 2304.654027; 43; 0.027896; 1; 6; 8.025974; 0.663816; 
0; 2525.370437; 1; 1; 5315; 10630; 991; 688; 36.066406; 991; 0.079565; 1; 1; 14.191337; 2302.014179; 92; 0.087322; 13.778032; -1.000000; 2525.370437; 27; 0.010591; 1; 6; 2.303300; 0.650660; 
0; 2348.995226; 1; 1; 20894; 41788; 4004; 2564; 36.085938; 4006; 0.114284; 1; 1; 8.402779; 2164.962182; 192; 0.496350; 11.690275; -1.000000; 2348.995226; 39; 0.017653; 1; 6; 9.111134; 0.657893; 
0; 2364.609321; 1; 1; 4132; 8264; 780; 524; 36.343750; 780; 0.055184; 1; 1; 9.785497; 2179.059290; 52; 0.050639; 13.699955; -1.000000; 2364.609321; 27; 0.007208; 1; 6; 1.409390; 0.661950; 
0; 2495.176301; 1; 1; 3271; 6542; 655; 441; 36.343750; 655; 0.070846; 1; 1; 15.708054; 2087.411660; 80; 0.063842; 20.798246; -1.000000; 2495.176301; 30; 0.021081; 1; 6; 1.213553; 0.608122; 
0; 2213.013982; 1; 1; 6930; 13860; 1248; 856; 36.343750; 1249; 0.065926; 1; 1; 11.605296; 2120.919734; 36; 0.009654; 12.578168; -1.000000; 2213.013982; 32; 0.007910; 1; 6; 2.721197; 0.683325; 
0; 2974.843869; 1; 1; 1218; 2436; 277; 203; 36.343750; 277; 0.048901; 1; 1; 18.151003; 2237.764502; 88; 0.051507; 13.902207; -1.000000; 2974.843869; 20; 0.004108; 1; 6; 0.556472; 0.523898; 
0; 2405.157972; 1; 1; 12355; 24710; 2293; 1531; 36.343750; 2296; 0.086928; 1; 1; 13.866202; 2224.186258; 100; 0.079610; 15.249419; -1.000000; 2405.157972; 40; 0.023839; 1; 6; 4.624667; 0.666161; 
0; 2536.220057; 1; 1; 6514; 13028; 1300; 815; 36.343750; 1302; 0.064416; 1; 1; 14.531577; 2187.735434; 88; 0.068328; 16.294355; -1.000000; 2536.220057; 31; 0.020085; 1; 6; 2.436134; 0.644902; 
0; 2414.132414; 1; 1; 6345; 12690; 1187; 798; 36.343750; 1187; 0.074541; 1; 1; 14.920842; 2138.185832; 104; 0.054974; 14.572637; -1.000000; 2414.132414; 30; 0.017063; 1; 6; 2.310429; 0.659101; 
0; 2229.182555; 1; 1; 15888; 31776; 3023; 1913; 36.343750; 3025; 0.072727; 1; 1; 12.127881; 2057.119461; 96; 0.045833; 9.435964; -1.000000; 2229.182555; 33; 0.342466; 1; 6; 6.583451; 0.673281; 
0; 2401.217395; 1; 1; 4925; 9850; 947; 647; 36.343750; 947; 0.080479; 1; 1; 13.191772; 2216.236021; 76; 0.054119; 15.373283; -1.000000; 2401.217395; 27; 0.004996; 1; 6; 2.006293; 0.635196; 
5 progress properties for each run
best cost REAL
edge count INTEGER
iterations INTEGER
milestone count INTEGER
time REAL
30 runs
inf,122,41,43,0.050116,;inf,191,57,59,0.100347,;inf,255,69,71,0.150900,;inf,364,84,86,0.202982,;inf,419,93,94,0.253562,;inf,541,110,112,0.304375,;inf,639,124,126,0.355211,;inf,768,142,144,0.405653,;inf,848,154,177,0.455791,;inf,905,160,197,0.506399,;inf,975,168,223,0.556963,;inf,1067,182,262,0.607479,;inf,1219,198,278,0.657976,;inf,1340,211,291,0.708154,;inf,1435,223,303,0.759090,;inf,1588,241,321,0.809789,;inf,1707,255,335,0.860013,;inf,1859,271,351,0.910772,;inf,1982,285,365,0.961081,;inf,2101,299,379,1.011890,;inf,2256,318,437,1.062345,;inf,2344,330,472,1.112449,;inf,2417,340,496,1.162813,;inf,2531,354,539,1.213396,;inf,2594,361,546,1.263717,;inf,2709,374,559,1.314218,;inf,2828,388,573,1.364402,;inf,2927,399,584,1.414988,;inf,3084,417,602,1.465380,;inf,3194,430,615,1.515725,;inf,3261,439,624,1.566284,;inf,3353,449,636,1.616522,;inf,3392,454,651,1.667456,;inf,3437,462,670,1.717596,;inf,3501,472,698,1.768005,;inf,3619,486,728,1.819331,;inf,3754,502,744,1.869593,;inf,3968,527,769,1.920526,;inf,4105,543,785,1.970712,;inf,4197,553,795,2.022119,;inf,4278,564,806,2.073496,;inf,4418,581,823,2.125974,;inf,4548,595,837,2.176342,;inf,4706,612,854,2.227008,;inf,4776,619,882,2.277185,;inf,4865,631,911,2.327501,;inf,4981,646,945,2.377536,;inf,5075,657,980,2.427620,;
inf,177,47,48,0.050018,;inf,276,68,70,0.100797,;inf,490,99,101,0.151575,;inf,646,122,124,0.201966,;inf,788,138,140,0.254288,;inf,893,152,154,0.305666,;inf,1055,171,173,0.356462,;inf,1162,184,185,0.407011,;inf,1204,187,199,0.457961,;inf,1256,192,218,0.508491,;inf,1358,203,255,0.561963,;inf,1411,210,279,0.612509,;inf,1530,223,292,0.663431,;inf,1556,227,296,0.714082,;inf,1695,242,311,0.764943,;inf,1792,253,322,0.815568,;inf,1827,256,325,0.865751,;inf,1927,268,337,0.915882,;inf,1996,276,345,0.966120,;inf,2047,282,354,1.016621,;inf,2094,287,369,1.066768,;inf,2173,296,403,1.118528,;inf,2255,305,427,1.169138,;inf,2372,318,468,1.220061,;inf,2505,333,483,1.270408,;inf,2605,344,494,1.320467,;inf,2725,358,508,1.371999,;inf,2856,374,524,1.427868,;inf,3006,392,542,1.480383,;inf,3099,403,553,1.530963,;inf,3298,425,575,1.581620,;inf,3388,436,589,1.633147,;inf,3490,449,626,1.683588,;inf,3619,464,676,1.735399,;inf,3719,477,711,1.786110,;inf,3864,495,745,1.836209,;inf,4003,510,760,1.887091,;inf,4113,523,773,1.938292,;inf,4262,538,788,1.989193,;inf,4382,552,802,2.040106,;inf,4485,564,814,2.090299,;inf,4624,581,831,2.140760,;inf,4743,594,844,2.191325,;inf,4849,607,860,2.249999,;inf,4956,617,891,2.301526,;inf,5048,628,922,2.352521,;inf,5085,634,938,2.415033,;inf,5085,634,939,2.465975,;inf,5118,638,946,2.516288,;inf,5200,646,955,2.566716,;inf,5323,660,969,2.617461,;inf,5347,662,971,2.670193,;inf,5407,669,978,2.721021,;inf,5505,681,990,2.772727,;inf,5540,685,994,2.823228,;inf,5614,693,1002,2.873745,;inf,5679,703,1020,2.923857,;inf,5748,717,1045,2.974138,;inf,5876,735,1094,3.028143,;inf,5978,749,1131,3.078480,;inf,6118,765,1153,3.128827,;inf,6264,781,1169,3.180632,;inf,6377,793,1181,3.231991,;inf,6500,808,1196,3.282472,;inf,6626,822,1210,3.332699,;inf,6736,834,1222,3.383792,;inf,6874,850,1238,3.435873,;inf,7002,866,1254,3.486696,;inf,7120,877,1283,3.536734,;inf,7202,887,1310,3.590156,;inf,7316,902,1347,3.641083,;inf,7425,917,1382,3.691339,;inf,7565,933,1407,3.742091,;inf,7723,951,1425,3.793244,;inf,7837,963,1437,3.843699,;inf,7934,975,1449,3.894352,;inf,8052,988,1462,3.944885,;inf,8227,1008,1482,3.995153,;inf,8334,1020,1494,4.045221,;inf,8510,1042,1516,4.095723,;inf,8605,1055,1547,4.146392,;inf,8718,1070,1583,4.196794,;inf,8801,1082,1618,4.248027,;inf,8920,1097,1666,4.300649,;inf,9081,1114,1693,4.351133,;inf,9205,1128,1706,4.401384,;inf,9331,1142,1721,4.452073,;inf,9467,1157,1736,4.503169,;inf,9533,1164,1743,4.554095,;inf,9642,1177,1756,4.604938,;inf,9758,1190,1769,4.655048,;inf,9900,1206,1785,4.705417,;
inf,195,47,49,0.050642,;inf,439,82,84,0.101457,;inf,669,111,112,0.152359,;inf,959,149,151,0.202970,;inf,1093,166,168,0.253747,;inf,1225,184,186,0.303843,;inf,1363,203,205,0.354216,;inf,1571,226,228,0.404592,;inf,1679,239,269,0.455298,;inf,1814,254,324,0.506280,;inf,1945,270,374,0.557169,;inf,2120,288,436,0.609316,;inf,2272,306,454,0.659390,;inf,2437,325,473,0.710268,;inf,2572,341,489,0.760555,;inf,2743,361,509,0.810700,;inf,2873,375,523,0.862945,;inf,3053,394,542,0.912980,;inf,3186,409,557,0.963222,;inf,3360,428,580,1.014078,;inf,3512,450,640,1.064362,;inf,3654,467,693,1.115067,;inf,3760,482,740,1.165271,;inf,3899,497,788,1.216818,;inf,4038,513,804,1.267219,;inf,4247,536,827,1.317782,;inf,4412,553,844,1.369320,;inf,4603,574,865,1.421782,;inf,4718,588,879,1.475776,;inf,4914,610,901,1.526214,;inf,5052,625,916,1.578552,;inf,5242,647,948,1.629631,;inf,5359,660,995,1.680069,;inf,5501,675,1046,1.731318,;inf,5603,687,1081,1.782333,;inf,5731,702,1118,1.832714,;2410.607746,5871,719,1135,1.905981,;
inf,203,43,45,0.050082,;inf,455,79,81,0.100354,;inf,609,102,104,0.151018,;inf,786,123,125,0.201146,;inf,912,141,143,0.251330,;inf,1144,171,173,0.301449,;inf,1230,182,184,0.351481,;inf,1425,209,211,0.401579,;inf,1535,222,252,0.451675,;inf,1645,236,297,0.501804,;inf,1704,243,314,0.551840,;inf,1852,262,373,0.601884,;inf,1990,278,390,0.651942,;inf,2075,288,400,0.701976,;inf,2197,302,414,0.752227,;inf,2242,308,420,0.803422,;inf,2278,313,425,0.853694,;inf,2372,325,437,0.903807,;inf,2461,336,448,0.953956,;inf,2570,349,460,1.004094,;inf,2637,358,483,1.054439,;inf,2710,365,510,1.104622,;inf,2791,376,538,1.154664,;inf,2848,385,559,1.207807,;inf,2907,392,569,1.258098,;inf,2947,397,574,1.308435,;inf,3057,410,587,1.358579,;inf,3148,420,597,1.408626,;inf,3167,422,599,1.459164,;inf,3297,437,614,1.509412,;inf,3395,450,627,1.559574,;inf,3480,459,636,1.609706,;inf,3585,473,673,1.659880,;inf,3724,490,716,1.710043,;inf,3796,498,744,1.760149,;inf,3897,511,784,1.810198,;inf,3971,519,793,1.860360,;inf,4048,528,802,1.910409,;inf,4169,542,816,1.960583,;inf,4230,550,824,2.010719,;inf,4285,556,830,2.060868,;inf,4319,559,833,2.111098,;inf,4437,573,847,2.161294,;inf,4576,588,862,2.211381,;inf,4635,595,874,2.261539,;inf,4727,606,902,2.311687,;inf,4836,619,940,2.361819,;inf,4906,629,970,2.412042,;inf,4992,638,993,2.462119,;inf,5092,650,1005,2.512489,;inf,5178,660,1015,2.562560,;inf,5300,673,1028,2.612836,;inf,5452,691,1046,2.662875,;inf,5514,697,1052,2.713050,;inf,5607,707,1062,2.763218,;inf,5688,715,1070,2.813723,;inf,5711,718,1073,2.863893,;inf,5791,727,1105,2.914150,;inf,5839,732,1119,2.964514,;inf,5893,739,1144,3.027689,;inf,5906,741,1148,3.078363,;inf,5993,750,1157,3.128424,;inf,6019,753,1160,3.179661,;inf,6026,754,1161,3.229932,;inf,6088,761,1168,3.280188,;inf,6142,767,1174,3.330310,;inf,6199,774,1181,3.380473,;
inf,74,24,26,0.050122,;inf,98,34,36,0.100373,;inf,162,49,51,0.150614,;inf,260,65,67,0.200783,;inf,364,82,84,0.250921,;inf,457,96,98,0.301023,;inf,535,106,108,0.351592,;inf,593,116,118,0.401696,;inf,620,120,129,0.453137,;inf,663,125,145,0.503353,;inf,709,130,159,0.553487,;inf,773,141,196,0.603849,;inf,900,157,216,0.653970,;inf,979,168,227,0.704159,;inf,1022,174,233,0.754382,;inf,1150,189,248,0.804787,;inf,1201,195,254,0.855097,;inf,1354,214,273,0.905250,;inf,1479,229,288,0.955893,;inf,1690,253,312,1.005964,;inf,1769,263,342,1.056529,;inf,1852,271,368,1.108117,;inf,1879,275,376,1.158244,;inf,1986,286,410,1.208795,;inf,2043,292,425,1.259176,;inf,2083,297,430,1.309939,;inf,2121,303,435,1.360414,;inf,2269,320,453,1.411317,;inf,2380,335,468,1.461349,;inf,2486,347,480,1.511442,;inf,2624,362,495,1.561788,;inf,2786,380,513,1.611985,;inf,2890,393,554,1.662300,;inf,2965,402,589,1.712760,;inf,3074,415,628,1.762894,;inf,3160,427,660,1.813524,;inf,3286,441,688,1.864222,;inf,3421,456,703,1.914822,;inf,3573,473,720,1.965340,;inf,3742,491,738,2.016392,;inf,3879,506,753,2.066973,;inf,4002,520,767,2.117106,;inf,4086,530,777,2.167236,;inf,4171,541,788,2.217346,;inf,4303,561,821,2.267434,;inf,4391,574,856,2.317662,;inf,4496,589,893,2.368502,;inf,4582,597,923,2.418626,;inf,4666,608,943,2.468864,;inf,4751,618,953,2.519228,;inf,4874,632,967,2.569417,;inf,4931,639,974,2.620012,;inf,5024,649,984,2.670095,;inf,5094,657,992,2.720363,;inf,5179,667,1002,2.770566,;inf,5280,678,1013,2.820640,;inf,5366,688,1037,2.870685,;inf,5414,694,1052,2.920918,;inf,5506,707,1085,2.971656,;
inf,146,37,38,0.050368,;inf,341,67,69,0.100596,;inf,520,95,97,0.152014,;inf,681,119,121,0.202565,;inf,813,138,140,0.253308,;inf,1016,163,165,0.303376,;inf,1101,173,175,0.353722,;inf,1247,191,193,0.403837,;inf,1333,202,225,0.454636,;inf,1412,211,253,0.504871,;inf,1484,221,285,0.555140,;inf,1567,230,319,0.605354,;inf,1776,255,347,0.655548,;inf,1858,264,356,0.705952,;inf,1927,273,365,0.757201,;inf,2052,286,378,0.807934,;inf,2116,293,385,0.858023,;inf,2263,310,402,0.908203,;inf,2315,316,408,0.959675,;inf,2485,335,427,1.010015,;inf,2602,351,479,1.061550,;inf,2696,361,515,1.112623,;inf,2766,372,539,1.162949,;inf,2872,385,581,1.213035,;inf,2995,401,597,1.264114,;inf,3153,418,614,1.315048,;inf,3275,433,629,1.365210,;inf,3412,448,644,1.415262,;inf,3494,457,653,1.465588,;inf,3538,462,658,1.515950,;inf,3574,466,662,1.566430,;inf,3669,477,673,1.617057,;inf,3690,480,677,1.667585,;inf,3729,484,691,1.718830,;inf,3803,493,716,1.769676,;inf,3882,502,747,1.822125,;inf,3993,514,774,1.873316,;inf,4046,521,781,1.924198,;inf,4114,528,788,1.975050,;inf,4263,544,804,2.025609,;inf,4335,552,812,2.075874,;inf,4454,566,826,2.125905,;inf,4557,577,837,2.176203,;inf,4642,586,846,2.226832,;inf,4735,597,863,2.277687,;inf,4787,604,879,2.328010,;inf,4875,615,913,2.378190,;inf,4952,624,940,2.429149,;inf,5057,637,958,2.479879,;inf,5147,647,968,2.530082,;inf,5199,653,974,2.581002,;inf,5273,661,982,2.631325,;inf,5390,673,994,2.681699,;inf,5448,680,1001,2.732535,;inf,5458,681,1002,2.782925,;inf,5555,692,1013,2.833221,;inf,5639,702,1031,2.883456,;inf,5692,708,1047,2.933803,;inf,5730,714,1060,2.984117,;inf,5806,725,1091,3.034159,;inf,5865,730,1112,3.084231,;inf,5975,742,1124,3.135650,;inf,6119,758,1140,3.186373,;inf,6238,772,1154,3.236706,;inf,6346,785,1167,3.287129,;inf,6486,801,1183,3.337442,;inf,6643,818,1200,3.390640,;inf,6709,826,1208,3.441990,;inf,6836,842,1226,3.492129,;inf,6963,857,1271,3.542340,;inf,7115,874,1327,3.592917,;inf,7214,887,1373,3.643858,;inf,7279,894,1393,3.693999,;inf,7393,906,1405,3.744371,;inf,7524,921,1420,3.794626,;inf,7648,935,1434,3.846122,;inf,7798,952,1451,3.900146,;inf,7931,966,1465,3.950351,;inf,8009,976,1475,4.000630,;inf,8086,985,1484,4.051533,;inf,8233,1001,1506,4.102197,;inf,8335,1013,1544,4.153020,;inf,8431,1027,1587,4.203071,;inf,8528,1038,1619,4.253454,;inf,8606,1047,1644,4.303489,;inf,8716,1059,1656,4.354191,;inf,8816,1071,1668,4.405008,;inf,8904,1082,1679,4.455133,;inf,8975,1089,1686,4.506582,;inf,9027,1096,1693,4.556924,;inf,9171,1112,1709,4.607459,;inf,9301,1127,1724,4.657577,;inf,9461,1146,1760,4.707973,;inf,9567,1160,1798,4.758608,;inf,9635,1168,1821,4.810419,;inf,9741,1185,1863,4.860654,;inf,9818,1195,1887,4.911318,;inf,9939,1208,1900,4.961693,;inf,10065,1221,1913,5.012772,;inf,10157,1232,1924,5.062954,;inf,10227,1240,1932,5.113002,;inf,10323,1250,1942,5.164039,;inf,10353,1254,1946,5.214973,;inf,10379,1257,1949,5.265385,;inf,10397,1260,1953,5.316032,;inf,10446,1265,1964,5.366759,;inf,10493,1272,1985,5.416917,;inf,10569,1280,2011,5.468256,;inf,10618,1287,2028,5.519044,;inf,10677,1294,2035,5.570482,;inf,10759,1303,2044,5.621475,;inf,10812,1309,2050,5.671710,;inf,10868,1315,2056,5.722651,;inf,10925,1321,2062,5.772849,;inf,10982,1327,2068,5.823549,;inf,11061,1339,2080,5.873743,;inf,11165,1352,2100,5.924996,;inf,11230,1362,2126,5.975317,;inf,11266,1367,2142,6.025392,;inf,11332,1378,2173,6.075538,;inf,11380,1383,2186,6.125729,;inf,11458,1392,2194,6.176271,;inf,11528,1400,2203,6.226919,;inf,11636,1414,2216,6.278567,;inf,11723,1423,2226,6.330676,;inf,11840,1437,2240,6.380926,;inf,11963,1452,2255,6.433450,;inf,12110,1469,2272,6.484495,;inf,12204,1483,2303,6.534929,;inf,12285,1496,2337,6.585343,;2353.812270,12329,1501,2358,6.820102,;
inf,225,49,50,0.050222,;inf,347,67,69,0.101150,;inf,544,94,95,0.152852,;inf,685,116,118,0.203684,;inf,855,140,142,0.254196,;inf,1084,166,168,0.304869,;inf,1198,180,182,0.356495,;inf,1327,197,198,0.407070,;inf,1445,214,249,0.458421,;inf,1550,226,284,0.508478,;inf,1641,238,319,0.558540,;inf,1704,247,344,0.614822,;inf,1791,257,354,0.665800,;inf,1955,278,375,0.716109,;inf,2159,299,396,0.766445,;inf,2338,319,416,0.816491,;inf,2483,337,434,0.866744,;inf,2634,356,453,0.918327,;inf,2800,373,470,0.969084,;inf,2874,383,482,1.020903,;inf,2978,394,515,1.072088,;inf,3095,406,550,1.122282,;inf,3201,420,592,1.172572,;inf,3299,434,631,1.222799,;inf,3456,452,649,1.274250,;inf,3573,465,662,1.324869,;inf,3645,474,671,1.377376,;inf,3672,477,674,1.428278,;inf,3767,488,685,1.480570,;inf,3892,502,699,1.530987,;inf,3941,508,705,1.582893,;inf,4028,519,720,1.634024,;inf,4108,532,745,1.684527,;inf,4193,540,777,1.735246,;inf,4229,546,791,1.785827,;inf,4333,560,819,1.837052,;inf,4440,572,831,1.887342,;inf,4575,588,847,1.938549,;inf,4633,594,853,1.989224,;inf,4664,597,856,2.039410,;inf,4702,602,861,2.089756,;inf,4755,608,867,2.139810,;inf,4801,613,872,2.191321,;inf,4861,622,885,2.242770,;inf,4979,638,929,2.293691,;inf,5069,648,964,2.344881,;inf,5162,662,997,2.395001,;inf,5280,674,1021,2.447259,;inf,5418,689,1036,2.499870,;inf,5515,700,1047,2.550236,;inf,5627,712,1059,2.601318,;inf,5779,732,1079,2.651600,;inf,5930,749,1096,2.702020,;inf,6111,769,1116,2.752226,;inf,6213,780,1127,2.802625,;inf,6314,792,1148,2.854997,;inf,6434,809,1190,2.905559,;inf,6502,817,1215,2.956128,;inf,6593,832,1251,3.006561,;inf,6690,843,1270,3.058152,;inf,6809,856,1284,3.109136,;inf,6878,865,1293,3.160726,;inf,7045,883,1311,3.211368,;inf,7224,903,1331,3.261658,;inf,7327,915,1343,3.311715,;inf,7455,928,1356,3.363216,;inf,7547,938,1366,3.414325,;inf,7659,949,1388,3.464703,;inf,7718,957,1412,3.518197,;inf,7819,970,1451,3.568298,;inf,7893,978,1476,3.619008,;inf,8000,992,1493,3.670039,;inf,8089,1003,1504,3.721247,;inf,8233,1021,1522,3.771579,;inf,8422,1042,1543,3.821744,;inf,8561,1060,1561,3.872600,;inf,8687,1074,1575,3.922649,;inf,8776,1084,1585,3.973284,;inf,8825,1089,1590,4.024083,;inf,8910,1101,1617,4.074129,;inf,9017,1114,1649,4.125052,;inf,9117,1129,1693,4.175123,;inf,9180,1137,1722,4.225871,;inf,9268,1146,1737,4.276709,;inf,9393,1161,1751,4.327091,;inf,9478,1169,1760,4.377814,;inf,9550,1179,1770,4.428312,;inf,9714,1197,1788,4.478843,;inf,9832,1210,1801,4.529088,;inf,9967,1225,1816,4.579728,;inf,10078,1237,1828,4.629950,;inf,10214,1254,1864,4.680795,;inf,10302,1265,1895,4.731240,;inf,10421,1281,1936,4.781696,;inf,10535,1296,1976,4.833094,;inf,10676,1312,1998,4.883651,;inf,10735,1319,2005,4.934030,;inf,10836,1330,2016,4.984833,;inf,11013,1350,2036,5.035001,;inf,11147,1364,2050,5.085850,;inf,11224,1373,2059,5.137082,;inf,11366,1390,2076,5.187340,;inf,11466,1401,2087,5.238055,;inf,11619,1423,2131,5.288527,;inf,11723,1438,2165,5.340222,;inf,11839,1455,2225,5.390496,;inf,11910,1465,2255,5.442060,;inf,12086,1484,2284,5.493389,;inf,12278,1504,2304,5.543761,;inf,12415,1521,2321,5.593829,;inf,12546,1540,2340,5.644891,;inf,12704,1559,2359,5.694950,;inf,12877,1578,2378,5.745490,;inf,12951,1586,2386,5.795861,;inf,13045,1598,2398,5.846937,;inf,13137,1611,2428,5.897637,;inf,13251,1626,2474,5.947966,;inf,13370,1639,2507,5.999334,;inf,13488,1652,2546,6.049748,;inf,13615,1666,2564,6.100417,;inf,13663,1671,2569,6.151024,;inf,13734,1679,2577,6.201423,;inf,13801,1687,2585,6.251552,;inf,13902,1699,2597,6.301979,;inf,14018,1712,2610,6.352622,;inf,14184,1731,2629,6.403413,;inf,14360,1751,2649,6.454099,;inf,14399,1759,2663,6.504375,;inf,14476,1770,2696,6.554640,;inf,14533,1776,2711,6.604939,;inf,14627,1786,2740,6.655354,;inf,14741,1801,2757,6.705630,;inf,14925,1821,2777,6.756120,;inf,15020,1833,2789,6.807102,;inf,15094,1842,2798,6.857407,;inf,15192,1855,2811,6.908043,;inf,15338,1871,2827,6.958887,;inf,15527,1893,2849,7.009145,;inf,15612,1903,2859,7.059368,;inf,15753,1921,2910,7.109658,;inf,15850,1934,2941,7.160706,;inf,15963,1946,2977,7.211193,;inf,16102,1968,3037,7.261431,;inf,16212,1980,3053,7.312570,;inf,16457,2005,3078,7.362653,;inf,16550,2016,3089,7.413873,;inf,16739,2036,3109,7.464446,;inf,16865,2053,3126,7.515349,;inf,17035,2071,3144,7.565764,;inf,17159,2085,3158,7.616545,;inf,17352,2106,3179,7.668036,;inf,17424,2119,3208,7.719511,;inf,17545,2133,3242,7.769736,;inf,17614,2143,3270,7.820100,;inf,17734,2156,3317,7.872188,;inf,17920,2178,3341,7.923043,;inf,18064,2194,3357,7.974273,;inf,18239,2214,3377,8.024682,;inf,18364,2228,3391,8.074765,;inf,18468,2239,3402,8.125834,;inf,18567,2251,3414,8.176446,;inf,18616,2257,3420,8.227274,;inf,18738,2271,3434,8.277618,;inf,18872,2289,3489,8.329169,;inf,18952,2302,3523,8.379793,;inf,19062,2315,3566,8.430335,;inf,19182,2331,3608,8.480463,;inf,19374,2351,3628,8.530925,;inf,19570,2375,3652,8.582129,;inf,19691,2389,3666,8.632976,;inf,19830,2406,3683,8.683018,;inf,19956,2420,3697,8.733724,;inf,20105,2437,3714,8.784632,;inf,20201,2451,3728,8.835240,;inf,20323,2465,3742,8.886068,;inf,20423,2479,3788,8.936280,;inf,20546,2496,3841,8.987551,;inf,20623,2509,3877,9.037798,;inf,20713,2522,3917,9.088676,;inf,20860,2539,3934,9.138792,;inf,20968,2553,3948,9.189526,;
inf,197,43,45,0.050199,;inf,344,68,70,0.100729,;inf,495,90,92,0.151375,;inf,624,107,109,0.202127,;inf,772,125,127,0.252433,;inf,957,149,151,0.302924,;inf,1072,165,167,0.353440,;inf,1328,195,196,0.403777,;inf,1410,208,229,0.454018,;inf,1552,225,280,0.504326,;inf,1667,239,317,0.554979,;inf,1781,252,358,0.605025,;inf,1937,270,376,0.655646,;inf,2097,288,394,0.710300,;inf,2248,306,412,0.760434,;inf,2346,319,425,0.810522,;inf,2452,331,437,0.860724,;inf,2558,344,450,0.911427,;inf,2699,359,465,0.961656,;inf,2808,372,478,1.012020,;inf,2925,385,516,1.062485,;inf,3003,395,542,1.112830,;inf,3097,407,571,1.164151,;inf,3240,422,616,1.214755,;inf,3378,439,633,1.265159,;inf,3498,453,647,1.315241,;inf,3665,470,664,1.368273,;inf,3795,486,680,1.420098,;inf,3961,507,701,1.470310,;inf,4116,526,720,1.520394,;inf,4274,544,738,1.570497,;inf,4438,563,758,1.620557,;
inf,268,52,54,0.050062,;inf,429,78,80,0.100331,;inf,561,97,99,0.150848,;inf,763,124,126,0.203563,;inf,905,145,147,0.253690,;inf,1058,166,168,0.304028,;inf,1142,176,178,0.354316,;inf,1332,200,206,0.405146,;inf,1466,215,257,0.461675,;inf,1585,228,300,0.512343,;inf,1694,239,335,0.562804,;inf,1773,248,360,0.613327,;inf,1909,264,376,0.664987,;inf,2046,282,394,0.716515,;inf,2237,305,417,0.766739,;inf,2394,322,434,0.817008,;inf,2517,336,448,0.868948,;inf,2662,353,465,0.919002,;inf,2784,366,478,0.969262,;inf,2904,379,494,1.019355,;inf,3003,391,535,1.070834,;inf,3106,405,569,1.121018,;inf,3234,420,610,1.171166,;inf,3337,432,650,1.222042,;inf,3438,445,663,1.272492,;inf,3554,458,676,1.322795,;inf,3717,476,694,1.373110,;inf,3896,494,712,1.423153,;inf,4063,514,732,1.473533,;inf,4229,532,750,1.524632,;inf,4341,545,763,1.574879,;inf,4468,559,786,1.625108,;inf,4544,570,811,1.676264,;inf,4604,580,835,1.726983,;inf,4724,593,873,1.777246,;inf,4864,609,910,1.828695,;inf,5046,630,931,1.879095,;inf,5126,639,940,1.929921,;inf,5244,652,953,1.980148,;inf,5335,664,965,2.030248,;inf,5458,677,978,2.080547,;inf,5578,690,991,2.131711,;inf,5704,705,1006,2.182437,;inf,5902,726,1037,2.233124,;inf,5965,739,1063,2.283255,;inf,6006,745,1081,2.333929,;inf,6055,754,1104,2.384884,;inf,6152,765,1136,2.437563,;inf,6242,776,1147,2.488380,;inf,6317,786,1157,2.539306,;inf,6448,802,1173,2.589462,;inf,6541,813,1184,2.639994,;inf,6684,828,1199,2.690536,;inf,6820,843,1214,2.740632,;inf,6950,858,1229,2.791013,;inf,7030,868,1239,2.841392,;inf,7096,877,1258,2.892023,;inf,7186,891,1296,2.942393,;inf,7275,903,1326,2.992878,;inf,7410,921,1367,3.043232,;inf,7553,937,1383,3.093962,;inf,7729,956,1402,3.144941,;inf,7914,979,1425,3.195354,;inf,8050,994,1440,3.245744,;inf,8180,1009,1455,3.295783,;inf,8303,1024,1470,3.345912,;inf,8416,1038,1484,3.397071,;inf,8545,1053,1499,3.447510,;inf,8666,1069,1548,3.497586,;inf,8764,1083,1583,3.548451,;inf,8851,1098,1618,3.600375,;inf,9006,1117,1662,3.650420,;inf,9180,1136,1681,3.700764,;inf,9280,1148,1693,3.750910,;inf,9516,1173,1718,3.801907,;inf,9642,1187,1732,3.852947,;inf,9735,1199,1744,3.903087,;inf,9905,1217,1762,3.953408,;inf,9996,1227,1772,4.004653,;inf,10162,1246,1798,4.054683,;inf,10234,1256,1829,4.105098,;inf,10356,1271,1869,4.156964,;inf,10444,1283,1901,4.208086,;inf,10565,1296,1932,4.258705,;inf,10694,1311,1947,4.308807,;inf,10864,1331,1967,4.360045,;inf,10974,1345,1981,4.410102,;inf,11135,1362,1998,4.460812,;inf,11271,1379,2015,4.511982,;inf,11380,1390,2026,4.562632,;inf,11508,1405,2041,4.612801,;inf,11667,1426,2075,4.662863,;inf,11786,1441,2115,4.713051,;inf,11883,1455,2149,4.763350,;inf,11963,1466,2178,4.814273,;inf,12098,1483,2214,4.864565,;inf,12306,1508,2239,4.916866,;inf,12486,1528,2259,4.969513,;inf,12562,1538,2269,5.020440,;inf,12686,1553,2284,5.070720,;inf,12825,1570,2301,5.121268,;inf,12998,1588,2318,5.171571,;inf,13175,1610,2341,5.221777,;inf,13298,1624,2364,5.273276,;inf,13386,1636,2394,5.324226,;inf,13514,1652,2436,5.374829,;inf,13625,1666,2480,5.425161,;inf,13767,1685,2515,5.475233,;inf,13972,1708,2538,5.528028,;inf,14091,1721,2551,5.578523,;inf,14167,1731,2561,5.628758,;inf,14329,1749,2579,5.679239,;inf,14475,1764,2594,5.729499,;inf,14612,1779,2609,5.779574,;inf,14761,1797,2627,5.829603,;inf,14878,1811,2663,5.880024,;inf,14995,1832,2717,5.931262,;inf,15100,1846,2761,5.981710,;inf,15217,1862,2799,6.032438,;inf,15378,1879,2821,6.082900,;inf,15485,1890,2832,6.133471,;inf,15606,1903,2845,6.184163,;inf,15726,1917,2859,6.234297,;inf,15859,1933,2875,6.284691,;inf,15977,1948,2889,6.336013,;inf,16097,1962,2904,6.386453,;inf,16200,1974,2916,6.437225,;inf,16286,1987,2941,6.488673,;inf,16393,2002,2983,6.540768,;inf,16468,2014,3015,6.590993,;inf,16575,2027,3054,6.641221,;inf,16651,2039,3073,6.691306,;inf,16802,2055,3089,6.741589,;inf,16984,2075,3109,6.791766,;inf,17053,2083,3117,6.842041,;inf,17178,2098,3132,6.892077,;inf,17286,2110,3144,6.942115,;2304.760789,17408,2123,3157,6.992864,;
inf,232,57,59,0.050643,;inf,326,74,76,0.101148,;inf,543,107,109,0.153426,;inf,690,126,128,0.204523,;inf,867,151,153,0.254936,;inf,1019,169,171,0.305127,;inf,1165,189,191,0.355175,;inf,1391,213,215,0.405250,;inf,1516,228,259,0.455864,;inf,1609,239,299,0.506227,;inf,1678,248,328,0.557630,;inf,1793,261,374,0.608727,;inf,1876,271,386,0.660171,;inf,2002,285,400,0.710356,;inf,2099,295,410,0.764670,;inf,2231,311,426,0.815061,;inf,2402,329,444,0.865144,;inf,2572,348,463,0.917636,;inf,2702,363,478,0.967822,;inf,2812,377,491,1.018371,;inf,2935,392,538,1.072454,;inf,3055,411,586,1.123024,;inf,3151,424,619,1.173287,;inf,3261,438,663,1.223339,;inf,3402,455,680,1.273409,;inf,3541,470,695,1.324926,;inf,3667,484,709,1.375298,;inf,3799,500,725,1.425338,;inf,3948,516,741,1.475368,;inf,4063,529,754,1.525475,;inf,4190,543,768,1.576485,;inf,4260,552,779,1.626960,;inf,4405,569,833,1.677794,;inf,4501,581,874,1.728086,;
inf,80,27,29,0.051363,;inf,193,47,49,0.103714,;inf,306,65,67,0.156051,;inf,455,86,88,0.208005,;inf,563,99,101,0.258166,;inf,708,121,123,0.308331,;inf,835,136,138,0.359556,;inf,1018,157,162,0.411916,;inf,1171,176,221,0.464334,;inf,1329,194,287,0.516359,;inf,1411,203,318,0.568565,;inf,1564,220,364,0.619006,;inf,1643,229,373,0.669572,;inf,1722,240,384,0.719639,;inf,1833,255,399,0.772031,;inf,1970,272,416,0.823969,;inf,2117,289,433,0.874987,;inf,2253,306,450,0.925308,;inf,2395,322,466,0.975987,;inf,2530,339,489,1.027981,;inf,2656,356,535,1.078179,;inf,2765,369,580,1.129217,;inf,2833,377,605,1.179903,;inf,2926,390,630,1.230136,;inf,3096,410,650,1.280650,;inf,3262,430,670,1.331748,;inf,3380,444,684,1.383957,;inf,3489,457,697,1.435108,;inf,3642,476,716,1.486745,;inf,3764,492,732,1.536881,;inf,3893,508,748,1.588159,;inf,3973,517,765,1.638353,;inf,4067,532,796,1.688862,;inf,4197,548,851,1.740163,;inf,4330,566,910,1.791108,;inf,4525,590,945,1.841738,;inf,4717,613,968,1.892550,;inf,4837,627,982,1.944032,;inf,4941,638,993,1.994064,;inf,5018,646,1001,2.044799,;inf,5118,658,1013,2.095048,;inf,5224,670,1025,2.145291,;inf,5343,684,1039,2.195617,;inf,5466,699,1074,2.246009,;inf,5587,714,1121,2.296673,;inf,5693,727,1162,2.347333,;inf,5811,743,1205,2.397726,;inf,5906,755,1228,2.447928,;inf,6068,775,1248,2.498510,;inf,6215,793,1266,2.548604,;inf,6336,805,1278,2.598762,;inf,6474,824,1296,2.650433,;inf,6624,841,1314,2.701236,;inf,6762,857,1330,2.751449,;inf,6868,868,1341,2.801646,;inf,6980,883,1369,2.852115,;inf,7086,895,1406,2.904769,;inf,7209,910,1447,2.955958,;
inf,142,36,38,0.050635,;inf,362,72,74,0.101100,;inf,542,97,99,0.151764,;inf,714,122,124,0.201937,;inf,886,144,146,0.252215,;inf,1057,167,168,0.303957,;inf,1192,183,185,0.354305,;inf,1384,205,209,0.404419,;inf,1508,219,258,0.455303,;inf,1627,231,299,0.505644,;inf,1745,246,350,0.555845,;inf,1863,261,392,0.606854,;inf,1980,274,405,0.657674,;inf,2104,289,420,0.708823,;inf,2214,302,433,0.759432,;inf,2373,321,452,0.809750,;inf,2467,332,463,0.860014,;inf,2578,346,477,0.910672,;inf,2769,367,498,0.962012,;inf,2856,378,510,1.012202,;inf,2956,391,551,1.062266,;inf,3064,407,590,1.112339,;inf,3171,419,632,1.163129,;inf,3301,436,669,1.213192,;inf,3426,450,683,1.264252,;inf,3549,465,698,1.315234,;inf,3673,480,713,1.366787,;inf,3761,491,724,1.417336,;inf,3929,509,742,1.467791,;inf,4030,520,753,1.518310,;inf,4212,541,774,1.568658,;inf,4377,560,799,1.619669,;inf,4457,571,828,1.669703,;inf,4558,589,870,1.719924,;
inf,274,51,53,0.050269,;inf,383,69,71,0.101639,;inf,569,98,100,0.152005,;inf,739,122,124,0.202108,;inf,837,136,138,0.254265,;inf,924,147,149,0.304645,;inf,1107,169,171,0.355167,;inf,1284,191,193,0.406614,;inf,1400,206,242,0.456656,;inf,1475,215,275,0.506859,;inf,1572,226,318,0.558633,;inf,1682,239,357,0.609370,;inf,1769,250,368,0.659678,;inf,1933,269,387,0.710498,;
inf,206,51,53,0.050184,;inf,371,78,80,0.100824,;inf,570,107,109,0.152982,;inf,784,133,135,0.204330,;inf,987,155,157,0.254384,;inf,1157,177,179,0.305136,;inf,1347,199,201,0.358224,;inf,1509,216,229,0.409127,;inf,1652,231,284,0.459932,;inf,1764,246,324,0.510475,;inf,1849,258,361,0.560616,;inf,1955,271,395,0.610903,;inf,2095,288,412,0.661713,;inf,2182,300,424,0.712015,;inf,2297,314,438,0.762088,;inf,2430,329,453,0.812982,;inf,2574,345,469,0.863231,;inf,2769,367,491,0.913588,;inf,2925,385,509,0.964022,;inf,3060,400,524,1.014158,;inf,3107,406,537,1.064736,;inf,3233,425,587,1.114916,;inf,3323,438,621,1.167063,;inf,3396,449,646,1.217708,;inf,3556,467,669,1.268081,;inf,3691,484,686,1.320816,;inf,3829,500,702,1.371488,;inf,3993,518,720,1.422035,;inf,4171,537,739,1.473212,;inf,4323,555,757,1.523675,;inf,4408,566,768,1.574537,;inf,4574,585,787,1.625179,;inf,4679,598,823,1.675749,;inf,4842,619,887,1.726234,;inf,4889,627,901,1.777251,;inf,4982,645,945,1.830520,;inf,5115,660,961,1.880835,;inf,5261,678,979,1.931655,;inf,5425,698,999,1.982240,;inf,5561,714,1015,2.033079,;inf,5640,723,1024,2.083474,;inf,5762,737,1038,2.134199,;inf,5853,747,1048,2.184338,;inf,5966,759,1060,2.234816,;inf,6065,775,1098,2.285065,;inf,6182,790,1140,2.335899,;inf,6285,803,1175,2.386151,;inf,6423,821,1232,2.437028,;inf,6590,840,1251,2.489337,;2278.735945,6679,850,1261,2.540387,;
inf,221,53,55,0.051233,;inf,353,75,76,0.102564,;inf,590,107,109,0.153267,;inf,777,133,135,0.203338,;inf,948,154,156,0.254099,;inf,1103,172,174,0.304513,;inf,1293,196,197,0.355261,;inf,1427,214,220,0.405310,;inf,1557,230,270,0.455963,;inf,1615,237,292,0.506284,;inf,1676,244,318,0.556817,;inf,1789,259,364,0.607808,;inf,1909,274,379,0.659192,;inf,2048,291,396,0.712514,;inf,2153,303,408,0.762925,;inf,2276,318,423,0.814721,;inf,2468,339,444,0.867612,;inf,2561,350,455,0.917909,;inf,2731,371,476,0.968142,;inf,2863,386,498,1.018395,;inf,2961,398,531,1.068743,;inf,3069,409,572,1.118929,;inf,3166,422,612,1.169740,;inf,3261,435,641,1.220799,;inf,3333,443,649,1.271688,;inf,3455,457,663,1.321772,;inf,3559,469,675,1.375089,;inf,3662,482,688,1.425969,;inf,3777,496,702,1.476427,;inf,3962,517,723,1.526499,;inf,4068,529,735,1.576921,;inf,4215,548,760,1.626977,;inf,4287,557,783,1.679566,;inf,4370,569,811,1.730364,;
inf,206,47,49,0.050358,;inf,392,78,80,0.100700,;inf,584,106,108,0.150904,;inf,740,128,130,0.201669,;inf,869,148,150,0.251975,;inf,1011,166,168,0.302338,;inf,1172,184,186,0.352575,;inf,1327,201,203,0.403123,;inf,1406,214,237,0.453503,;inf,1531,228,293,0.504519,;inf,1640,243,336,0.554825,;inf,1710,251,360,0.604939,;inf,1839,268,377,0.655858,;inf,2035,292,401,0.706176,;inf,2142,303,412,0.756520,;inf,2319,324,433,0.807154,;inf,2446,340,449,0.859354,;inf,2587,357,466,0.909843,;inf,2700,372,481,0.960137,;2438.913671,2858,390,499,1.010725,;
inf,238,55,57,0.051430,;inf,462,91,93,0.101886,;inf,669,120,122,0.154978,;inf,819,137,139,0.205153,;inf,1028,164,166,0.255947,;inf,1209,186,188,0.306107,;inf,1428,212,214,0.356623,;inf,1557,229,232,0.409502,;inf,1659,240,269,0.460275,;inf,1773,255,316,0.510494,;inf,1878,268,359,0.560526,;inf,2019,286,412,0.610977,;inf,2166,305,431,0.661046,;inf,2337,326,452,0.711296,;inf,2458,339,465,0.761367,;inf,2526,347,473,0.811902,;inf,2713,369,495,0.862163,;inf,2806,379,505,0.912556,;inf,2900,392,518,0.965372,;inf,3054,409,535,1.016531,;inf,3169,424,581,1.068108,;inf,3309,442,624,1.120422,;inf,3418,454,661,1.170689,;inf,3516,466,689,1.221947,;inf,3652,482,705,1.272215,;inf,3726,491,714,1.322340,;
inf,190,48,50,0.050479,;inf,355,73,75,0.101955,;inf,534,104,106,0.152276,;inf,738,131,133,0.206622,;inf,868,147,149,0.257055,;inf,1049,169,171,0.307354,;inf,1175,183,185,0.357878,;inf,1340,202,206,0.408782,;inf,1492,222,270,0.466147,;inf,1600,234,305,0.516214,;inf,1703,247,352,0.566464,;inf,1834,263,396,0.616749,;inf,1993,281,414,0.667162,;
inf,205,51,53,0.050297,;inf,440,90,92,0.101173,;inf,636,114,116,0.151391,;inf,796,134,136,0.201503,;inf,971,155,157,0.251608,;inf,1090,170,172,0.301881,;inf,1236,189,191,0.352065,;inf,1517,219,221,0.402285,;inf,1662,235,277,0.453682,;inf,1819,253,340,0.504521,;inf,1956,270,396,0.555324,;inf,2046,281,434,0.605692,;inf,2263,304,457,0.656228,;inf,2392,319,472,0.706495,;inf,2513,333,486,0.757107,;inf,2661,350,503,0.814330,;inf,2827,369,522,0.864527,;inf,2979,387,540,0.914728,;inf,3170,408,561,0.965700,;inf,3310,424,582,1.017778,;inf,3416,436,613,1.068486,;inf,3513,451,650,1.120009,;inf,3624,466,696,1.172359,;inf,3746,481,728,1.222678,;inf,3905,498,745,1.273666,;inf,4070,518,765,1.324093,;inf,4190,532,779,1.374364,;inf,4349,550,797,1.424689,;inf,4511,569,816,1.475178,;inf,4655,586,833,1.526275,;inf,4796,603,850,1.576388,;inf,4934,620,877,1.626632,;inf,5039,638,923,1.677574,;inf,5100,647,944,1.727808,;inf,5185,661,975,1.778842,;inf,5309,678,1007,1.829679,;inf,5456,694,1024,1.881308,;inf,5585,708,1038,1.931937,;inf,5707,723,1053,1.982731,;inf,5793,734,1064,2.033163,;inf,5918,748,1078,2.083687,;inf,6053,763,1093,2.134111,;inf,6309,790,1120,2.184148,;inf,6414,805,1142,2.235998,;inf,6490,815,1166,2.286436,;inf,6614,831,1216,2.338096,;inf,6714,845,1254,2.388295,;inf,6772,852,1270,2.438538,;inf,6920,870,1288,2.489887,;inf,7030,882,1300,2.541664,;inf,7178,898,1316,2.592025,;inf,7357,918,1336,2.642209,;inf,7489,934,1352,2.692254,;inf,7623,948,1366,2.742892,;inf,7743,961,1379,2.793349,;inf,7863,976,1401,2.846781,;inf,8007,993,1459,2.903608,;inf,8110,1006,1498,2.953685,;inf,8192,1017,1532,3.004007,;inf,8292,1028,1556,3.054188,;inf,8412,1041,1569,3.104701,;inf,8525,1053,1581,3.157033,;inf,8693,1075,1603,3.207604,;inf,8773,1084,1612,3.257960,;inf,8867,1096,1624,3.308583,;inf,9006,1112,1640,3.359173,;inf,9309,1144,1672,3.410788,;inf,9414,1156,1699,3.461042,;inf,9490,1170,1727,3.511568,;inf,9590,1185,1768,3.561853,;inf,9683,1200,1808,3.612548,;inf,9825,1218,1842,3.662758,;inf,9898,1227,1851,3.713062,;inf,10035,1241,1865,3.763868,;inf,10192,1261,1885,3.814295,;inf,10320,1276,1900,3.865007,;inf,10454,1290,1914,3.915186,;inf,10604,1306,1930,3.966655,;inf,10713,1319,1943,4.017044,;inf,10787,1328,1958,4.067100,;inf,10864,1340,1986,4.117465,;inf,10975,1353,2029,4.167880,;inf,11062,1363,2062,4.218411,;inf,11149,1378,2095,4.268866,;inf,11264,1391,2108,4.319384,;inf,11421,1407,2124,4.369867,;inf,11627,1430,2147,4.420826,;inf,11705,1439,2156,4.471339,;inf,11848,1455,2172,4.522111,;inf,11960,1469,2186,4.572565,;inf,12086,1483,2200,4.623360,;inf,12221,1499,2225,4.673423,;inf,12316,1515,2265,4.724362,;inf,12414,1528,2304,4.774839,;inf,12549,1547,2353,4.825391,;inf,12629,1557,2375,4.876215,;inf,12728,1568,2386,4.926474,;inf,12924,1590,2408,4.977173,;inf,13117,1611,2429,5.027493,;inf,13229,1624,2442,5.078248,;inf,13285,1630,2448,5.129042,;inf,13422,1645,2463,5.179425,;inf,13515,1656,2474,5.230117,;inf,13602,1666,2485,5.280556,;inf,13733,1685,2537,5.330834,;inf,13843,1703,2584,5.380973,;inf,13956,1717,2628,5.431339,;inf,14044,1730,2652,5.482896,;inf,14172,1743,2665,5.532964,;inf,14276,1754,2676,5.583767,;inf,14390,1768,2690,5.633920,;inf,14581,1790,2712,5.684097,;inf,14760,1809,2731,5.735257,;inf,14956,1831,2753,5.785433,;inf,15107,1847,2769,5.835851,;inf,15223,1860,2790,5.886720,;inf,15338,1876,2837,5.937027,;inf,15436,1892,2888,5.987852,;inf,15518,1905,2922,6.038249,;inf,15617,1919,2946,6.088835,;inf,15750,1935,2962,6.139540,;inf,15881,1950,2977,6.189615,;inf,16074,1972,2998,6.239923,;inf,16162,1982,3009,6.290295,;inf,16286,1997,3024,6.340877,;inf,16404,2011,3038,6.391248,;inf,16532,2025,3052,6.442442,;inf,16632,2040,3074,6.492690,;inf,16739,2059,3122,6.543330,;inf,16869,2078,3180,6.593979,;inf,16992,2096,3234,6.644134,;inf,17129,2111,3271,6.694451,;inf,17298,2130,3290,6.745312,;inf,17422,2144,3304,6.795486,;inf,17568,2161,3320,6.846262,;inf,17757,2182,3342,6.896575,;inf,17913,2200,3360,6.946773,;inf,18118,2222,3382,6.997091,;inf,18313,2243,3403,7.047743,;inf,18380,2253,3417,7.098170,;inf,18468,2267,3455,7.148280,;inf,18571,2280,3489,7.199021,;inf,18658,2289,3519,7.249411,;inf,18783,2307,3566,7.299611,;inf,18859,2317,3576,7.350007,;inf,18964,2328,3587,7.400699,;inf,19073,2342,3601,7.451060,;inf,19283,2365,3624,7.501897,;inf,19484,2388,3647,7.552483,;inf,19639,2406,3665,7.602703,;inf,19778,2422,3681,7.653260,;inf,19961,2444,3710,7.703385,;inf,20088,2460,3759,7.754181,;inf,20167,2469,3788,7.805245,;inf,20278,2485,3836,7.855375,;inf,20394,2501,3868,7.905530,;inf,20459,2510,3877,7.955928,;inf,20560,2521,3888,8.006235,;
inf,201,43,45,0.050152,;inf,327,63,65,0.101240,;inf,404,75,77,0.151439,;inf,524,95,97,0.201482,;inf,639,113,115,0.251663,;inf,780,130,132,0.301749,;inf,952,152,154,0.351908,;inf,1051,167,169,0.402030,;inf,1141,179,201,0.452113,;inf,1221,192,234,0.502158,;inf,1301,202,265,0.552293,;inf,1378,213,301,0.602403,;inf,1490,228,319,0.652621,;inf,1545,235,326,0.702892,;inf,1644,246,337,0.753048,;inf,1815,266,357,0.803187,;inf,1944,280,371,0.853316,;inf,2020,290,380,0.903363,;inf,2154,304,395,0.953524,;inf,2352,327,418,1.003560,;inf,2457,340,457,1.053642,;inf,2540,353,487,1.103806,;inf,2620,364,515,1.153938,;inf,2726,378,559,1.204144,;inf,2880,396,585,1.254826,;inf,2963,405,594,1.304885,;inf,3082,419,608,1.355009,;inf,3220,433,622,1.405138,;inf,3364,449,638,1.455318,;inf,3484,463,652,1.507279,;inf,3663,483,672,1.557451,;inf,3757,494,683,1.607623,;inf,3859,507,719,1.657658,;inf,3946,519,750,1.707895,;inf,4014,528,773,1.758036,;inf,4100,539,803,1.808239,;inf,4209,552,821,1.858463,;inf,4371,569,838,1.908573,;inf,4505,586,855,1.958704,;inf,4693,608,877,2.009440,;inf,4834,626,895,2.059575,;inf,4954,639,908,2.109779,;inf,5062,652,921,2.159909,;inf,5152,662,931,2.210036,;inf,5249,680,970,2.260197,;
inf,232,57,59,0.050291,;inf,319,72,74,0.100651,;inf,503,98,100,0.151044,;inf,595,111,112,0.202310,;inf,812,138,140,0.252706,;inf,968,160,162,0.303211,;inf,1087,175,177,0.354237,;inf,1148,182,184,0.404424,;inf,1259,197,228,0.454485,;inf,1338,205,260,0.504755,;inf,1423,216,297,0.555239,;inf,1511,225,325,0.605464,;inf,1667,244,344,0.655953,;inf,1729,252,352,0.706243,;inf,1843,267,367,0.756614,;inf,1926,277,377,0.806830,;inf,2041,291,391,0.857113,;inf,2171,304,404,0.907757,;inf,2295,319,419,0.958808,;inf,2378,330,435,1.009057,;inf,2467,342,471,1.059366,;inf,2579,358,515,1.109429,;inf,2686,371,556,1.160119,;inf,2795,387,601,1.210821,;inf,2905,401,615,1.260937,;inf,3102,423,637,1.311275,;inf,3238,438,652,1.362329,;inf,3343,450,664,1.412697,;inf,3467,467,681,1.463124,;inf,3615,484,697,1.513413,;inf,3689,493,706,1.563446,;inf,3745,501,715,1.613522,;inf,3836,512,741,1.664003,;inf,3937,527,784,1.715255,;inf,4024,538,822,1.766954,;inf,4123,550,854,1.817353,;inf,4312,572,876,1.868637,;inf,4469,590,894,1.918823,;inf,4594,606,910,1.973473,;inf,4702,619,923,2.024002,;inf,4855,635,939,2.074680,;inf,4966,648,952,2.125169,;inf,5103,662,966,2.175728,;inf,5231,676,983,2.226256,;inf,5291,684,1005,2.277147,;inf,5357,693,1034,2.327940,;inf,5406,700,1055,2.378611,;inf,5462,707,1072,2.429455,;inf,5577,719,1084,2.479585,;inf,5701,734,1099,2.530473,;inf,5881,753,1118,2.581019,;inf,6002,767,1132,2.631361,;inf,6150,784,1149,2.682137,;inf,6298,800,1165,2.732608,;inf,6405,811,1176,2.783131,;inf,6549,827,1197,2.834420,;inf,6661,842,1239,2.884860,;inf,6747,855,1274,2.934987,;inf,6840,869,1314,2.985038,;inf,6911,878,1338,3.035338,;inf,7048,892,1352,3.085386,;inf,7159,907,1367,3.135533,;inf,7255,917,1377,3.185720,;inf,7422,934,1394,3.235991,;inf,7503,945,1405,3.286365,;inf,7579,954,1414,3.336856,;inf,7724,970,1430,3.387019,;inf,7859,986,1447,3.439134,;inf,7962,1000,1482,3.489290,;inf,8052,1011,1514,3.539331,;inf,8129,1023,1546,3.589877,;inf,8223,1039,1582,3.640294,;inf,8396,1058,1601,3.691138,;inf,8588,1079,1622,3.741835,;inf,8758,1098,1641,3.792861,;inf,8878,1111,1654,3.843299,;inf,9088,1137,1679,3.893503,;inf,9263,1155,1698,3.943554,;inf,9332,1164,1707,3.994018,;inf,9466,1179,1722,4.044653,;inf,9570,1191,1756,4.095072,;inf,9646,1203,1790,4.147213,;inf,9718,1214,1820,4.197370,;inf,9815,1226,1855,4.247506,;inf,9862,1231,1860,4.297897,;inf,9965,1243,1872,4.348762,;inf,10071,1255,1884,4.399351,;inf,10163,1265,1894,4.449752,;inf,10269,1276,1905,4.500008,;inf,10379,1287,1916,4.550834,;inf,10454,1296,1925,4.601151,;inf,10547,1306,1935,4.651308,;inf,10636,1319,1966,4.702226,;inf,10691,1328,1990,4.753076,;inf,10798,1342,2030,4.803868,;inf,10900,1354,2067,4.854283,;inf,11060,1374,2088,4.904813,;inf,11237,1394,2108,4.955585,;inf,11349,1408,2122,5.005991,;inf,11517,1427,2141,5.056630,;inf,11642,1442,2156,5.107072,;inf,11780,1458,2172,5.158903,;inf,11909,1472,2186,5.210886,;inf,12023,1484,2198,5.261591,;inf,12134,1499,2237,5.311874,;inf,12234,1514,2282,5.362261,;inf,12334,1525,2314,5.412469,;inf,12452,1541,2361,5.463083,;inf,12520,1549,2370,5.514656,;inf,12647,1562,2383,5.564930,;inf,12741,1574,2395,5.615039,;inf,12888,1590,2411,5.665196,;inf,13012,1604,2425,5.715779,;inf,13099,1614,2435,5.766008,;inf,13247,1632,2453,5.816751,;inf,13378,1647,2468,5.867113,;inf,13482,1660,2504,5.917189,;inf,13565,1670,2540,5.967393,;inf,13614,1678,2559,6.017563,;inf,13706,1691,2599,6.068178,;inf,13799,1702,2613,6.119432,;inf,13895,1717,2628,6.169922,;inf,14020,1732,2643,6.220562,;inf,14109,1742,2653,6.271936,;inf,14214,1753,2664,6.323041,;inf,14336,1767,2678,6.373175,;inf,14444,1779,2690,6.423498,;inf,14531,1790,2701,6.473658,;inf,14596,1801,2725,6.523815,;inf,14708,1817,2781,6.573937,;inf,14805,1828,2816,6.623983,;inf,14906,1841,2856,6.674583,;inf,15018,1853,2873,6.724773,;inf,15128,1868,2888,6.775349,;inf,15236,1880,2900,6.825992,;inf,15373,1896,2916,6.878237,;inf,15515,1912,2932,6.928295,;inf,15679,1931,2951,6.978435,;inf,15753,1940,2960,7.029159,;inf,15919,1958,2978,7.079459,;inf,15998,1969,3015,7.130335,;inf,16095,1983,3059,7.180413,;inf,16153,1991,3085,7.230578,;inf,16225,2000,3109,7.281503,;inf,16319,2012,3122,7.332168,;inf,16440,2026,3136,7.383086,;inf,16545,2038,3148,7.433638,;inf,16672,2053,3163,7.484619,;inf,16849,2074,3184,7.535359,;inf,17030,2094,3204,7.585917,;inf,17205,2112,3222,7.636196,;inf,17340,2127,3237,7.686780,;inf,17475,2142,3280,7.737518,;inf,17587,2158,3319,7.788856,;inf,17670,2169,3348,7.839062,;inf,17762,2182,3378,7.889225,;inf,17808,2188,3387,7.939539,;inf,18011,2210,3409,7.991550,;inf,18163,2227,3426,8.043133,;inf,18312,2244,3443,8.094127,;inf,18449,2259,3458,8.144247,;inf,18625,2278,3477,8.194421,;inf,18706,2288,3486,8.244783,;inf,18784,2297,3496,8.295232,;inf,18869,2311,3532,8.345363,;inf,18992,2329,3586,8.395825,;inf,19096,2342,3625,8.447073,;inf,19214,2355,3671,8.497886,;inf,19380,2375,3692,8.548353,;inf,19508,2390,3707,8.599102,;inf,19657,2407,3724,8.649394,;inf,19844,2428,3745,8.699943,;inf,19941,2440,3757,8.750068,;inf,20151,2463,3780,8.800253,;inf,20300,2480,3797,8.850968,;inf,20419,2493,3810,8.901756,;inf,20554,2515,3865,8.952022,;inf,20662,2530,3908,9.003167,;inf,20782,2548,3964,9.054896,;2348.995226,20885,2564,4005,9.105206,;
inf,138,35,37,0.050016,;inf,392,71,73,0.100137,;inf,510,89,91,0.150277,;inf,627,105,107,0.200443,;inf,762,122,124,0.250517,;inf,988,151,153,0.300627,;inf,1178,177,179,0.350914,;inf,1291,190,192,0.401058,;inf,1425,205,243,0.451102,;inf,1602,225,311,0.501213,;inf,1725,240,359,0.551843,;inf,1835,256,404,0.601989,;inf,1951,269,423,0.652134,;inf,2201,297,451,0.702168,;inf,2425,323,477,0.752674,;inf,2610,343,497,0.802706,;inf,2731,357,511,0.852913,;inf,2855,370,524,0.903107,;inf,3029,391,545,0.953297,;inf,3183,407,561,1.003475,;inf,3301,424,595,1.053583,;inf,3386,434,628,1.103758,;inf,3524,451,679,1.153838,;inf,3596,461,700,1.203903,;inf,3714,475,731,1.254104,;inf,3855,490,746,1.304246,;inf,4027,511,767,1.354442,;2364.609321,4124,524,780,1.404600,;
inf,154,44,46,0.050163,;inf,344,76,78,0.100258,;inf,529,103,105,0.150290,;inf,683,122,124,0.200382,;inf,834,144,146,0.250420,;inf,976,162,164,0.300565,;inf,1129,182,184,0.350662,;inf,1275,201,203,0.400836,;inf,1384,217,247,0.451053,;inf,1477,229,277,0.501197,;inf,1603,246,328,0.551297,;inf,1688,259,366,0.601491,;inf,1833,276,384,0.651824,;inf,1942,288,396,0.702111,;inf,2072,305,413,0.752270,;inf,2203,319,427,0.802357,;inf,2319,331,439,0.852511,;inf,2542,356,464,0.902566,;inf,2636,366,474,0.952620,;inf,2761,381,489,1.002687,;inf,2919,399,533,1.052734,;inf,3032,412,568,1.102969,;inf,3149,425,608,1.153079,;inf,3255,440,647,1.203304,;
inf,324,56,58,0.050112,;inf,491,80,82,0.100234,;inf,610,98,100,0.150396,;inf,775,118,120,0.200531,;inf,905,137,139,0.250715,;inf,1141,166,168,0.300961,;inf,1253,179,181,0.351006,;inf,1385,195,197,0.401089,;inf,1469,205,229,0.451329,;inf,1578,219,275,0.501490,;inf,1692,232,319,0.551636,;inf,1788,244,356,0.601753,;inf,1975,264,379,0.651788,;inf,2138,283,398,0.702005,;inf,2291,300,415,0.752177,;inf,2465,322,437,0.802337,;inf,2602,337,452,0.852371,;inf,2759,355,470,0.902646,;inf,2840,365,480,0.952819,;inf,2922,374,489,1.002912,;inf,3012,385,521,1.052956,;inf,3094,397,551,1.103016,;inf,3179,410,590,1.153191,;inf,3290,424,630,1.203353,;inf,3395,436,647,1.253507,;inf,3562,455,666,1.303646,;inf,3605,460,671,1.353711,;inf,3728,474,685,1.403817,;inf,3893,493,704,1.453970,;inf,3989,503,714,1.504088,;inf,4143,519,730,1.554197,;inf,4279,536,747,1.604392,;inf,4343,546,764,1.654506,;inf,4419,556,785,1.704679,;inf,4501,571,816,1.754822,;inf,4609,586,858,1.805256,;inf,4772,605,884,1.855405,;inf,4893,619,898,1.905495,;inf,4994,630,909,1.955683,;inf,5065,638,917,2.005843,;inf,5201,653,932,2.056108,;inf,5327,667,946,2.106307,;inf,5507,686,965,2.156456,;inf,5671,706,985,2.206611,;inf,5753,716,1006,2.256711,;inf,5893,731,1057,2.306854,;inf,6019,746,1104,2.356963,;inf,6135,764,1148,2.406990,;inf,6276,781,1174,2.457253,;inf,6379,793,1186,2.507299,;inf,6488,806,1199,2.557765,;inf,6589,818,1211,2.607794,;inf,6759,837,1230,2.657946,;inf,6897,852,1245,2.708049,;
inf,151,46,48,0.050425,;inf,281,72,74,0.100839,;inf,358,87,88,0.151047,;inf,472,103,105,0.201535,;inf,605,124,126,0.252864,;inf,709,138,140,0.303059,;inf,819,152,154,0.353157,;inf,959,171,173,0.403240,;inf,1055,185,216,0.454720,;inf,1159,196,254,0.505611,;2974.843869,1218,203,277,0.556069,;
inf,208,39,41,0.050120,;inf,415,70,72,0.100664,;inf,645,102,104,0.150769,;inf,876,129,131,0.200800,;inf,1129,160,162,0.250978,;inf,1283,180,182,0.301122,;inf,1533,212,214,0.351222,;inf,1704,232,234,0.401376,;inf,1770,243,264,0.451535,;inf,1890,260,314,0.501673,;inf,1962,270,344,0.551790,;inf,2099,286,398,0.601931,;inf,2263,305,420,0.652132,;inf,2357,316,431,0.702254,;inf,2474,330,445,0.752287,;inf,2590,345,460,0.802449,;inf,2651,352,467,0.852618,;inf,2784,368,483,0.902813,;inf,2940,386,501,0.952864,;inf,3070,400,515,1.003010,;inf,3180,415,549,1.053144,;inf,3263,426,576,1.103282,;inf,3313,433,594,1.153424,;inf,3461,450,637,1.203597,;inf,3599,466,656,1.253737,;inf,3748,483,673,1.304099,;inf,3914,502,692,1.354197,;inf,4032,515,705,1.404230,;inf,4083,523,713,1.454388,;inf,4231,539,729,1.504485,;inf,4383,555,745,1.554612,;inf,4486,566,756,1.604817,;inf,4572,577,785,1.655007,;inf,4673,590,822,1.705052,;inf,4804,607,877,1.755100,;inf,4903,618,914,1.805152,;inf,5069,638,940,1.855292,;inf,5180,651,953,1.905386,;inf,5353,671,973,1.956125,;inf,5584,697,999,2.006206,;inf,5658,706,1008,2.056399,;inf,5774,719,1021,2.106458,;inf,5983,744,1046,2.156947,;inf,6144,762,1064,2.207071,;inf,6263,778,1101,2.257203,;inf,6371,792,1133,2.307289,;inf,6459,808,1176,2.357317,;inf,6537,818,1207,2.407442,;inf,6712,838,1236,2.457595,;inf,6809,850,1248,2.507846,;inf,6953,867,1265,2.557976,;inf,7110,884,1282,2.608208,;inf,7251,899,1297,2.658315,;inf,7384,916,1314,2.708455,;inf,7496,928,1326,2.758630,;inf,7643,945,1343,2.808749,;inf,7741,959,1367,2.858915,;inf,7857,975,1416,2.909140,;inf,7976,994,1474,2.959167,;inf,8094,1010,1515,3.009203,;inf,8194,1023,1538,3.059295,;inf,8301,1036,1551,3.109569,;inf,8444,1051,1566,3.159875,;inf,8582,1067,1582,3.210097,;inf,8640,1074,1589,3.260233,;inf,8744,1085,1600,3.310381,;inf,8869,1099,1614,3.360605,;inf,9051,1119,1634,3.410696,;inf,9200,1134,1677,3.460833,;inf,9296,1148,1711,3.511001,;inf,9417,1164,1760,3.561046,;inf,9553,1184,1816,3.611166,;inf,9729,1205,1846,3.661332,;inf,9893,1224,1865,3.711566,;inf,10024,1242,1883,3.761717,;inf,10198,1261,1902,3.811754,;inf,10353,1280,1921,3.861932,;inf,10439,1291,1932,3.912374,;inf,10542,1302,1943,3.962578,;inf,10686,1318,1959,4.012617,;inf,10818,1334,1996,4.062755,;inf,10908,1348,2041,4.112912,;inf,11036,1370,2100,4.163049,;inf,11167,1391,2148,4.213139,;inf,11273,1405,2170,4.263248,;inf,11421,1425,2190,4.313414,;inf,11620,1447,2212,4.363600,;inf,11735,1462,2227,4.413733,;inf,11947,1486,2251,4.463923,;inf,12085,1501,2266,4.514100,;inf,12165,1511,2276,4.564271,;inf,12329,1528,2293,4.614333,;
inf,167,47,49,0.050011,;inf,349,77,79,0.100374,;inf,525,102,104,0.150624,;inf,779,133,135,0.200743,;inf,986,158,160,0.250890,;inf,1143,180,182,0.300922,;inf,1263,196,198,0.351121,;inf,1382,209,211,0.401266,;inf,1475,223,250,0.451713,;inf,1623,241,314,0.501903,;inf,1755,255,360,0.552055,;inf,1846,265,394,0.602166,;inf,1948,278,417,0.652381,;inf,2080,293,432,0.702562,;inf,2198,305,444,0.752677,;inf,2322,320,459,0.802757,;inf,2451,334,473,0.852900,;inf,2543,347,486,0.903055,;inf,2670,360,499,0.953195,;inf,2835,379,518,1.003246,;inf,2931,390,535,1.053274,;inf,3029,404,575,1.103424,;inf,3144,418,618,1.153524,;inf,3253,431,660,1.203710,;inf,3381,445,681,1.253766,;inf,3542,462,698,1.303903,;inf,3651,474,710,1.354058,;inf,3789,490,726,1.404291,;inf,3888,502,738,1.454488,;inf,4010,516,752,1.504623,;inf,4129,529,765,1.554680,;inf,4266,543,779,1.604961,;inf,4406,560,819,1.654990,;inf,4503,573,852,1.705152,;inf,4594,586,885,1.755510,;inf,4739,603,943,1.805765,;inf,4913,623,978,1.856052,;inf,5056,639,994,1.906163,;inf,5188,654,1009,1.956461,;inf,5289,665,1020,2.006565,;inf,5439,681,1036,2.056746,;inf,5598,699,1054,2.106888,;inf,5701,713,1068,2.157084,;inf,5920,736,1091,2.207112,;inf,6078,756,1128,2.257265,;inf,6219,776,1183,2.307461,;inf,6319,791,1225,2.357569,;inf,6458,809,1282,2.407595,;
inf,279,54,56,0.050109,;inf,444,82,84,0.100231,;inf,596,103,105,0.151579,;inf,738,120,122,0.201624,;inf,939,147,149,0.251660,;inf,1033,163,165,0.301790,;inf,1199,184,186,0.352189,;inf,1349,201,203,0.402314,;inf,1520,221,258,0.452538,;inf,1632,237,300,0.502764,;inf,1736,251,343,0.552805,;inf,1863,265,392,0.602947,;inf,1999,281,411,0.653169,;inf,2138,298,427,0.703282,;inf,2236,308,438,0.753411,;inf,2322,318,448,0.803519,;inf,2438,332,462,0.853718,;inf,2576,348,478,0.903880,;inf,2691,361,491,0.954488,;inf,2800,375,505,1.004658,;inf,2906,390,537,1.054769,;inf,3031,405,582,1.104927,;inf,3149,418,626,1.155180,;inf,3286,436,671,1.205208,;inf,3422,452,694,1.255395,;inf,3531,464,706,1.305998,;inf,3667,479,721,1.356778,;inf,3800,494,736,1.406832,;inf,4007,517,759,1.456986,;inf,4202,538,780,1.507078,;inf,4350,553,795,1.557960,;inf,4497,571,813,1.608118,;inf,4621,588,860,1.658299,;inf,4719,602,894,1.708439,;inf,4790,611,916,1.758672,;inf,4886,623,950,1.809222,;inf,5065,644,973,1.859359,;inf,5217,661,990,1.909462,;inf,5355,677,1006,1.959501,;inf,5469,690,1019,2.009827,;inf,5628,709,1038,2.059980,;inf,5772,725,1054,2.110120,;inf,5904,741,1070,2.160240,;inf,6102,762,1091,2.210273,;inf,6217,779,1134,2.260348,;
inf,237,46,48,0.050131,;inf,436,75,77,0.100323,;inf,632,100,102,0.150364,;inf,831,126,128,0.200500,;inf,1024,154,156,0.250672,;inf,1156,170,172,0.300760,;inf,1302,186,188,0.350918,;inf,1488,208,209,0.401153,;inf,1600,222,253,0.451439,;inf,1687,231,285,0.501527,;inf,1821,245,334,0.551624,;inf,1974,263,394,0.601746,;inf,2144,282,414,0.651918,;inf,2268,297,429,0.702083,;inf,2394,311,443,0.752182,;inf,2534,327,459,0.802220,;inf,2752,354,486,0.852331,;inf,2876,369,501,0.902579,;inf,3041,388,520,0.952784,;inf,3192,407,539,1.003049,;inf,3266,416,557,1.053185,;inf,3382,430,596,1.103351,;inf,3481,442,642,1.153514,;inf,3569,452,674,1.203710,;inf,3730,469,705,1.254618,;inf,3910,489,725,1.304774,;inf,4077,509,745,1.354980,;inf,4217,525,761,1.405059,;inf,4396,545,781,1.455175,;inf,4526,560,796,1.505287,;inf,4688,578,814,1.555410,;inf,4770,588,824,1.605450,;inf,4833,595,842,1.656318,;inf,4918,607,875,1.706591,;inf,5016,620,912,1.756772,;inf,5149,637,961,1.806891,;inf,5268,652,984,1.857026,;inf,5405,668,1000,1.907344,;inf,5573,688,1020,1.957511,;inf,5647,696,1028,2.007716,;inf,5743,707,1039,2.057859,;inf,5869,720,1052,2.108401,;inf,5952,730,1062,2.158492,;inf,6035,739,1071,2.208624,;inf,6099,747,1082,2.258722,;inf,6153,754,1107,2.309089,;inf,6205,759,1120,2.359151,;inf,6248,765,1132,2.409309,;inf,6317,773,1155,2.460213,;inf,6378,780,1162,2.511868,;inf,6416,785,1167,2.563894,;inf,6429,786,1168,2.616651,;inf,6464,790,1172,2.667264,;inf,6530,798,1180,2.718872,;inf,6604,806,1188,2.769162,;inf,6645,811,1193,2.819808,;inf,6782,825,1233,2.870062,;inf,6898,837,1280,2.920181,;inf,7011,854,1329,2.970295,;inf,7114,866,1371,3.020507,;inf,7236,881,1399,3.070539,;inf,7400,900,1418,3.120709,;inf,7504,911,1429,3.170823,;inf,7676,930,1448,3.220974,;inf,7891,954,1472,3.271168,;inf,8020,969,1487,3.321268,;inf,8188,988,1506,3.371426,;inf,8355,1007,1525,3.421654,;inf,8487,1022,1550,3.472406,;inf,8579,1036,1592,3.523239,;inf,8682,1049,1631,3.573646,;inf,8773,1062,1664,3.623908,;inf,8858,1070,1683,3.674137,;inf,8959,1081,1694,3.724250,;inf,9022,1090,1703,3.774429,;inf,9128,1102,1715,3.824562,;inf,9299,1121,1734,3.874738,;inf,9387,1131,1744,3.924873,;inf,9537,1146,1759,3.974947,;inf,9616,1155,1768,4.024984,;inf,9752,1170,1794,4.075115,;inf,9848,1182,1834,4.125276,;inf,9987,1199,1887,4.175429,;inf,10091,1217,1938,4.225517,;inf,10230,1235,1972,4.276002,;inf,10346,1249,1986,4.326148,;inf,10437,1259,1996,4.376260,;inf,10522,1269,2006,4.426391,;inf,10708,1291,2028,4.476467,;inf,10804,1303,2040,4.526692,;inf,10955,1319,2056,4.576833,;inf,11037,1328,2065,4.626938,;inf,11171,1346,2100,4.677034,;inf,11318,1363,2152,4.727575,;inf,11436,1378,2197,4.777725,;inf,11549,1394,2247,4.827958,;inf,11635,1406,2274,4.877985,;inf,11769,1420,2288,4.928024,;inf,11831,1427,2295,4.978310,;inf,11931,1438,2306,5.028398,;inf,12065,1453,2321,5.078545,;inf,12308,1481,2349,5.128570,;inf,12430,1493,2361,5.178699,;inf,12586,1511,2379,5.228764,;inf,12669,1521,2393,5.278969,;inf,12790,1540,2435,5.329140,;inf,12883,1552,2478,5.379408,;inf,12964,1565,2515,5.429485,;inf,13124,1584,2563,5.479653,;inf,13299,1603,2582,5.529688,;inf,13432,1619,2598,5.579806,;inf,13559,1633,2612,5.630045,;inf,13716,1650,2629,5.680212,;inf,13835,1663,2642,5.730338,;inf,13989,1679,2658,5.780426,;inf,14124,1695,2674,5.830584,;inf,14202,1705,2687,5.880637,;inf,14280,1717,2718,5.930722,;inf,14387,1732,2753,5.980836,;inf,14511,1749,2799,6.030976,;inf,14622,1763,2834,6.081124,;inf,14806,1783,2854,6.131571,;inf,14913,1796,2867,6.181780,;inf,15050,1813,2883,6.231818,;inf,15183,1828,2899,6.281937,;inf,15280,1840,2911,6.332045,;inf,15412,1854,2925,6.382192,;inf,15556,1869,2940,6.432328,;inf,15676,1883,2954,6.482531,;inf,15777,1899,2984,6.532706,;2229.182555,15888,1913,3025,6.583083,;
inf,150,41,42,0.050487,;inf,319,68,70,0.100730,;inf,442,88,90,0.150980,;inf,595,108,109,0.201019,;inf,716,122,124,0.251145,;inf,925,148,150,0.301275,;inf,1090,168,170,0.351320,;inf,1262,187,189,0.401483,;inf,1372,201,231,0.451625,;inf,1443,209,258,0.501816,;inf,1541,223,296,0.551886,;inf,1641,235,333,0.601995,;inf,1791,251,351,0.652336,;inf,1902,264,364,0.702500,;inf,1991,276,375,0.752660,;inf,2107,290,390,0.802769,;inf,2216,306,406,0.852969,;inf,2343,321,421,0.903173,;inf,2496,342,442,0.953370,;inf,2585,353,453,1.003480,;inf,2661,364,473,1.053577,;inf,2750,378,513,1.103697,;inf,2850,391,549,1.153944,;inf,2957,403,592,1.204485,;inf,3102,420,611,1.254658,;inf,3189,430,621,1.305129,;inf,3342,448,639,1.355164,;inf,3530,468,659,1.405240,;inf,3692,485,676,1.455411,;inf,3865,505,696,1.505524,;inf,4028,523,714,1.555576,;inf,4103,534,725,1.605834,;inf,4202,549,758,1.656312,;inf,4287,561,795,1.706496,;inf,4414,581,846,1.756637,;inf,4516,595,890,1.806669,;inf,4610,609,909,1.856834,;inf,4721,622,922,1.906976,;inf,4807,634,934,1.957191,;
.
