OMPL version 1.2.1
Experiment cubicles
0 experiment properties
Running on ompl-VirtualBox
Starting at 2016-09-27 19:52:26
<<<|
Properties of the state space 'SE3CompoundSpace0'
  - signature: 6 5 6 1 3 3 3 
  - dimension: 6
  - extent: 1149.42
  - sanity checks for state space passed
  - probability of valid states: 1
  - average length of a valid motion: 418.864
  - average number of samples drawn per second: sampleUniform()=1.68586e+06 sampleUniformNear()=2.14911e+06 sampleGaussian()=1.3975e+06
Settings for the state space 'SE3CompoundSpace0'
  - state validity check resolution: 1%
  - valid segment count factor: 1
  - state space:
Compound state space 'SE3CompoundSpace0' of dimension 6 (locked) [
Real vector state space 'RealVectorSpace1' of dimension 3 with bounds: 
  - min: -508.88 -230.13 -123.75 
  - max: 319.62 531.87 101 
 of weight 1
SO(3) state space 'SO3Space2' (represented using quaternions)
 of weight 1
]
Registered projections:
  - <default>
Projection of dimension 3
Cell sizes (computed defaults): [41.425 38.1 11.2375]

Declared parameters:
longest_valid_segment_fraction = 0.01
projection.cellsize.0 = 41.424999999999997
projection.cellsize.1 = 38.100000000000001
projection.cellsize.2 = 11.237500000000001
projection.cellsize_factor = 
valid_segment_count_factor = 1
Valid state sampler named uniform with parameters:
nr_attempts = 100
Planner LBKPIECE1 specs:
Multithreaded:                 No
Reports approximate solutions: No
Can optimize solutions:        No
Aware of the following parameters: border_fraction min_valid_path_fraction range
Declared parameters for planner LBKPIECE1:
border_fraction = 0.90000000000000002
min_valid_path_fraction = 0.5
range = 229.88495989122254
Start states:
Compound state [
RealVectorState [-4.96 -40.62 70.57]
SO3State [0 0 0 1]
]
Goal state, threshold = 1e-06, memory address = 0x1b854d0, state = 
Compound state [
RealVectorState [200 -40.62 70.57]
SO3State [0 0 0 1]
]
OptimizationObjective = nullptr
There are 0 solutions

Properties of benchmarked planners:
Planner BKPIECE1 specs:
Multithreaded:                 No
Reports approximate solutions: No
Can optimize solutions:        No
Aware of the following parameters: border_fraction failed_expansion_score_factor min_valid_path_fraction range
Planner EST specs:
Multithreaded:                 No
Reports approximate solutions: Yes
Can optimize solutions:        No
Aware of the following parameters: goal_bias range
Planner KPIECE1 specs:
Multithreaded:                 No
Reports approximate solutions: Yes
Can optimize solutions:        No
Aware of the following parameters: border_fraction failed_expansion_score_factor goal_bias min_valid_path_fraction range
Planner LBKPIECE1 specs:
Multithreaded:                 No
Reports approximate solutions: No
Can optimize solutions:        No
Aware of the following parameters: border_fraction min_valid_path_fraction range
Planner PDST specs:
Multithreaded:                 No
Reports approximate solutions: No
Can optimize solutions:        No
Aware of the following parameters: goal_bias
Planner PRM specs:
Multithreaded:                 Yes
Reports approximate solutions: No
Can optimize solutions:        Yes
Aware of the following parameters: max_nearest_neighbors
Planner RRT specs:
Multithreaded:                 No
Reports approximate solutions: Yes
Can optimize solutions:        No
Aware of the following parameters: goal_bias range
Planner RRTConnect specs:
Multithreaded:                 No
Reports approximate solutions: No
Can optimize solutions:        No
Aware of the following parameters: range
Planner SBL specs:
Multithreaded:                 No
Reports approximate solutions: No
Can optimize solutions:        No
Aware of the following parameters: range
Planner STRIDE specs:
Multithreaded:                 No
Reports approximate solutions: Yes
Can optimize solutions:        No
Aware of the following parameters: degree estimated_dimension goal_bias max_degree max_pts_per_leaf min_degree min_valid_path_fraction range use_projected_distance
Planner TRRT specs:
Multithreaded:                 No
Reports approximate solutions: Yes
Can optimize solutions:        No
Aware of the following parameters: cost_threshold frontierNodeRatio frontier_threshold goal_bias init_temperature range temp_change_factor
|>>>
<<<|
Architecture:          x86_64
CPU op-mode(s):        32-bit, 64-bit
Byte Order:            Little Endian
CPU(s):                4
On-line CPU(s) list:   0-3
Thread(s) per core:    1
Core(s) per socket:    4
Socket(s):             1
NUMA node(s):          1
Vendor ID:             GenuineIntel
CPU family:            6
Model:                 42
Model name:            Intel(R) Core(TM) i5-2410M CPU @ 2.30GHz
Stepping:              7
CPU MHz:               2330.000
BogoMIPS:              4660.00
Hypervisor vendor:     KVM
Virtualization type:   full
L1d cache:             32K
L1i cache:             32K
L2 cache:              256K
L3 cache:              3072K
NUMA node0 CPU(s):     0-3
Flags:                 fpu vme de pse tsc msr pae mce cx8 apic sep mtrr pge mca cmov pat pse36 clflush mmx fxsr sse sse2 ht syscall nx rdtscp lm constant_tsc rep_good nopl xtopology nonstop_tsc pni pclmulqdq ssse3 cx16 sse4_1 sse4_2 x2apic popcnt xsave avx hypervisor lahf_lm
|>>>
544608191 is the random seed
20 seconds per run
1000 MB per run
50 runs per planner
3.22001 seconds spent to collect the data
1 enum type
status|Unknown status|Invalid start|Invalid goal|Unrecognized goal type|Timeout|Approximate solution|Exact solution|Crash|Unknown status
11 planners
geometric_BKPIECE1
10 common properties
border_fraction = 0.90000000000000002
failed_expansion_score_factor = 0.5
longest_valid_segment_fraction = 0.01
min_valid_path_fraction = 0.5
projection.cellsize.0 = 41.424999999999997
projection.cellsize.1 = 38.100000000000001
projection.cellsize.2 = 11.237500000000001
projection.cellsize_factor = 
range = 229.88495989122254
valid_segment_count_factor = 1
22 properties for each run
approximate solution BOOLEAN
correct solution BOOLEAN
correct solution strict BOOLEAN
graph motions INTEGER
graph states INTEGER
memory REAL
simplification time REAL
simplified correct solution BOOLEAN
simplified correct solution strict BOOLEAN
simplified solution clearance REAL
simplified solution length REAL
simplified solution segments INTEGER
simplified solution smoothness REAL
solution clearance REAL
solution difference REAL
solution length REAL
solution segments INTEGER
solution smoothness REAL
solved BOOLEAN
status ENUM
time REAL
valid segment fraction REAL
50 runs
0; 1; 1; 187; 188; 18.375000; 0.000080; 1; 1; inf; 204.960000; 1; 0.000000; inf; -1.000000; 11002.064353; 101; 0.038244; 1; 6; 0.013338; 1.000000; 
0; 1; 1; 83; 84; 18.375000; 0.000027; 1; 1; inf; 204.960000; 1; 0.000000; inf; -1.000000; 5181.442545; 53; 0.025903; 1; 6; 0.004420; 1.000000; 
0; 1; 1; 75; 76; 18.375000; 0.000024; 1; 1; inf; 204.960000; 1; 0.000000; inf; -1.000000; 4648.317883; 45; 0.012109; 1; 6; 0.004496; 1.000000; 
0; 1; 1; 223; 224; 18.375000; 0.000057; 1; 1; inf; 204.960000; 1; 0.000000; inf; -1.000000; 22350.138687; 207; 0.071003; 1; 6; 0.012600; 1.000000; 
0; 1; 1; 165; 166; 18.375000; 0.000043; 1; 1; inf; 204.960000; 1; 0.000000; inf; -1.000000; 8439.111005; 83; 0.030506; 1; 6; 0.008334; 1.000000; 
0; 1; 1; 50; 51; 18.375000; 0.000029; 1; 1; inf; 204.960000; 1; 0.000000; inf; -1.000000; 3155.097071; 34; 0.017010; 1; 6; 0.003509; 1.000000; 
0; 1; 1; 256; 257; 18.375000; 0.000096; 1; 1; inf; 204.960000; 1; 0.000000; inf; -1.000000; 20006.757996; 185; 0.062786; 1; 6; 0.013192; 1.000000; 
0; 1; 1; 310; 311; 18.660156; 0.000066; 1; 1; inf; 204.960000; 1; 0.000000; inf; -1.000000; 21431.037262; 208; 0.083082; 1; 6; 0.014714; 1.000000; 
0; 1; 1; 206; 207; 18.660156; 0.000068; 1; 1; inf; 204.960000; 1; 0.000000; inf; -1.000000; 20579.510760; 196; 0.066204; 1; 6; 0.011140; 1.000000; 
0; 1; 1; 295; 296; 18.660156; 0.000088; 1; 1; inf; 204.960000; 1; 0.000000; inf; -1.000000; 19779.439260; 189; 0.061303; 1; 6; 0.014210; 1.000000; 
0; 1; 1; 227; 228; 18.660156; 0.000046; 1; 1; inf; 204.960000; 1; 0.000000; inf; -1.000000; 12376.409980; 122; 0.047698; 1; 6; 0.010199; 1.000000; 
0; 1; 1; 146; 147; 18.660156; 0.000047; 1; 1; inf; 204.960000; 1; 0.000000; inf; -1.000000; 13363.006718; 128; 0.044631; 1; 6; 0.007753; 1.000000; 
0; 1; 1; 197; 198; 18.660156; 0.000064; 1; 1; inf; 204.960000; 1; 0.000000; inf; -1.000000; 11740.324198; 106; 0.029657; 1; 6; 0.011171; 1.000000; 
0; 1; 1; 123; 124; 18.660156; 0.000040; 1; 1; inf; 204.960000; 1; 0.000000; inf; -1.000000; 6900.138354; 67; 0.029174; 1; 6; 0.006593; 1.000000; 
0; 1; 1; 257; 258; 18.660156; 0.000057; 1; 1; inf; 204.960000; 1; 0.000000; inf; -1.000000; 19009.120905; 177; 0.061733; 1; 6; 0.013745; 1.000000; 
0; 1; 1; 65; 66; 18.660156; 0.000035; 1; 1; inf; 204.960000; 1; 0.000000; inf; -1.000000; 5918.881078; 58; 0.019575; 1; 6; 0.003439; 1.000000; 
0; 1; 1; 211; 212; 18.660156; 0.000048; 1; 1; inf; 204.960000; 1; 0.000000; inf; -1.000000; 20327.608375; 194; 0.077657; 1; 6; 0.009945; 1.000000; 
0; 1; 1; 11; 12; 18.660156; 0.000020; 1; 1; inf; 204.960000; 1; 0.000000; inf; -1.000000; 718.204010; 8; 0.003310; 1; 6; 0.001295; 1.000000; 
0; 1; 1; 124; 125; 18.660156; 0.000038; 1; 1; inf; 204.960000; 1; 0.000000; inf; -1.000000; 7795.578162; 75; 0.028832; 1; 6; 0.006685; 1.000000; 
0; 1; 1; 162; 163; 18.660156; 0.000077; 1; 1; inf; 204.960000; 1; 0.000000; inf; -1.000000; 16555.980975; 150; 0.042538; 1; 6; 0.008992; 1.000000; 
0; 1; 1; 147; 148; 18.660156; 0.000041; 1; 1; inf; 204.960000; 1; 0.000000; inf; -1.000000; 7869.700813; 74; 0.022140; 1; 6; 0.007902; 1.000000; 
0; 1; 1; 125; 126; 18.660156; 0.000044; 1; 1; inf; 204.960000; 1; 0.000000; inf; -1.000000; 10862.111218; 100; 0.030554; 1; 6; 0.005667; 1.000000; 
0; 1; 1; 202; 203; 18.660156; 0.000079; 1; 1; inf; 204.960000; 1; 0.000000; inf; -1.000000; 16308.349267; 160; 0.056100; 1; 6; 0.011074; 1.000000; 
0; 1; 1; 115; 116; 18.660156; 0.000033; 1; 1; inf; 204.960000; 1; 0.000000; inf; -1.000000; 9197.779307; 88; 0.032965; 1; 6; 0.005671; 1.000000; 
0; 1; 1; 69; 70; 18.660156; 0.000028; 1; 1; inf; 204.960000; 1; 0.000000; inf; -1.000000; 3453.973019; 35; 0.015397; 1; 6; 0.003478; 1.000000; 
0; 1; 1; 253; 254; 18.660156; 0.000066; 1; 1; inf; 204.960000; 1; 0.000000; inf; -1.000000; 21952.182260; 201; 0.066587; 1; 6; 0.012060; 1.000000; 
0; 1; 1; 226; 227; 18.660156; 0.000076; 1; 1; inf; 204.960000; 1; 0.000000; inf; -1.000000; 18259.181726; 172; 0.057068; 1; 6; 0.011069; 1.000000; 
0; 1; 1; 292; 293; 18.660156; 0.000074; 1; 1; inf; 204.960000; 1; 0.000000; inf; -1.000000; 23759.221426; 227; 0.075402; 1; 6; 0.013806; 1.000000; 
0; 1; 1; 49; 50; 18.746094; 0.000025; 1; 1; inf; 204.960000; 1; 0.000000; inf; -1.000000; 3225.009736; 32; 0.012281; 1; 6; 0.002383; 1.000000; 
0; 1; 1; 362; 363; 18.746094; 0.000091; 1; 1; inf; 204.960000; 1; 0.000000; inf; -1.000000; 34638.722942; 314; 0.099545; 1; 6; 0.019126; 1.000000; 
0; 1; 1; 139; 140; 18.746094; 0.000042; 1; 1; inf; 204.960000; 1; 0.000000; inf; -1.000000; 8341.321103; 80; 0.029287; 1; 6; 0.006843; 1.000000; 
0; 1; 1; 85; 86; 18.746094; 0.000027; 1; 1; inf; 204.960000; 1; 0.000000; inf; -1.000000; 6259.207847; 60; 0.023281; 1; 6; 0.004509; 1.000000; 
0; 1; 1; 253; 254; 18.746094; 0.000070; 1; 1; inf; 204.960000; 1; 0.000000; inf; -1.000000; 24171.031146; 227; 0.084239; 1; 6; 0.012137; 1.000000; 
0; 1; 1; 344; 345; 18.746094; 0.000063; 1; 1; inf; 204.960000; 1; 0.000000; inf; -1.000000; 17911.046905; 175; 0.069041; 1; 6; 0.016658; 1.000000; 
0; 1; 1; 242; 243; 18.746094; 0.000047; 1; 1; inf; 204.960000; 1; 0.000000; inf; -1.000000; 12761.650407; 120; 0.046946; 1; 6; 0.012414; 1.000000; 
0; 1; 1; 184; 185; 18.746094; 0.000060; 1; 1; inf; 204.960000; 1; 0.000000; inf; -1.000000; 17479.482445; 165; 0.053683; 1; 6; 0.009003; 1.000000; 
0; 1; 1; 117; 118; 18.746094; 0.000035; 1; 1; inf; 204.960000; 1; 0.000000; inf; -1.000000; 6570.593964; 64; 0.020636; 1; 6; 0.006704; 1.000000; 
0; 1; 1; 101; 102; 18.746094; 0.000039; 1; 1; inf; 204.960000; 1; 0.000000; inf; -1.000000; 10317.539601; 96; 0.034020; 1; 6; 0.005542; 1.000000; 
0; 1; 1; 135; 136; 18.746094; 0.000043; 1; 1; inf; 204.960000; 1; 0.000000; inf; -1.000000; 11776.092961; 106; 0.029764; 1; 6; 0.006917; 1.000000; 
0; 1; 1; 195; 196; 18.746094; 0.000048; 1; 1; inf; 204.960000; 1; 0.000000; inf; -1.000000; 10658.380196; 101; 0.033950; 1; 6; 0.010341; 1.000000; 
0; 1; 1; 284; 285; 18.746094; 0.000114; 1; 1; inf; 204.960000; 1; 0.000000; inf; -1.000000; 22367.262130; 216; 0.080313; 1; 6; 0.014202; 1.000000; 
0; 1; 1; 117; 118; 18.746094; 0.000040; 1; 1; inf; 204.960000; 1; 0.000000; inf; -1.000000; 7640.996692; 75; 0.027403; 1; 6; 0.005789; 1.000000; 
0; 1; 1; 47; 48; 18.746094; 0.000027; 1; 1; inf; 204.960000; 1; 0.000000; inf; -1.000000; 2311.113200; 23; 0.006579; 1; 6; 0.002530; 1.000000; 
0; 1; 1; 152; 153; 18.746094; 0.000065; 1; 1; inf; 204.960000; 1; 0.000000; inf; -1.000000; 12473.355547; 119; 0.047773; 1; 6; 0.007676; 1.000000; 
0; 1; 1; 29; 30; 18.746094; 0.000026; 1; 1; inf; 204.960000; 1; 0.000000; inf; -1.000000; 2586.452199; 24; 0.008508; 1; 6; 0.001761; 1.000000; 
0; 1; 1; 138; 139; 18.746094; 0.000039; 1; 1; inf; 204.960000; 1; 0.000000; inf; -1.000000; 12924.526415; 122; 0.041116; 1; 6; 0.006700; 1.000000; 
0; 1; 1; 222; 223; 18.746094; 0.000066; 1; 1; inf; 204.960000; 1; 0.000000; inf; -1.000000; 23930.730399; 215; 0.059980; 1; 6; 0.010825; 1.000000; 
0; 1; 1; 134; 135; 18.746094; 0.000065; 1; 1; inf; 204.960000; 1; 0.000000; inf; -1.000000; 9195.990188; 92; 0.033540; 1; 6; 0.006710; 1.000000; 
0; 1; 1; 190; 191; 18.746094; 0.000034; 1; 1; inf; 204.960000; 1; 0.000000; inf; -1.000000; 9455.568209; 93; 0.034181; 1; 6; 0.009950; 1.000000; 
0; 1; 1; 255; 256; 18.746094; 0.000086; 1; 1; inf; 204.960000; 1; 0.000000; inf; -1.000000; 20323.920416; 191; 0.068024; 1; 6; 0.013312; 1.000000; 
.
geometric_EST
8 common properties
goal_bias = 0.050000000000000003
longest_valid_segment_fraction = 0.01
projection.cellsize.0 = 41.424999999999997
projection.cellsize.1 = 38.100000000000001
projection.cellsize.2 = 11.237500000000001
projection.cellsize_factor = 
range = 229.88495989122254
valid_segment_count_factor = 1
22 properties for each run
approximate solution BOOLEAN
correct solution BOOLEAN
correct solution strict BOOLEAN
graph motions INTEGER
graph states INTEGER
memory REAL
simplification time REAL
simplified correct solution BOOLEAN
simplified correct solution strict BOOLEAN
simplified solution clearance REAL
simplified solution length REAL
simplified solution segments INTEGER
simplified solution smoothness REAL
solution clearance REAL
solution difference REAL
solution length REAL
solution segments INTEGER
solution smoothness REAL
solved BOOLEAN
status ENUM
time REAL
valid segment fraction REAL
50 runs
0; 1; 1; 30; 31; 18.746094; 0.000014; 1; 1; inf; 204.960000; 1; 0.000000; inf; -1.000000; 757.313823; 5; 0.000854; 1; 6; 0.002305; 1.000000; 
0; 1; 1; 16; 17; 18.746094; 0.000012; 1; 1; inf; 204.960000; 1; 0.000000; inf; -1.000000; 364.859036; 5; 0.001511; 1; 6; 0.001256; 1.000000; 
0; 1; 1; 13; 14; 18.746094; 0.000021; 1; 1; inf; 204.960000; 1; 0.000000; inf; -1.000000; 333.924604; 2; 0.000127; 1; 6; 0.001173; 1.000000; 
0; 1; 1; 12; 13; 18.746094; 0.000012; 1; 1; inf; 204.960000; 1; 0.000000; inf; -1.000000; 347.166790; 3; 0.000830; 1; 6; 0.001299; 1.000000; 
0; 1; 1; 13; 14; 18.746094; 0.000019; 1; 1; inf; 204.960000; 1; 0.000000; inf; -1.000000; 839.006628; 6; 0.001422; 1; 6; 0.001212; 1.000000; 
0; 1; 1; 14; 15; 18.746094; 0.000021; 1; 1; inf; 204.960000; 1; 0.000000; inf; -1.000000; 440.679848; 3; 0.000215; 1; 6; 0.001621; 1.000000; 
0; 1; 1; 9; 10; 18.746094; 0.000019; 1; 1; inf; 204.960000; 1; 0.000000; inf; -1.000000; 332.536779; 3; 0.000634; 1; 6; 0.001266; 1.000000; 
0; 1; 1; 55; 56; 18.746094; 0.000013; 1; 1; inf; 204.960000; 1; 0.000000; inf; -1.000000; 261.765933; 2; 0.000420; 1; 6; 0.003604; 1.000000; 
0; 1; 1; 11; 12; 18.746094; 0.000014; 1; 1; inf; 204.960000; 1; 0.000000; inf; -1.000000; 396.428022; 3; 0.000384; 1; 6; 0.001219; 1.000000; 
0; 1; 1; 21; 22; 18.746094; 0.000019; 1; 1; inf; 204.960000; 1; 0.000000; inf; -1.000000; 750.863415; 5; 0.000791; 1; 6; 0.001213; 1.000000; 
0; 1; 1; 11; 12; 18.746094; 0.000002; 1; 1; inf; 204.960000; 1; 0.000000; inf; -1.000000; 204.960000; 1; 0.000000; 1; 6; 0.001264; 1.000000; 
0; 1; 1; 4; 5; 18.746094; 0.000021; 1; 1; inf; 204.960000; 1; 0.000000; inf; -1.000000; 323.206169; 2; 0.000180; 1; 6; 0.001271; 1.000000; 
0; 1; 1; 30; 31; 18.746094; 0.000023; 1; 1; inf; 204.960000; 1; 0.000000; inf; -1.000000; 653.985451; 5; 0.000271; 1; 6; 0.002872; 1.000000; 
0; 1; 1; 24; 25; 18.746094; 0.000025; 1; 1; inf; 204.960000; 1; 0.000000; inf; -1.000000; 428.008860; 3; 0.000179; 1; 6; 0.004500; 1.000000; 
0; 1; 1; 9; 10; 18.746094; 0.000136; 1; 1; inf; 204.960000; 1; 0.000000; inf; -1.000000; 390.577762; 2; 0.000242; 1; 6; 0.001228; 1.000000; 
0; 1; 1; 6; 7; 18.746094; 0.000030; 1; 1; inf; 204.960000; 1; 0.000000; inf; -1.000000; 544.643627; 5; 0.000961; 1; 6; 0.002496; 1.000000; 
0; 1; 1; 17; 18; 18.746094; 0.000016; 1; 1; inf; 204.960000; 1; 0.000000; inf; -1.000000; 458.106656; 3; 0.000528; 1; 6; 0.004459; 1.000000; 
0; 1; 1; 7; 8; 18.746094; 0.000016; 1; 1; inf; 204.960000; 1; 0.000000; inf; -1.000000; 310.473617; 2; 0.000179; 1; 6; 0.001323; 1.000000; 
0; 1; 1; 2; 3; 18.746094; 0.000042; 1; 1; inf; 204.960000; 1; 0.000000; inf; -1.000000; 297.287828; 2; 0.000134; 1; 6; 0.001310; 1.000000; 
0; 1; 1; 22; 23; 18.746094; 0.000017; 1; 1; inf; 204.960000; 1; 0.000000; inf; -1.000000; 567.375049; 3; 0.000148; 1; 6; 0.001301; 1.000000; 
0; 1; 1; 7; 8; 18.746094; 0.000015; 1; 1; inf; 204.960000; 1; 0.000000; inf; -1.000000; 213.553193; 2; 0.000029; 1; 6; 0.001183; 1.000000; 
0; 1; 1; 2; 3; 18.746094; 0.000002; 1; 1; inf; 204.960000; 1; 0.000000; inf; -1.000000; 204.960000; 1; 0.000000; 1; 6; 0.001282; 1.000000; 
0; 1; 1; 12; 13; 18.746094; 0.000020; 1; 1; inf; 204.960000; 1; 0.000000; inf; -1.000000; 536.852249; 4; 0.001505; 1; 6; 0.001186; 1.000000; 
0; 1; 1; 20; 21; 18.746094; 0.000014; 1; 1; inf; 204.960000; 1; 0.000000; inf; -1.000000; 1005.513280; 6; 0.000592; 1; 6; 0.001236; 1.000000; 
0; 1; 1; 15; 16; 18.746094; 0.000022; 1; 1; inf; 204.960000; 1; 0.000000; inf; -1.000000; 641.013110; 4; 0.000485; 1; 6; 0.001416; 1.000000; 
0; 1; 1; 28; 29; 18.746094; 0.000018; 1; 1; inf; 204.960000; 1; 0.000000; inf; -1.000000; 238.100490; 2; 0.000092; 1; 6; 0.002360; 1.000000; 
0; 1; 1; 75; 76; 18.746094; 0.000022; 1; 1; inf; 204.960000; 1; 0.000000; inf; -1.000000; 605.049069; 4; 0.001256; 1; 6; 0.004081; 1.000000; 
0; 1; 1; 21; 22; 18.746094; 0.000022; 1; 1; inf; 204.960000; 1; 0.000000; inf; -1.000000; 846.535080; 4; 0.000322; 1; 6; 0.001361; 1.000000; 
0; 1; 1; 5; 6; 18.746094; 0.000003; 1; 1; inf; 204.960000; 1; 0.000000; inf; -1.000000; 204.960000; 1; 0.000000; 1; 6; 0.001205; 1.000000; 
0; 1; 1; 2; 3; 18.746094; 0.000002; 1; 1; inf; 204.960000; 1; 0.000000; inf; -1.000000; 204.960000; 1; 0.000000; 1; 6; 0.001269; 1.000000; 
0; 1; 1; 2; 3; 18.746094; 0.000002; 1; 1; inf; 204.960000; 1; 0.000000; inf; -1.000000; 204.960000; 1; 0.000000; 1; 6; 0.000199; 1.000000; 
0; 1; 1; 17; 18; 18.746094; 0.000020; 1; 1; inf; 204.960000; 1; 0.000000; inf; -1.000000; 779.489923; 4; 0.000277; 1; 6; 0.001199; 1.000000; 
0; 1; 1; 16; 17; 18.746094; 0.000022; 1; 1; inf; 204.960000; 1; 0.000000; inf; -1.000000; 256.117611; 2; 0.000101; 1; 6; 0.001592; 1.000000; 
0; 1; 1; 10; 11; 18.746094; 0.000024; 1; 1; inf; 204.960000; 1; 0.000000; inf; -1.000000; 597.277437; 3; 0.000178; 1; 6; 0.006264; 1.000000; 
0; 1; 1; 10; 11; 18.746094; 0.000025; 1; 1; inf; 204.960000; 1; 0.000000; inf; -1.000000; 419.148558; 3; 0.000822; 1; 6; 0.002815; 1.000000; 
0; 1; 1; 38; 39; 18.746094; 0.000113; 1; 1; inf; 204.960000; 1; 0.000000; inf; -1.000000; 461.480854; 3; 0.000298; 1; 6; 0.006757; 1.000000; 
0; 1; 1; 6; 7; 18.746094; 0.000003; 1; 1; inf; 204.960000; 1; 0.000000; inf; -1.000000; 204.960000; 1; 0.000000; 1; 6; 0.001256; 1.000000; 
0; 1; 1; 10; 11; 18.746094; 0.000016; 1; 1; inf; 204.960000; 1; 0.000000; inf; -1.000000; 215.634196; 2; 0.000191; 1; 6; 0.006178; 1.000000; 
0; 1; 1; 26; 27; 18.746094; 0.000124; 1; 1; inf; 204.960000; 1; 0.000000; inf; -1.000000; 521.885985; 3; 0.000356; 1; 6; 0.008015; 1.000000; 
0; 1; 1; 5; 6; 18.746094; 0.000022; 1; 1; inf; 204.960000; 1; 0.000000; inf; -1.000000; 546.635404; 3; 0.000392; 1; 6; 0.002519; 1.000000; 
0; 1; 1; 19; 20; 18.746094; 0.000022; 1; 1; inf; 204.960000; 1; 0.000000; inf; -1.000000; 510.509943; 4; 0.001491; 1; 6; 0.003783; 1.000000; 
0; 1; 1; 6; 7; 18.746094; 0.000017; 1; 1; inf; 204.960000; 1; 0.000000; inf; -1.000000; 367.994851; 2; 0.000163; 1; 6; 0.001335; 1.000000; 
0; 1; 1; 39; 40; 18.746094; 0.000060; 1; 1; inf; 204.960000; 1; 0.000000; inf; -1.000000; 576.433415; 4; 0.001962; 1; 6; 0.002767; 1.000000; 
0; 1; 1; 1; 2; 18.746094; 0.000002; 1; 1; inf; 204.960000; 1; 0.000000; inf; -1.000000; 204.960000; 1; 0.000000; 1; 6; 0.000194; 1.000000; 
0; 1; 1; 5; 6; 18.746094; 0.000017; 1; 1; inf; 204.960000; 1; 0.000000; inf; -1.000000; 471.269411; 3; 0.000415; 1; 6; 0.001237; 1.000000; 
0; 1; 1; 20; 21; 18.746094; 0.000012; 1; 1; inf; 204.960000; 1; 0.000000; inf; -1.000000; 533.910822; 4; 0.000714; 1; 6; 0.001187; 1.000000; 
0; 1; 1; 14; 15; 18.746094; 0.000013; 1; 1; inf; 204.960000; 1; 0.000000; inf; -1.000000; 639.929687; 5; 0.000633; 1; 6; 0.001242; 1.000000; 
0; 1; 1; 21; 22; 18.746094; 0.000019; 1; 1; inf; 204.960000; 1; 0.000000; inf; -1.000000; 410.217082; 3; 0.000269; 1; 6; 0.001251; 1.000000; 
0; 1; 1; 41; 42; 18.746094; 0.000024; 1; 1; inf; 204.960000; 1; 0.000000; inf; -1.000000; 507.944164; 3; 0.000482; 1; 6; 0.002558; 1.000000; 
0; 1; 1; 23; 24; 18.746094; 0.000021; 1; 1; inf; 204.960000; 1; 0.000000; inf; -1.000000; 858.416556; 6; 0.001664; 1; 6; 0.001943; 1.000000; 
.
geometric_KPIECE1
11 common properties
border_fraction = 0.90000000000000002
failed_expansion_score_factor = 0.5
goal_bias = 0.050000000000000003
longest_valid_segment_fraction = 0.01
min_valid_path_fraction = 0.20000000000000001
projection.cellsize.0 = 41.424999999999997
projection.cellsize.1 = 38.100000000000001
projection.cellsize.2 = 11.237500000000001
projection.cellsize_factor = 
range = 229.88495989122254
valid_segment_count_factor = 1
22 properties for each run
approximate solution BOOLEAN
correct solution BOOLEAN
correct solution strict BOOLEAN
graph motions INTEGER
graph states INTEGER
memory REAL
simplification time REAL
simplified correct solution BOOLEAN
simplified correct solution strict BOOLEAN
simplified solution clearance REAL
simplified solution length REAL
simplified solution segments INTEGER
simplified solution smoothness REAL
solution clearance REAL
solution difference REAL
solution length REAL
solution segments INTEGER
solution smoothness REAL
solved BOOLEAN
status ENUM
time REAL
valid segment fraction REAL
50 runs
0; 1; 1; 73; 74; 18.746094; 0.000030; 1; 1; inf; 204.960000; 1; 0.000000; inf; -1.000000; 732.496415; 6; 0.000805; 1; 6; 0.006777; 1.000000; 
0; 1; 1; 3; 4; 18.746094; 0.000003; 1; 1; inf; 204.960000; 1; 0.000000; inf; -1.000000; 204.960000; 1; 0.000000; 1; 6; 0.001344; 1.000000; 
0; 1; 1; 21; 22; 18.746094; 0.000057; 1; 1; inf; 204.960000; 1; 0.000000; inf; -1.000000; 218.998194; 2; 0.000045; 1; 6; 0.001200; 1.000000; 
0; 1; 1; 13; 14; 18.746094; 0.000003; 1; 1; inf; 204.960000; 1; 0.000000; inf; -1.000000; 204.960000; 1; 0.000000; 1; 6; 0.001222; 1.000000; 
0; 1; 1; 20; 21; 18.746094; 0.000082; 1; 1; inf; 204.960000; 1; 0.000000; inf; -1.000000; 352.891846; 4; 0.003942; 1; 6; 0.001265; 1.000000; 
0; 1; 1; 20; 21; 18.746094; 0.000025; 1; 1; inf; 204.960000; 1; 0.000000; inf; -1.000000; 274.742519; 2; 0.000114; 1; 6; 0.001988; 1.000000; 
0; 1; 1; 1; 2; 18.746094; 0.000004; 1; 1; inf; 204.960000; 1; 0.000000; inf; -1.000000; 204.960000; 1; 0.000000; 1; 6; 0.000328; 1.000000; 
0; 1; 1; 30; 31; 18.746094; 0.000023; 1; 1; inf; 204.960000; 1; 0.000000; inf; -1.000000; 815.662619; 8; 0.003642; 1; 6; 0.002317; 1.000000; 
0; 1; 1; 10; 11; 18.746094; 0.000002; 1; 1; inf; 204.960000; 1; 0.000000; inf; -1.000000; 204.960000; 1; 0.000000; 1; 6; 0.001231; 1.000000; 
0; 1; 1; 16; 17; 18.746094; 0.000003; 1; 1; inf; 204.960000; 1; 0.000000; inf; -1.000000; 204.960000; 1; 0.000000; 1; 6; 0.001268; 1.000000; 
0; 1; 1; 39; 40; 18.746094; 0.000022; 1; 1; inf; 204.960000; 1; 0.000000; inf; -1.000000; 754.588897; 6; 0.001764; 1; 6; 0.002388; 1.000000; 
0; 1; 1; 49; 50; 18.746094; 0.000016; 1; 1; inf; 204.960000; 1; 0.000000; inf; -1.000000; 888.071335; 8; 0.001686; 1; 6; 0.003428; 1.000000; 
0; 1; 1; 26; 27; 18.746094; 0.000017; 1; 1; inf; 204.960000; 1; 0.000000; inf; -1.000000; 405.094464; 4; 0.000935; 1; 6; 0.001271; 1.000000; 
0; 1; 1; 27; 28; 18.746094; 0.000024; 1; 1; inf; 204.960000; 1; 0.000000; inf; -1.000000; 512.459175; 6; 0.001570; 1; 6; 0.002650; 1.000000; 
0; 1; 1; 29; 30; 18.746094; 0.000022; 1; 1; inf; 204.960000; 1; 0.000000; inf; -1.000000; 474.617644; 4; 0.000626; 1; 6; 0.002418; 1.000000; 
0; 1; 1; 14; 15; 18.746094; 0.000103; 1; 1; inf; 204.960000; 1; 0.000000; inf; -1.000000; 419.391983; 4; 0.000818; 1; 6; 0.001260; 1.000000; 
0; 1; 1; 40; 41; 18.746094; 0.000026; 1; 1; inf; 204.960000; 1; 0.000000; inf; -1.000000; 404.350153; 4; 0.000805; 1; 6; 0.004422; 1.000000; 
0; 1; 1; 9; 10; 18.996094; 0.000003; 1; 1; inf; 204.960000; 1; 0.000000; inf; -1.000000; 204.960000; 1; 0.000000; 1; 6; 0.002442; 1.000000; 
0; 1; 1; 32; 33; 18.996094; 0.000016; 1; 1; inf; 204.960000; 1; 0.000000; inf; -1.000000; 311.244934; 2; 0.000121; 1; 6; 0.005919; 1.000000; 
0; 1; 1; 19; 20; 18.996094; 0.000003; 1; 1; inf; 204.960000; 1; 0.000000; inf; -1.000000; 204.960000; 1; 0.000000; 1; 6; 0.001356; 1.000000; 
0; 1; 1; 7; 8; 18.996094; 0.000004; 1; 1; inf; 204.960000; 1; 0.000000; inf; -1.000000; 204.960000; 1; 0.000000; 1; 6; 0.001346; 1.000000; 
0; 1; 1; 2; 3; 18.996094; 0.000002; 1; 1; inf; 204.960000; 1; 0.000000; inf; -1.000000; 204.960000; 1; 0.000000; 1; 6; 0.000163; 1.000000; 
0; 1; 1; 64; 65; 18.996094; 0.000030; 1; 1; inf; 204.960000; 1; 0.000000; inf; -1.000000; 1750.213150; 19; 0.011376; 1; 6; 0.003348; 1.000000; 
0; 1; 1; 25; 26; 18.996094; 0.000029; 1; 1; inf; 204.960000; 1; 0.000000; inf; -1.000000; 315.112492; 2; 0.000121; 1; 6; 0.002413; 1.000000; 
0; 1; 1; 3; 4; 18.996094; 0.000003; 1; 1; inf; 204.960000; 1; 0.000000; inf; -1.000000; 204.960000; 1; 0.000000; 1; 6; 0.006559; 1.000000; 
0; 1; 1; 7; 8; 18.996094; 0.000021; 1; 1; inf; 204.960000; 1; 0.000000; inf; -1.000000; 232.595495; 2; 0.000459; 1; 6; 0.001327; 1.000000; 
0; 1; 1; 13; 14; 18.996094; 0.000003; 1; 1; inf; 204.960000; 1; 0.000000; inf; -1.000000; 204.960000; 1; 0.000000; 1; 6; 0.001604; 1.000000; 
0; 1; 1; 16; 17; 18.996094; 0.000020; 1; 1; inf; 204.960000; 1; 0.000000; inf; -1.000000; 412.817401; 5; 0.003014; 1; 6; 0.001404; 1.000000; 
0; 1; 1; 63; 64; 18.996094; 0.000028; 1; 1; inf; 204.960000; 1; 0.000000; inf; -1.000000; 1117.941569; 11; 0.003712; 1; 6; 0.004493; 1.000000; 
0; 1; 1; 34; 35; 18.996094; 0.000020; 1; 1; inf; 204.960000; 1; 0.000000; inf; -1.000000; 273.538120; 2; 0.000312; 1; 6; 0.002294; 1.000000; 
0; 1; 1; 15; 16; 18.996094; 0.000003; 1; 1; inf; 204.960000; 1; 0.000000; inf; -1.000000; 204.960000; 1; 0.000000; 1; 6; 0.001326; 1.000000; 
0; 1; 1; 52; 53; 18.996094; 0.000029; 1; 1; inf; 204.960000; 1; 0.000000; inf; -1.000000; 1924.071560; 20; 0.010026; 1; 6; 0.003404; 1.000000; 
0; 1; 1; 4; 5; 18.996094; 0.000004; 1; 1; inf; 204.960000; 1; 0.000000; inf; -1.000000; 204.960000; 1; 0.000000; 1; 6; 0.007214; 1.000000; 
0; 1; 1; 29; 30; 18.996094; 0.000003; 1; 1; inf; 204.960000; 1; 0.000000; inf; -1.000000; 204.960000; 1; 0.000000; 1; 6; 0.004379; 1.000000; 
0; 1; 1; 6; 7; 18.996094; 0.000004; 1; 1; inf; 204.960000; 1; 0.000000; inf; -1.000000; 204.960000; 1; 0.000000; 1; 6; 0.001540; 1.000000; 
0; 1; 1; 9; 10; 18.996094; 0.000003; 1; 1; inf; 204.960000; 1; 0.000000; inf; -1.000000; 204.960000; 1; 0.000000; 1; 6; 0.001262; 1.000000; 
0; 1; 1; 16; 17; 18.996094; 0.000002; 1; 1; inf; 204.960000; 1; 0.000000; inf; -1.000000; 204.960000; 1; 0.000000; 1; 6; 0.001233; 1.000000; 
0; 1; 1; 13; 14; 18.996094; 0.000016; 1; 1; inf; 204.960000; 1; 0.000000; inf; -1.000000; 251.374524; 2; 0.000260; 1; 6; 0.001237; 1.000000; 
0; 1; 1; 5; 6; 18.996094; 0.000003; 1; 1; inf; 204.960000; 1; 0.000000; inf; -1.000000; 204.960000; 1; 0.000000; 1; 6; 0.001352; 1.000000; 
0; 1; 1; 9; 10; 18.996094; 0.000003; 1; 1; inf; 204.960000; 1; 0.000000; inf; -1.000000; 204.960000; 1; 0.000000; 1; 6; 0.001245; 1.000000; 
0; 1; 1; 13; 14; 18.996094; 0.000002; 1; 1; inf; 204.960000; 1; 0.000000; inf; -1.000000; 204.960000; 1; 0.000000; 1; 6; 0.001267; 1.000000; 
0; 1; 1; 11; 12; 18.996094; 0.000003; 1; 1; inf; 204.960000; 1; 0.000000; inf; -1.000000; 204.960000; 1; 0.000000; 1; 6; 0.001192; 1.000000; 
0; 1; 1; 53; 54; 18.996094; 0.000023; 1; 1; inf; 204.960000; 1; 0.000000; inf; -1.000000; 1312.998311; 11; 0.004143; 1; 6; 0.003542; 1.000000; 
0; 1; 1; 16; 17; 18.996094; 0.000005; 1; 1; inf; 204.960000; 1; 0.000000; inf; -1.000000; 204.960000; 1; 0.000000; 1; 6; 0.002387; 1.000000; 
0; 1; 1; 6; 7; 18.996094; 0.000004; 1; 1; inf; 204.960000; 1; 0.000000; inf; -1.000000; 204.960000; 1; 0.000000; 1; 6; 0.003945; 1.000000; 
0; 1; 1; 12; 13; 18.996094; 0.000004; 1; 1; inf; 204.960000; 1; 0.000000; inf; -1.000000; 204.960000; 1; 0.000000; 1; 6; 0.001576; 1.000000; 
0; 1; 1; 1; 2; 18.996094; 0.000004; 1; 1; inf; 204.960000; 1; 0.000000; inf; -1.000000; 204.960000; 1; 0.000000; 1; 6; 0.000186; 1.000000; 
0; 1; 1; 5; 6; 18.996094; 0.000003; 1; 1; inf; 204.960000; 1; 0.000000; inf; -1.000000; 204.960000; 1; 0.000000; 1; 6; 0.001307; 1.000000; 
0; 1; 1; 26; 27; 18.996094; 0.000022; 1; 1; inf; 204.960000; 1; 0.000000; inf; -1.000000; 565.853106; 5; 0.001517; 1; 6; 0.002297; 1.000000; 
0; 1; 1; 2; 3; 18.996094; 0.000002; 1; 1; inf; 204.960000; 1; 0.000000; inf; -1.000000; 204.960000; 1; 0.000000; 1; 6; 0.000207; 1.000000; 
.
geometric_LBKPIECE1
9 common properties
border_fraction = 0.90000000000000002
longest_valid_segment_fraction = 0.01
min_valid_path_fraction = 0.5
projection.cellsize.0 = 41.424999999999997
projection.cellsize.1 = 38.100000000000001
projection.cellsize.2 = 11.237500000000001
projection.cellsize_factor = 
range = 229.88495989122254
valid_segment_count_factor = 1
22 properties for each run
approximate solution BOOLEAN
correct solution BOOLEAN
correct solution strict BOOLEAN
graph motions INTEGER
graph states INTEGER
memory REAL
simplification time REAL
simplified correct solution BOOLEAN
simplified correct solution strict BOOLEAN
simplified solution clearance REAL
simplified solution length REAL
simplified solution segments INTEGER
simplified solution smoothness REAL
solution clearance REAL
solution difference REAL
solution length REAL
solution segments INTEGER
solution smoothness REAL
solved BOOLEAN
status ENUM
time REAL
valid segment fraction REAL
50 runs
0; 1; 1; 31; 32; 18.996094; 0.000030; 1; 1; inf; 204.960000; 1; 0.000000; inf; -1.000000; 1793.599903; 19; 0.007270; 1; 6; 0.001199; 1.000000; 
0; 1; 1; 12; 13; 19.113281; 0.000021; 1; 1; inf; 204.960000; 1; 0.000000; inf; -1.000000; 889.403580; 9; 0.002891; 1; 6; 0.001219; 1.000000; 
0; 1; 1; 235; 236; 19.113281; 0.000041; 1; 1; inf; 204.960000; 1; 0.000000; inf; -1.000000; 16065.644602; 152; 0.050939; 1; 6; 0.016726; 1.000000; 
0; 1; 1; 410; 411; 19.367188; 0.000131; 1; 1; inf; 204.960000; 1; 0.000000; inf; -1.000000; 35558.150115; 325; 0.102442; 1; 6; 0.018553; 1.000000; 
0; 1; 1; 320; 321; 19.367188; 0.000084; 1; 1; inf; 204.960000; 1; 0.000000; inf; -1.000000; 24616.430133; 230; 0.075793; 1; 6; 0.010939; 1.000000; 
0; 1; 1; 303; 304; 19.367188; 0.000063; 1; 1; inf; 204.960000; 1; 0.000000; inf; -1.000000; 18522.375325; 174; 0.061604; 1; 6; 0.009224; 1.000000; 
0; 1; 1; 25; 26; 19.367188; 0.000015; 1; 1; inf; 204.960000; 1; 0.000000; inf; -1.000000; 1241.234719; 13; 0.008863; 1; 6; 0.001347; 1.000000; 
0; 1; 1; 22; 23; 19.367188; 0.000024; 1; 1; inf; 204.960000; 1; 0.000000; inf; -1.000000; 1345.261921; 14; 0.005131; 1; 6; 0.001312; 1.000000; 
0; 1; 1; 121; 122; 19.367188; 0.000042; 1; 1; inf; 204.960000; 1; 0.000000; inf; -1.000000; 8095.360992; 77; 0.025837; 1; 6; 0.004635; 1.000000; 
0; 1; 1; 193; 194; 19.367188; 0.000038; 1; 1; inf; 204.960000; 1; 0.000000; inf; -1.000000; 10151.574548; 97; 0.035256; 1; 6; 0.005791; 1.000000; 
0; 1; 1; 209; 210; 19.367188; 0.000059; 1; 1; inf; 204.960000; 1; 0.000000; inf; -1.000000; 19431.257122; 177; 0.053901; 1; 6; 0.007852; 1.000000; 
0; 1; 1; 73; 74; 19.367188; 0.000027; 1; 1; inf; 204.960000; 1; 0.000000; inf; -1.000000; 5749.350853; 53; 0.016592; 1; 6; 0.002871; 1.000000; 
0; 1; 1; 63; 64; 19.367188; 0.000036; 1; 1; inf; 204.960000; 1; 0.000000; inf; -1.000000; 4538.635802; 44; 0.017620; 1; 6; 0.004495; 1.000000; 
0; 1; 1; 184; 185; 19.367188; 0.000062; 1; 1; inf; 204.960000; 1; 0.000000; inf; -1.000000; 17351.722840; 161; 0.057003; 1; 6; 0.008044; 1.000000; 
0; 1; 1; 422; 423; 19.367188; 0.000085; 1; 1; inf; 204.960000; 1; 0.000000; inf; -1.000000; 31311.487082; 295; 0.101998; 1; 6; 0.014690; 1.000000; 
0; 1; 1; 302; 303; 19.367188; 0.000055; 1; 1; inf; 204.960000; 1; 0.000000; inf; -1.000000; 21253.470125; 201; 0.071175; 1; 6; 0.010056; 1.000000; 
0; 1; 1; 235; 236; 19.367188; 0.000068; 1; 1; inf; 204.960000; 1; 0.000000; inf; -1.000000; 21224.315186; 201; 0.068729; 1; 6; 0.009978; 1.000000; 
0; 1; 1; 150; 151; 19.367188; 0.000051; 1; 1; inf; 204.960000; 1; 0.000000; inf; -1.000000; 14018.502689; 129; 0.040959; 1; 6; 0.005796; 1.000000; 
0; 1; 1; 226; 227; 19.367188; 0.000061; 1; 1; inf; 204.960000; 1; 0.000000; inf; -1.000000; 18681.930880; 172; 0.055104; 1; 6; 0.008232; 1.000000; 
0; 1; 1; 245; 246; 19.367188; 0.000044; 1; 1; inf; 204.960000; 1; 0.000000; inf; -1.000000; 13033.882470; 122; 0.041648; 1; 6; 0.005739; 1.000000; 
0; 1; 1; 13; 14; 19.367188; 0.000024; 1; 1; inf; 204.960000; 1; 0.000000; inf; -1.000000; 929.316512; 10; 0.003600; 1; 6; 0.001277; 1.000000; 
0; 1; 1; 145; 146; 19.367188; 0.000034; 1; 1; inf; 204.960000; 1; 0.000000; inf; -1.000000; 7547.313833; 67; 0.019074; 1; 6; 0.003451; 1.000000; 
0; 1; 1; 207; 208; 19.367188; 0.000060; 1; 1; inf; 204.960000; 1; 0.000000; inf; -1.000000; 16784.533577; 154; 0.051003; 1; 6; 0.007821; 1.000000; 
0; 1; 1; 96; 97; 19.367188; 0.000035; 1; 1; inf; 204.960000; 1; 0.000000; inf; -1.000000; 5076.845479; 51; 0.020623; 1; 6; 0.005891; 1.000000; 
0; 1; 1; 72; 73; 19.367188; 0.000040; 1; 1; inf; 204.960000; 1; 0.000000; inf; -1.000000; 7063.465825; 66; 0.022666; 1; 6; 0.003663; 1.000000; 
0; 1; 1; 60; 61; 19.367188; 0.000034; 1; 1; inf; 204.960000; 1; 0.000000; inf; -1.000000; 4357.484480; 43; 0.014570; 1; 6; 0.002445; 1.000000; 
0; 1; 1; 74; 75; 19.367188; 0.000032; 1; 1; inf; 204.960000; 1; 0.000000; inf; -1.000000; 4298.143819; 41; 0.013925; 1; 6; 0.002725; 1.000000; 
0; 1; 1; 106; 107; 19.367188; 0.000033; 1; 1; inf; 204.960000; 1; 0.000000; inf; -1.000000; 6589.419026; 56; 0.015673; 1; 6; 0.003559; 1.000000; 
0; 1; 1; 67; 68; 19.367188; 0.000029; 1; 1; inf; 204.960000; 1; 0.000000; inf; -1.000000; 5542.815814; 48; 0.010276; 1; 6; 0.002374; 1.000000; 
0; 1; 1; 91; 92; 19.367188; 0.000034; 1; 1; inf; 204.960000; 1; 0.000000; inf; -1.000000; 4928.267362; 46; 0.013860; 1; 6; 0.002353; 1.000000; 
0; 1; 1; 200; 201; 19.367188; 0.000052; 1; 1; inf; 204.960000; 1; 0.000000; inf; -1.000000; 15520.276298; 141; 0.041819; 1; 6; 0.006827; 1.000000; 
0; 1; 1; 146; 147; 19.367188; 0.000047; 1; 1; inf; 204.960000; 1; 0.000000; inf; -1.000000; 11844.759709; 112; 0.040965; 1; 6; 0.005641; 1.000000; 
0; 1; 1; 141; 142; 19.367188; 0.000046; 1; 1; inf; 204.960000; 1; 0.000000; inf; -1.000000; 10101.252177; 96; 0.029828; 1; 6; 0.005726; 1.000000; 
0; 1; 1; 35; 36; 19.367188; 0.000024; 1; 1; inf; 204.960000; 1; 0.000000; inf; -1.000000; 2147.137053; 22; 0.007777; 1; 6; 0.001265; 1.000000; 
0; 1; 1; 136; 137; 19.367188; 0.000040; 1; 1; inf; 204.960000; 1; 0.000000; inf; -1.000000; 6539.049988; 62; 0.024595; 1; 6; 0.003492; 1.000000; 
0; 1; 1; 212; 213; 19.367188; 0.000064; 1; 1; inf; 204.960000; 1; 0.000000; inf; -1.000000; 16169.977008; 153; 0.051592; 1; 6; 0.009983; 1.000000; 
0; 1; 1; 186; 187; 19.367188; 0.000055; 1; 1; inf; 204.960000; 1; 0.000000; inf; -1.000000; 17562.080027; 162; 0.046560; 1; 6; 0.008088; 1.000000; 
0; 1; 1; 300; 301; 19.367188; 0.000060; 1; 1; inf; 204.960000; 1; 0.000000; inf; -1.000000; 15537.197898; 149; 0.053313; 1; 6; 0.006791; 1.000000; 
0; 1; 1; 321; 322; 19.367188; 0.000072; 1; 1; inf; 204.960000; 1; 0.000000; inf; -1.000000; 19566.694126; 176; 0.054537; 1; 6; 0.009100; 1.000000; 
0; 1; 1; 159; 160; 19.367188; 0.000040; 1; 1; inf; 204.960000; 1; 0.000000; inf; -1.000000; 13498.280495; 127; 0.038847; 1; 6; 0.005898; 1.000000; 
0; 1; 1; 254; 255; 19.367188; 0.000068; 1; 1; inf; 204.960000; 1; 0.000000; inf; -1.000000; 18460.410588; 172; 0.050133; 1; 6; 0.007981; 1.000000; 
0; 1; 1; 210; 211; 19.367188; 0.000054; 1; 1; inf; 204.960000; 1; 0.000000; inf; -1.000000; 18925.672016; 173; 0.052099; 1; 6; 0.007918; 1.000000; 
0; 1; 1; 60; 61; 19.367188; 0.000029; 1; 1; inf; 204.960000; 1; 0.000000; inf; -1.000000; 3086.115801; 28; 0.007379; 1; 6; 0.001610; 1.000000; 
0; 1; 1; 332; 333; 19.367188; 0.000054; 1; 1; inf; 204.960000; 1; 0.000000; inf; -1.000000; 15531.574121; 147; 0.047670; 1; 6; 0.007853; 1.000000; 
0; 1; 1; 141; 142; 19.367188; 0.000046; 1; 1; inf; 204.960000; 1; 0.000000; inf; -1.000000; 10465.593719; 98; 0.034944; 1; 6; 0.005002; 1.000000; 
0; 1; 1; 209; 210; 19.367188; 0.000046; 1; 1; inf; 204.960000; 1; 0.000000; inf; -1.000000; 12130.869408; 115; 0.044329; 1; 6; 0.008531; 1.000000; 
0; 1; 1; 99; 100; 19.367188; 0.000035; 1; 1; inf; 204.960000; 1; 0.000000; inf; -1.000000; 5064.327986; 47; 0.017117; 1; 6; 0.003565; 1.000000; 
0; 1; 1; 45; 46; 19.367188; 0.000028; 1; 1; inf; 204.960000; 1; 0.000000; inf; -1.000000; 3779.535993; 39; 0.022397; 1; 6; 0.002407; 1.000000; 
0; 1; 1; 388; 389; 19.367188; 0.000085; 1; 1; inf; 204.960000; 1; 0.000000; inf; -1.000000; 30053.657264; 286; 0.100290; 1; 6; 0.012598; 1.000000; 
0; 1; 1; 130; 131; 19.367188; 0.000044; 1; 1; inf; 204.960000; 1; 0.000000; inf; -1.000000; 10951.560471; 104; 0.035312; 1; 6; 0.005744; 1.000000; 
.
geometric_PDST
7 common properties
goal_bias = 0.050000000000000003
longest_valid_segment_fraction = 0.01
projection.cellsize.0 = 41.424999999999997
projection.cellsize.1 = 38.100000000000001
projection.cellsize.2 = 11.237500000000001
projection.cellsize_factor = 
valid_segment_count_factor = 1
22 properties for each run
approximate solution BOOLEAN
correct solution BOOLEAN
correct solution strict BOOLEAN
graph motions INTEGER
graph states INTEGER
memory REAL
simplification time REAL
simplified correct solution BOOLEAN
simplified correct solution strict BOOLEAN
simplified solution clearance REAL
simplified solution length REAL
simplified solution segments INTEGER
simplified solution smoothness REAL
solution clearance REAL
solution difference REAL
solution length REAL
solution segments INTEGER
solution smoothness REAL
solved BOOLEAN
status ENUM
time REAL
valid segment fraction REAL
50 runs
0; 1; 1; 4; 5; 19.367188; 0.000016; 1; 1; inf; 204.960000; 1; 0.000000; inf; -1.000000; 204.960000; 2; 0.000000; 1; 6; 0.001193; 1.000000; 
0; 1; 1; 78; 79; 19.367188; 0.000012; 1; 1; inf; 204.960000; 1; 0.000000; inf; -1.000000; 270.836663; 3; 0.000285; 1; 6; 0.002339; 1.000000; 
0; 1; 1; 6; 7; 19.367188; 0.000017; 1; 1; inf; 204.960000; 1; 0.000000; inf; -1.000000; 825.679442; 3; 0.000043; 1; 6; 0.001201; 1.000000; 
0; 1; 1; 30; 31; 19.367188; 0.000019; 1; 1; inf; 204.960000; 1; 0.000000; inf; -1.000000; 712.526798; 3; 0.000063; 1; 6; 0.001290; 1.000000; 
0; 1; 1; 18; 19; 19.367188; 0.000019; 1; 1; inf; 204.960000; 1; 0.000000; inf; -1.000000; 819.205484; 3; 0.000042; 1; 6; 0.001228; 1.000000; 
0; 1; 1; 10; 11; 19.367188; 0.000020; 1; 1; inf; 204.960000; 1; 0.000000; inf; -1.000000; 604.963759; 3; 0.000073; 1; 6; 0.001242; 1.000000; 
0; 1; 1; 16; 17; 19.367188; 0.000018; 1; 1; inf; 204.960000; 1; 0.000000; inf; -1.000000; 360.028892; 3; 0.000115; 1; 6; 0.001312; 1.000000; 
0; 1; 1; 68; 69; 19.367188; 0.000019; 1; 1; inf; 204.960000; 1; 0.000000; inf; -1.000000; 993.130003; 4; 0.000062; 1; 6; 0.002494; 1.000000; 
0; 1; 1; 64; 65; 19.367188; 0.000018; 1; 1; inf; 204.960000; 1; 0.000000; inf; -1.000000; 214.691961; 3; 0.000809; 1; 6; 0.002267; 1.000000; 
0; 1; 1; 12; 13; 19.367188; 0.000017; 1; 1; inf; 204.960000; 1; 0.000000; inf; -1.000000; 1203.362825; 4; 0.000055; 1; 6; 0.001402; 1.000000; 
0; 1; 1; 28; 29; 19.367188; 0.000014; 1; 1; inf; 204.960000; 1; 0.000000; inf; -1.000000; 679.156358; 4; 0.000174; 1; 6; 0.001268; 1.000000; 
0; 1; 1; 118; 119; 19.367188; 0.000018; 1; 1; inf; 204.960000; 1; 0.000000; inf; -1.000000; 611.996481; 3; 0.000078; 1; 6; 0.003407; 1.000000; 
0; 1; 1; 2; 3; 19.367188; 0.000019; 1; 1; inf; 204.960000; 1; 0.000000; inf; -1.000000; 204.960000; 2; 0.000000; 1; 6; 0.001212; 1.000000; 
0; 1; 1; 28; 29; 19.367188; 0.000013; 1; 1; inf; 204.960000; 1; 0.000000; inf; -1.000000; 904.662396; 4; 0.000157; 1; 6; 0.001223; 1.000000; 
0; 1; 1; 18; 19; 19.367188; 0.000021; 1; 1; inf; 204.960000; 1; 0.000000; inf; -1.000000; 717.308392; 4; 0.000214; 1; 6; 0.001241; 1.000000; 
0; 1; 1; 60; 61; 19.367188; 0.000020; 1; 1; inf; 204.960000; 1; 0.000000; inf; -1.000000; 887.014320; 5; 0.003131; 1; 6; 0.002373; 1.000000; 
0; 1; 1; 32; 33; 19.367188; 0.000072; 1; 1; inf; 204.960000; 1; 0.000000; inf; -1.000000; 1093.672903; 5; 0.000072; 1; 6; 0.001241; 1.000000; 
0; 1; 1; 28; 29; 19.367188; 0.000013; 1; 1; inf; 204.960000; 1; 0.000000; inf; -1.000000; 795.680780; 4; 0.000129; 1; 6; 0.001482; 1.000000; 
0; 1; 1; 52; 53; 19.367188; 0.000021; 1; 1; inf; 204.960000; 1; 0.000000; inf; -1.000000; 214.708754; 3; 0.000656; 1; 6; 0.006133; 1.000000; 
0; 1; 1; 12; 13; 19.367188; 0.000022; 1; 1; inf; 204.960000; 1; 0.000000; inf; -1.000000; 621.919877; 3; 0.000076; 1; 6; 0.003340; 1.000000; 
0; 1; 1; 96; 97; 19.367188; 0.000022; 1; 1; inf; 204.960000; 1; 0.000000; inf; -1.000000; 984.083554; 5; 0.000133; 1; 6; 0.003530; 1.000000; 
0; 1; 1; 54; 55; 19.367188; 0.000021; 1; 1; inf; 204.960000; 1; 0.000000; inf; -1.000000; 1075.339286; 5; 0.000149; 1; 6; 0.002309; 1.000000; 
0; 1; 1; 22; 23; 19.367188; 0.000017; 1; 1; inf; 204.960000; 1; 0.000000; inf; -1.000000; 204.960000; 2; 0.000000; 1; 6; 0.001258; 1.000000; 
0; 1; 1; 52; 53; 19.367188; 0.000020; 1; 1; inf; 204.960000; 1; 0.000000; inf; -1.000000; 651.510608; 5; 0.000631; 1; 6; 0.002287; 1.000000; 
0; 1; 1; 110; 111; 19.367188; 0.000029; 1; 1; inf; 204.960000; 1; 0.000000; inf; -1.000000; 1525.736918; 7; 0.000266; 1; 6; 0.003631; 1.000000; 
0; 1; 1; 16; 17; 19.367188; 0.000026; 1; 1; inf; 204.960000; 1; 0.000000; inf; -1.000000; 204.960000; 2; 0.000000; 1; 6; 0.001288; 1.000000; 
0; 1; 1; 10; 11; 19.367188; 0.000024; 1; 1; inf; 204.960000; 1; 0.000000; inf; -1.000000; 527.571931; 3; 0.000080; 1; 6; 0.001394; 1.000000; 
0; 1; 1; 38; 39; 19.367188; 0.000013; 1; 1; inf; 204.960000; 1; 0.000000; inf; -1.000000; 1195.180684; 4; 0.000125; 1; 6; 0.001192; 1.000000; 
0; 1; 1; 10; 11; 19.367188; 0.000024; 1; 1; inf; 204.960000; 1; 0.000000; inf; -1.000000; 824.129230; 3; 0.000043; 1; 6; 0.001446; 1.000000; 
0; 1; 1; 26; 27; 19.367188; 0.000019; 1; 1; inf; 204.960000; 1; 0.000000; inf; -1.000000; 580.464657; 4; 0.000424; 1; 6; 0.001209; 1.000000; 
0; 1; 1; 32; 33; 19.367188; 0.000020; 1; 1; inf; 204.960000; 1; 0.000000; inf; -1.000000; 370.611747; 3; 0.000119; 1; 6; 0.001257; 1.000000; 
0; 1; 1; 8; 9; 19.367188; 0.000013; 1; 1; inf; 204.960000; 1; 0.000000; inf; -1.000000; 334.336215; 3; 0.000237; 1; 6; 0.001222; 1.000000; 
0; 1; 1; 20; 21; 19.367188; 0.000041; 1; 1; inf; 204.960000; 1; 0.000000; inf; -1.000000; 428.948518; 3; 0.000100; 1; 6; 0.003074; 1.000000; 
0; 1; 1; 36; 37; 19.367188; 0.000025; 1; 1; inf; 204.960000; 1; 0.000000; inf; -1.000000; 1078.725676; 4; 0.000052; 1; 6; 0.001740; 1.000000; 
0; 1; 1; 28; 29; 19.367188; 0.000031; 1; 1; inf; 204.960000; 1; 0.000000; inf; -1.000000; 990.369459; 3; 0.000030; 1; 6; 0.001340; 1.000000; 
0; 1; 1; 18; 19; 19.367188; 0.000014; 1; 1; inf; 204.960000; 1; 0.000000; inf; -1.000000; 683.141723; 4; 0.000117; 1; 6; 0.001324; 1.000000; 
0; 1; 1; 36; 37; 19.367188; 0.000020; 1; 1; inf; 204.960000; 1; 0.000000; inf; -1.000000; 919.828576; 3; 0.000036; 1; 6; 0.001182; 1.000000; 
0; 1; 1; 40; 41; 19.367188; 0.000012; 1; 1; inf; 204.960000; 1; 0.000000; inf; -1.000000; 420.225550; 3; 0.000189; 1; 6; 0.001292; 1.000000; 
0; 1; 1; 78; 79; 19.367188; 0.000021; 1; 1; inf; 204.960000; 1; 0.000000; inf; -1.000000; 1687.717887; 8; 0.003078; 1; 6; 0.002383; 1.000000; 
0; 1; 1; 18; 19; 19.367188; 0.000031; 1; 1; inf; 204.960000; 1; 0.000000; inf; -1.000000; 469.009298; 4; 0.000383; 1; 6; 0.001220; 1.000000; 
0; 1; 1; 52; 53; 19.367188; 0.000021; 1; 1; inf; 204.960000; 1; 0.000000; inf; -1.000000; 932.773743; 3; 0.000037; 1; 6; 0.002379; 1.000000; 
0; 1; 1; 46; 47; 19.367188; 0.000020; 1; 1; inf; 204.960000; 1; 0.000000; inf; -1.000000; 428.270793; 4; 0.000850; 1; 6; 0.002377; 1.000000; 
0; 1; 1; 32; 33; 19.367188; 0.000019; 1; 1; inf; 204.960000; 1; 0.000000; inf; -1.000000; 645.917566; 5; 0.000384; 1; 6; 0.001704; 1.000000; 
0; 1; 1; 76; 77; 19.367188; 0.000023; 1; 1; inf; 204.960000; 1; 0.000000; inf; -1.000000; 1058.076852; 6; 0.000359; 1; 6; 0.002461; 1.000000; 
0; 1; 1; 40; 41; 19.367188; 0.000021; 1; 1; inf; 204.960000; 1; 0.000000; inf; -1.000000; 1114.034281; 5; 0.000200; 1; 6; 0.002386; 1.000000; 
0; 1; 1; 64; 65; 19.367188; 0.000023; 1; 1; inf; 204.960000; 1; 0.000000; inf; -1.000000; 1236.295068; 6; 0.000460; 1; 6; 0.002307; 1.000000; 
0; 1; 1; 18; 19; 19.367188; 0.000027; 1; 1; inf; 204.960000; 1; 0.000000; inf; -1.000000; 328.663487; 3; 0.000163; 1; 6; 0.001304; 1.000000; 
0; 1; 1; 78; 79; 19.367188; 0.000021; 1; 1; inf; 204.960000; 1; 0.000000; inf; -1.000000; 1073.040111; 5; 0.000393; 1; 6; 0.003612; 1.000000; 
0; 1; 1; 6; 7; 19.367188; 0.000014; 1; 1; inf; 204.960000; 1; 0.000000; inf; -1.000000; 431.760932; 3; 0.000152; 1; 6; 0.001384; 1.000000; 
0; 1; 1; 4; 5; 19.367188; 0.000018; 1; 1; inf; 204.960000; 1; 0.000000; inf; -1.000000; 204.960000; 2; 0.000000; 1; 6; 0.001244; 1.000000; 
.
geometric_PRM
7 common properties
longest_valid_segment_fraction = 0.01
max_nearest_neighbors = 
projection.cellsize.0 = 41.424999999999997
projection.cellsize.1 = 38.100000000000001
projection.cellsize.2 = 11.237500000000001
projection.cellsize_factor = 
valid_segment_count_factor = 1
26 properties for each run
approximate solution BOOLEAN
best cost REAL
correct solution BOOLEAN
correct solution strict BOOLEAN
edge count INTEGER
graph motions INTEGER
graph states INTEGER
iterations INTEGER
memory REAL
milestone count INTEGER
simplification time REAL
simplified correct solution BOOLEAN
simplified correct solution strict BOOLEAN
simplified solution clearance REAL
simplified solution length REAL
simplified solution segments INTEGER
simplified solution smoothness REAL
solution clearance REAL
solution difference REAL
solution length REAL
solution segments INTEGER
solution smoothness REAL
solved BOOLEAN
status ENUM
time REAL
valid segment fraction REAL
50 runs
0; 204.960000; 1; 1; 175; 350; 23; 21; 19.859375; 23; 0.000004; 1; 1; inf; 204.960000; 1; 0.000000; inf; -1.000000; 204.960000; 1; 0.000000; 1; 6; 0.009814; 1.000000; 
0; 204.960000; 1; 1; 6; 12; 4; 2; 19.859375; 4; 0.000003; 1; 1; inf; 204.960000; 1; 0.000000; inf; -1.000000; 204.960000; 1; 0.000000; 1; 6; 0.001369; 1.000000; 
0; 204.960000; 1; 1; 505; 1010; 56; 54; 19.863281; 56; 0.000003; 1; 1; inf; 204.960000; 1; 0.000000; inf; -1.000000; 204.960000; 1; 0.000000; 1; 6; 0.026865; 1.000000; 
0; 204.960000; 1; 1; 3; 6; 3; 1; 19.863281; 3; 0.000004; 1; 1; inf; 204.960000; 1; 0.000000; inf; -1.000000; 204.960000; 1; 0.000000; 1; 6; 0.001514; 1.000000; 
0; 204.960000; 1; 1; 3; 6; 3; 1; 19.863281; 3; 0.000004; 1; 1; inf; 204.960000; 1; 0.000000; inf; -1.000000; 204.960000; 1; 0.000000; 1; 6; 0.001321; 1.000000; 
0; 204.960000; 1; 1; 15; 30; 6; 4; 19.863281; 6; 0.000002; 1; 1; inf; 204.960000; 1; 0.000000; inf; -1.000000; 204.960000; 1; 0.000000; 1; 6; 0.001393; 1.000000; 
0; 204.960000; 1; 1; 3; 6; 3; 1; 19.863281; 3; 0.000003; 1; 1; inf; 204.960000; 1; 0.000000; inf; -1.000000; 204.960000; 1; 0.000000; 1; 6; 0.001312; 1.000000; 
0; 204.960000; 1; 1; 3; 6; 3; 1; 19.863281; 3; 0.000002; 1; 1; inf; 204.960000; 1; 0.000000; inf; -1.000000; 204.960000; 1; 0.000000; 1; 6; 0.001344; 1.000000; 
0; 204.960000; 1; 1; 3; 6; 3; 1; 19.863281; 3; 0.000002; 1; 1; inf; 204.960000; 1; 0.000000; inf; -1.000000; 204.960000; 1; 0.000000; 1; 6; 0.001313; 1.000000; 
0; 204.960000; 1; 1; 3; 6; 3; 1; 19.863281; 3; 0.000003; 1; 1; inf; 204.960000; 1; 0.000000; inf; -1.000000; 204.960000; 1; 0.000000; 1; 6; 0.001275; 1.000000; 
0; 204.960000; 1; 1; 165; 330; 22; 20; 19.863281; 22; 0.000005; 1; 1; inf; 204.960000; 1; 0.000000; inf; -1.000000; 204.960000; 1; 0.000000; 1; 6; 0.008019; 1.000000; 
0; 204.960000; 1; 1; 105; 210; 16; 14; 19.863281; 16; 0.000003; 1; 1; inf; 204.960000; 1; 0.000000; inf; -1.000000; 204.960000; 1; 0.000000; 1; 6; 0.005702; 1.000000; 
0; 204.960000; 1; 1; 3; 6; 3; 1; 19.863281; 3; 0.000003; 1; 1; inf; 204.960000; 1; 0.000000; inf; -1.000000; 204.960000; 1; 0.000000; 1; 6; 0.001414; 1.000000; 
0; 204.960000; 1; 1; 105; 210; 16; 14; 19.863281; 16; 0.000003; 1; 1; inf; 204.960000; 1; 0.000000; inf; -1.000000; 204.960000; 1; 0.000000; 1; 6; 0.006323; 1.000000; 
0; 204.960000; 1; 1; 3; 6; 3; 1; 19.863281; 3; 0.000003; 1; 1; inf; 204.960000; 1; 0.000000; inf; -1.000000; 204.960000; 1; 0.000000; 1; 6; 0.001412; 1.000000; 
0; 204.960000; 1; 1; 3; 6; 3; 1; 19.863281; 3; 0.000003; 1; 1; inf; 204.960000; 1; 0.000000; inf; -1.000000; 204.960000; 1; 0.000000; 1; 6; 0.006815; 1.000000; 
0; 204.960000; 1; 1; 475; 950; 53; 51; 19.863281; 53; 0.000004; 1; 1; inf; 204.960000; 1; 0.000000; inf; -1.000000; 204.960000; 1; 0.000000; 1; 6; 0.025991; 1.000000; 
0; 204.960000; 1; 1; 85; 170; 14; 12; 19.863281; 14; 0.000003; 1; 1; inf; 204.960000; 1; 0.000000; inf; -1.000000; 204.960000; 1; 0.000000; 1; 6; 0.004631; 1.000000; 
0; 204.960000; 1; 1; 3; 6; 3; 1; 19.863281; 3; 0.000003; 1; 1; inf; 204.960000; 1; 0.000000; inf; -1.000000; 204.960000; 1; 0.000000; 1; 6; 0.001351; 1.000000; 
0; 204.960000; 1; 1; 75; 150; 13; 11; 19.863281; 13; 0.000002; 1; 1; inf; 204.960000; 1; 0.000000; inf; -1.000000; 204.960000; 1; 0.000000; 1; 6; 0.003473; 1.000000; 
0; 204.960000; 1; 1; 145; 290; 20; 18; 19.863281; 20; 0.000003; 1; 1; inf; 204.960000; 1; 0.000000; inf; -1.000000; 204.960000; 1; 0.000000; 1; 6; 0.006928; 1.000000; 
0; 204.960000; 1; 1; 255; 510; 31; 29; 19.863281; 31; 0.000003; 1; 1; inf; 204.960000; 1; 0.000000; inf; -1.000000; 204.960000; 1; 0.000000; 1; 6; 0.012901; 1.000000; 
0; 204.960000; 1; 1; 1; 2; 2; 0; 19.863281; 2; 0.000003; 1; 1; inf; 204.960000; 1; 0.000000; inf; -1.000000; 204.960000; 1; 0.000000; 1; 6; 0.001334; 1.000000; 
0; 204.960000; 1; 1; 3; 6; 3; 1; 19.863281; 3; 0.000002; 1; 1; inf; 204.960000; 1; 0.000000; inf; -1.000000; 204.960000; 1; 0.000000; 1; 6; 0.001297; 1.000000; 
0; 204.960000; 1; 1; 36; 72; 9; 7; 19.863281; 9; 0.000002; 1; 1; inf; 204.960000; 1; 0.000000; inf; -1.000000; 204.960000; 1; 0.000000; 1; 6; 0.002502; 1.000000; 
0; 204.960000; 1; 1; 215; 430; 27; 25; 19.863281; 27; 0.000003; 1; 1; inf; 204.960000; 1; 0.000000; inf; -1.000000; 204.960000; 1; 0.000000; 1; 6; 0.012567; 1.000000; 
0; 204.960000; 1; 1; 36; 72; 9; 7; 19.863281; 9; 0.000002; 1; 1; inf; 204.960000; 1; 0.000000; inf; -1.000000; 204.960000; 1; 0.000000; 1; 6; 0.002482; 1.000000; 
0; 204.960000; 1; 1; 36; 72; 9; 7; 19.863281; 9; 0.000002; 1; 1; inf; 204.960000; 1; 0.000000; inf; -1.000000; 204.960000; 1; 0.000000; 1; 6; 0.002363; 1.000000; 
0; 204.960000; 1; 1; 245; 490; 30; 28; 19.863281; 30; 0.000003; 1; 1; inf; 204.960000; 1; 0.000000; inf; -1.000000; 204.960000; 1; 0.000000; 1; 6; 0.011506; 1.000000; 
0; 204.960000; 1; 1; 3; 6; 3; 1; 19.863281; 3; 0.000004; 1; 1; inf; 204.960000; 1; 0.000000; inf; -1.000000; 204.960000; 1; 0.000000; 1; 6; 0.001451; 1.000000; 
0; 204.960000; 1; 1; 165; 330; 22; 20; 19.863281; 22; 0.000003; 1; 1; inf; 204.960000; 1; 0.000000; inf; -1.000000; 204.960000; 1; 0.000000; 1; 6; 0.007332; 1.000000; 
0; 204.960000; 1; 1; 215; 430; 27; 25; 19.863281; 27; 0.000003; 1; 1; inf; 204.960000; 1; 0.000000; inf; -1.000000; 204.960000; 1; 0.000000; 1; 6; 0.010523; 1.000000; 
0; 204.960000; 1; 1; 285; 570; 34; 32; 19.863281; 34; 0.000003; 1; 1; inf; 204.960000; 1; 0.000000; inf; -1.000000; 204.960000; 1; 0.000000; 1; 6; 0.013731; 1.000000; 
0; inf; 1; 1; 1; 2; 2; 0; 19.863281; 2; 0.000003; 1; 1; inf; 204.960000; 1; 0.000000; inf; -1.000000; 204.960000; 1; 0.000000; 1; 6; 0.001331; 1.000000; 
0; 204.960000; 1; 1; 3; 6; 3; 1; 19.863281; 3; 0.000004; 1; 1; inf; 204.960000; 1; 0.000000; inf; -1.000000; 204.960000; 1; 0.000000; 1; 6; 0.001441; 1.000000; 
0; 204.960000; 1; 1; 165; 330; 22; 20; 19.863281; 22; 0.000003; 1; 1; inf; 204.960000; 1; 0.000000; inf; -1.000000; 204.960000; 1; 0.000000; 1; 6; 0.010653; 1.000000; 
0; 204.960000; 1; 1; 3; 6; 3; 1; 19.863281; 3; 0.000002; 1; 1; inf; 204.960000; 1; 0.000000; inf; -1.000000; 204.960000; 1; 0.000000; 1; 6; 0.001252; 1.000000; 
0; 204.960000; 1; 1; 115; 230; 17; 15; 19.863281; 17; 0.000003; 1; 1; inf; 204.960000; 1; 0.000000; inf; -1.000000; 204.960000; 1; 0.000000; 1; 6; 0.005622; 1.000000; 
0; 204.960000; 1; 1; 245; 490; 30; 28; 19.863281; 30; 0.000003; 1; 1; inf; 204.960000; 1; 0.000000; inf; -1.000000; 204.960000; 1; 0.000000; 1; 6; 0.013611; 1.000000; 
0; inf; 1; 1; 1; 2; 2; 0; 19.863281; 2; 0.000002; 1; 1; inf; 204.960000; 1; 0.000000; inf; -1.000000; 204.960000; 1; 0.000000; 1; 6; 0.001265; 1.000000; 
0; 204.960000; 1; 1; 10; 20; 5; 3; 19.863281; 5; 0.000003; 1; 1; inf; 204.960000; 1; 0.000000; inf; -1.000000; 204.960000; 1; 0.000000; 1; 6; 0.001296; 1.000000; 
0; inf; 1; 1; 1; 2; 2; 0; 19.867188; 2; 0.000003; 1; 1; inf; 204.960000; 1; 0.000000; inf; -1.000000; 204.960000; 1; 0.000000; 1; 6; 0.000467; 1.000000; 
0; 204.960000; 1; 1; 265; 530; 32; 30; 19.871094; 32; 0.000003; 1; 1; inf; 204.960000; 1; 0.000000; inf; -1.000000; 204.960000; 1; 0.000000; 1; 6; 0.011878; 1.000000; 
0; 204.960000; 1; 1; 3; 6; 3; 1; 19.871094; 3; 0.000002; 1; 1; inf; 204.960000; 1; 0.000000; inf; -1.000000; 204.960000; 1; 0.000000; 1; 6; 0.001277; 1.000000; 
0; 204.960000; 1; 1; 3; 6; 3; 1; 19.871094; 3; 0.000002; 1; 1; inf; 204.960000; 1; 0.000000; inf; -1.000000; 204.960000; 1; 0.000000; 1; 6; 0.001358; 1.000000; 
0; 204.960000; 1; 1; 3; 6; 3; 1; 19.871094; 3; 0.000002; 1; 1; inf; 204.960000; 1; 0.000000; inf; -1.000000; 204.960000; 1; 0.000000; 1; 6; 0.001388; 1.000000; 
0; 204.960000; 1; 1; 3; 6; 3; 1; 19.871094; 3; 0.000002; 1; 1; inf; 204.960000; 1; 0.000000; inf; -1.000000; 204.960000; 1; 0.000000; 1; 6; 0.001295; 1.000000; 
0; 204.960000; 1; 1; 3; 6; 3; 1; 19.871094; 3; 0.000003; 1; 1; inf; 204.960000; 1; 0.000000; inf; -1.000000; 204.960000; 1; 0.000000; 1; 6; 0.001393; 1.000000; 
0; 204.960000; 1; 1; 3; 6; 3; 1; 19.871094; 3; 0.000003; 1; 1; inf; 204.960000; 1; 0.000000; inf; -1.000000; 204.960000; 1; 0.000000; 1; 6; 0.001341; 1.000000; 
0; 204.960000; 1; 1; 125; 250; 18; 16; 19.871094; 18; 0.000004; 1; 1; inf; 204.960000; 1; 0.000000; inf; -1.000000; 204.960000; 1; 0.000000; 1; 6; 0.008985; 1.000000; 
5 progress properties for each run
best cost REAL
edge count INTEGER
iterations INTEGER
milestone count INTEGER
time REAL
50 runs


















































.
geometric_RRT
8 common properties
goal_bias = 0.050000000000000003
longest_valid_segment_fraction = 0.01
projection.cellsize.0 = 41.424999999999997
projection.cellsize.1 = 38.100000000000001
projection.cellsize.2 = 11.237500000000001
projection.cellsize_factor = 
range = 229.88495989122254
valid_segment_count_factor = 1
22 properties for each run
approximate solution BOOLEAN
correct solution BOOLEAN
correct solution strict BOOLEAN
graph motions INTEGER
graph states INTEGER
memory REAL
simplification time REAL
simplified correct solution BOOLEAN
simplified correct solution strict BOOLEAN
simplified solution clearance REAL
simplified solution length REAL
simplified solution segments INTEGER
simplified solution smoothness REAL
solution clearance REAL
solution difference REAL
solution length REAL
solution segments INTEGER
solution smoothness REAL
solved BOOLEAN
status ENUM
time REAL
valid segment fraction REAL
50 runs
0; 1; 1; 18; 19; 19.871094; 0.000257; 1; 1; inf; 204.960000; 1; 0.000000; inf; -1.000000; 378.364783; 3; 0.000401; 1; 6; 0.002742; 1.000000; 
0; 1; 1; 5; 6; 19.871094; 0.000081; 1; 1; inf; 204.960000; 1; 0.000000; inf; -1.000000; 341.498432; 2; 0.000143; 1; 6; 0.004580; 1.000000; 
0; 1; 1; 17; 18; 19.871094; 0.000025; 1; 1; inf; 204.960000; 1; 0.000000; inf; -1.000000; 658.095383; 4; 0.000524; 1; 6; 0.001613; 1.000000; 
0; 1; 1; 10; 11; 19.871094; 0.000020; 1; 1; inf; 204.960000; 1; 0.000000; inf; -1.000000; 870.695954; 4; 0.000118; 1; 6; 0.001321; 1.000000; 
0; 1; 1; 9; 10; 19.871094; 0.000019; 1; 1; inf; 204.960000; 1; 0.000000; inf; -1.000000; 364.153935; 2; 0.000128; 1; 6; 0.001317; 1.000000; 
0; 1; 1; 7; 8; 19.871094; 0.000003; 1; 1; inf; 204.960000; 1; 0.000000; inf; -1.000000; 204.960000; 1; 0.000000; 1; 6; 0.001282; 1.000000; 
0; 1; 1; 131; 132; 19.871094; 0.000022; 1; 1; inf; 204.960000; 1; 0.000000; inf; -1.000000; 407.083961; 4; 0.000633; 1; 6; 0.007199; 1.000000; 
0; 1; 1; 18; 19; 20.128906; 0.000024; 1; 1; inf; 204.960000; 1; 0.000000; inf; -1.000000; 505.811240; 3; 0.000225; 1; 6; 0.001278; 1.000000; 
0; 1; 1; 24; 25; 20.128906; 0.000039; 1; 1; inf; 204.960000; 1; 0.000000; inf; -1.000000; 655.609857; 5; 0.000459; 1; 6; 0.001467; 1.000000; 
0; 1; 1; 29; 30; 20.128906; 0.000014; 1; 1; inf; 204.960000; 1; 0.000000; inf; -1.000000; 239.443702; 2; 0.000083; 1; 6; 0.002456; 1.000000; 
0; 1; 1; 33; 34; 20.128906; 0.000016; 1; 1; inf; 204.960000; 1; 0.000000; inf; -1.000000; 542.557114; 3; 0.000234; 1; 6; 0.002581; 1.000000; 
0; 1; 1; 20; 21; 20.128906; 0.000022; 1; 1; inf; 204.960000; 1; 0.000000; inf; -1.000000; 938.302117; 5; 0.000530; 1; 6; 0.001314; 1.000000; 
0; 1; 1; 14; 15; 20.128906; 0.000017; 1; 1; inf; 204.960000; 1; 0.000000; inf; -1.000000; 513.823467; 3; 0.000386; 1; 6; 0.003036; 1.000000; 
0; 1; 1; 3; 4; 20.128906; 0.000002; 1; 1; inf; 204.960000; 1; 0.000000; inf; -1.000000; 204.960000; 1; 0.000000; 1; 6; 0.000232; 1.000000; 
0; 1; 1; 5; 6; 20.128906; 0.000026; 1; 1; inf; 204.960000; 1; 0.000000; inf; -1.000000; 363.244859; 3; 0.000170; 1; 6; 0.001278; 1.000000; 
0; 1; 1; 3; 4; 20.128906; 0.000023; 1; 1; inf; 204.960000; 1; 0.000000; inf; -1.000000; 290.408326; 2; 0.000213; 1; 6; 0.001299; 1.000000; 
0; 1; 1; 16; 17; 20.128906; 0.000015; 1; 1; inf; 204.960000; 1; 0.000000; inf; -1.000000; 417.739459; 3; 0.000303; 1; 6; 0.001241; 1.000000; 
0; 1; 1; 1; 2; 20.128906; 0.000002; 1; 1; inf; 204.960000; 1; 0.000000; inf; -1.000000; 204.960000; 1; 0.000000; 1; 6; 0.000244; 1.000000; 
0; 1; 1; 20; 21; 20.128906; 0.000002; 1; 1; inf; 204.960000; 1; 0.000000; inf; -1.000000; 204.960000; 1; 0.000000; 1; 6; 0.001236; 1.000000; 
0; 1; 1; 5; 6; 20.128906; 0.000003; 1; 1; inf; 204.960000; 1; 0.000000; inf; -1.000000; 204.960000; 1; 0.000000; 1; 6; 0.001246; 1.000000; 
0; 1; 1; 14; 15; 20.128906; 0.000021; 1; 1; inf; 204.960000; 1; 0.000000; inf; -1.000000; 562.498283; 3; 0.000216; 1; 6; 0.001448; 1.000000; 
0; 1; 1; 18; 19; 20.128906; 0.000018; 1; 1; inf; 204.960000; 1; 0.000000; inf; -1.000000; 304.700000; 2; 0.000184; 1; 6; 0.001232; 1.000000; 
0; 1; 1; 37; 38; 20.128906; 0.000022; 1; 1; inf; 204.960000; 1; 0.000000; inf; -1.000000; 603.178478; 4; 0.000647; 1; 6; 0.002579; 1.000000; 
0; 1; 1; 6; 7; 20.128906; 0.000029; 1; 1; inf; 204.960000; 1; 0.000000; inf; -1.000000; 240.300051; 2; 0.000086; 1; 6; 0.001315; 1.000000; 
0; 1; 1; 36; 37; 20.128906; 0.000021; 1; 1; inf; 204.960000; 1; 0.000000; inf; -1.000000; 604.056802; 4; 0.000356; 1; 6; 0.002384; 1.000000; 
0; 1; 1; 17; 18; 20.128906; 0.000015; 1; 1; inf; 204.960000; 1; 0.000000; inf; -1.000000; 398.973396; 2; 0.000111; 1; 6; 0.001266; 1.000000; 
0; 1; 1; 15; 16; 20.144531; 0.000016; 1; 1; inf; 204.960000; 1; 0.000000; inf; -1.000000; 324.671096; 2; 0.000130; 1; 6; 0.001219; 1.000000; 
0; 1; 1; 2; 3; 20.144531; 0.000021; 1; 1; inf; 204.960000; 1; 0.000000; inf; -1.000000; 226.469264; 2; 0.000252; 1; 6; 0.001263; 1.000000; 
0; 1; 1; 11; 12; 20.144531; 0.000024; 1; 1; inf; 204.960000; 1; 0.000000; inf; -1.000000; 441.245130; 3; 0.000322; 1; 6; 0.003221; 1.000000; 
0; 1; 1; 75; 76; 20.144531; 0.000082; 1; 1; inf; 204.960000; 1; 0.000000; inf; -1.000000; 487.765017; 3; 0.000322; 1; 6; 0.004665; 1.000000; 
0; 1; 1; 22; 23; 20.144531; 0.000020; 1; 1; inf; 204.960000; 1; 0.000000; inf; -1.000000; 439.548656; 3; 0.000528; 1; 6; 0.001250; 1.000000; 
0; 1; 1; 8; 9; 20.144531; 0.000018; 1; 1; inf; 204.960000; 1; 0.000000; inf; -1.000000; 384.881746; 2; 0.000117; 1; 6; 0.001206; 1.000000; 
0; 1; 1; 26; 27; 20.144531; 0.000013; 1; 1; inf; 204.960000; 1; 0.000000; inf; -1.000000; 297.453476; 2; 0.000171; 1; 6; 0.002268; 1.000000; 
0; 1; 1; 13; 14; 20.144531; 0.000021; 1; 1; inf; 204.960000; 1; 0.000000; inf; -1.000000; 332.025288; 2; 0.000151; 1; 6; 0.001195; 1.000000; 
0; 1; 1; 6; 7; 20.144531; 0.000022; 1; 1; inf; 204.960000; 1; 0.000000; inf; -1.000000; 423.855931; 2; 0.000102; 1; 6; 0.001209; 1.000000; 
0; 1; 1; 14; 15; 20.144531; 0.000139; 1; 1; inf; 204.960000; 1; 0.000000; inf; -1.000000; 325.834009; 2; 0.000157; 1; 6; 0.001486; 1.000000; 
0; 1; 1; 17; 18; 20.144531; 0.000021; 1; 1; inf; 204.960000; 1; 0.000000; inf; -1.000000; 282.866704; 2; 0.000234; 1; 6; 0.001294; 1.000000; 
0; 1; 1; 52; 53; 20.144531; 0.000033; 1; 1; inf; 204.960000; 1; 0.000000; inf; -1.000000; 1128.243483; 7; 0.000550; 1; 6; 0.003419; 1.000000; 
0; 1; 1; 35; 36; 20.144531; 0.000024; 1; 1; inf; 204.960000; 1; 0.000000; inf; -1.000000; 218.361306; 2; 0.000054; 1; 6; 0.002763; 1.000000; 
0; 1; 1; 17; 18; 20.144531; 0.000020; 1; 1; inf; 204.960000; 1; 0.000000; inf; -1.000000; 270.890449; 2; 0.000288; 1; 6; 0.001224; 1.000000; 
0; 1; 1; 11; 12; 20.144531; 0.000042; 1; 1; inf; 204.960000; 1; 0.000000; inf; -1.000000; 248.797237; 2; 0.000099; 1; 6; 0.003424; 1.000000; 
0; 1; 1; 8; 9; 20.144531; 0.000003; 1; 1; inf; 204.960000; 1; 0.000000; inf; -1.000000; 204.960000; 1; 0.000000; 1; 6; 0.001321; 1.000000; 
0; 1; 1; 1; 2; 20.144531; 0.000002; 1; 1; inf; 204.960000; 1; 0.000000; inf; -1.000000; 204.960000; 1; 0.000000; 1; 6; 0.000156; 1.000000; 
0; 1; 1; 17; 18; 20.144531; 0.000024; 1; 1; inf; 204.960000; 1; 0.000000; inf; -1.000000; 328.896269; 2; 0.000121; 1; 6; 0.001247; 1.000000; 
0; 1; 1; 29; 30; 20.144531; 0.000021; 1; 1; inf; 204.960000; 1; 0.000000; inf; -1.000000; 909.913630; 5; 0.000422; 1; 6; 0.002529; 1.000000; 
0; 1; 1; 9; 10; 20.144531; 0.000004; 1; 1; inf; 204.960000; 1; 0.000000; inf; -1.000000; 204.960000; 1; 0.000000; 1; 6; 0.001398; 1.000000; 
0; 1; 1; 3; 4; 20.144531; 0.000003; 1; 1; inf; 204.960000; 1; 0.000000; inf; -1.000000; 204.960000; 1; 0.000000; 1; 6; 0.001263; 1.000000; 
0; 1; 1; 10; 11; 20.144531; 0.000088; 1; 1; inf; 204.960000; 1; 0.000000; inf; -1.000000; 464.104314; 3; 0.000231; 1; 6; 0.001245; 1.000000; 
0; 1; 1; 6; 7; 20.144531; 0.000021; 1; 1; inf; 204.960000; 1; 0.000000; inf; -1.000000; 463.932974; 3; 0.000198; 1; 6; 0.001265; 1.000000; 
0; 1; 1; 16; 17; 20.144531; 0.000025; 1; 1; inf; 204.960000; 1; 0.000000; inf; -1.000000; 661.303066; 3; 0.000113; 1; 6; 0.001520; 1.000000; 
.
geometric_RRTConnect
7 common properties
longest_valid_segment_fraction = 0.01
projection.cellsize.0 = 41.424999999999997
projection.cellsize.1 = 38.100000000000001
projection.cellsize.2 = 11.237500000000001
projection.cellsize_factor = 
range = 229.88495989122254
valid_segment_count_factor = 1
22 properties for each run
approximate solution BOOLEAN
correct solution BOOLEAN
correct solution strict BOOLEAN
graph motions INTEGER
graph states INTEGER
memory REAL
simplification time REAL
simplified correct solution BOOLEAN
simplified correct solution strict BOOLEAN
simplified solution clearance REAL
simplified solution length REAL
simplified solution segments INTEGER
simplified solution smoothness REAL
solution clearance REAL
solution difference REAL
solution length REAL
solution segments INTEGER
solution smoothness REAL
solved BOOLEAN
status ENUM
time REAL
valid segment fraction REAL
50 runs
0; 1; 1; 4; 5; 20.144531; 0.000022; 1; 1; inf; 204.960000; 1; 0.000000; inf; -1.000000; 501.214265; 3; 0.000324; 1; 6; 0.001365; 1.000000; 
0; 1; 1; 4; 5; 20.144531; 0.000019; 1; 1; inf; 204.960000; 1; 0.000000; inf; -1.000000; 564.204663; 3; 0.000222; 1; 6; 0.000224; 1.000000; 
0; 1; 1; 4; 5; 20.144531; 0.000017; 1; 1; inf; 204.960000; 1; 0.000000; inf; -1.000000; 628.281901; 3; 0.000191; 1; 6; 0.000134; 1.000000; 
0; 1; 1; 4; 5; 20.144531; 0.000015; 1; 1; inf; 204.960000; 1; 0.000000; inf; -1.000000; 565.071242; 3; 0.000222; 1; 6; 0.001235; 1.000000; 
0; 1; 1; 4; 5; 20.144531; 0.000023; 1; 1; inf; 204.960000; 1; 0.000000; inf; -1.000000; 651.467838; 3; 0.000190; 1; 6; 0.000249; 1.000000; 
0; 1; 1; 4; 5; 20.144531; 0.000020; 1; 1; inf; 204.960000; 1; 0.000000; inf; -1.000000; 633.104798; 3; 0.000190; 1; 6; 0.001576; 1.000000; 
0; 1; 1; 4; 5; 20.144531; 0.000010; 1; 1; inf; 204.960000; 1; 0.000000; inf; -1.000000; 662.383409; 3; 0.000198; 1; 6; 0.000211; 1.000000; 
0; 1; 1; 4; 5; 20.144531; 0.000018; 1; 1; inf; 204.960000; 1; 0.000000; inf; -1.000000; 649.736844; 3; 0.000190; 1; 6; 0.001196; 1.000000; 
0; 1; 1; 4; 5; 20.144531; 0.000010; 1; 1; inf; 204.960000; 1; 0.000000; inf; -1.000000; 661.873575; 3; 0.000197; 1; 6; 0.000256; 1.000000; 
0; 1; 1; 4; 5; 20.144531; 0.000019; 1; 1; inf; 204.960000; 1; 0.000000; inf; -1.000000; 563.576407; 3; 0.000223; 1; 6; 0.001329; 1.000000; 
0; 1; 1; 4; 5; 20.144531; 0.000019; 1; 1; inf; 204.960000; 1; 0.000000; inf; -1.000000; 503.485815; 3; 0.000287; 1; 6; 0.000225; 1.000000; 
0; 1; 1; 4; 5; 20.144531; 0.000014; 1; 1; inf; 204.960000; 1; 0.000000; inf; -1.000000; 658.591520; 3; 0.000194; 1; 6; 0.000180; 1.000000; 
0; 1; 1; 4; 5; 20.265625; 0.000023; 1; 1; inf; 204.960000; 1; 0.000000; inf; -1.000000; 611.206482; 3; 0.000196; 1; 6; 0.000247; 1.000000; 
0; 1; 1; 4; 5; 20.265625; 0.000023; 1; 1; inf; 204.960000; 1; 0.000000; inf; -1.000000; 587.836696; 3; 0.000207; 1; 6; 0.001413; 1.000000; 
0; 1; 1; 4; 5; 20.265625; 0.000020; 1; 1; inf; 204.960000; 1; 0.000000; inf; -1.000000; 388.062233; 3; 0.000733; 1; 6; 0.001278; 1.000000; 
0; 1; 1; 4; 5; 20.265625; 0.000015; 1; 1; inf; 204.960000; 1; 0.000000; inf; -1.000000; 412.874782; 3; 0.001079; 1; 6; 0.001229; 1.000000; 
0; 1; 1; 4; 5; 20.265625; 0.000020; 1; 1; inf; 204.960000; 1; 0.000000; inf; -1.000000; 631.029558; 3; 0.000190; 1; 6; 0.001233; 1.000000; 
0; 1; 1; 4; 5; 20.265625; 0.000018; 1; 1; inf; 204.960000; 1; 0.000000; inf; -1.000000; 463.341907; 3; 0.000363; 1; 6; 0.001210; 1.000000; 
0; 1; 1; 4; 5; 20.265625; 0.000018; 1; 1; inf; 204.960000; 1; 0.000000; inf; -1.000000; 374.019004; 3; 0.000918; 1; 6; 0.001200; 1.000000; 
0; 1; 1; 3; 4; 20.265625; 0.000039; 1; 1; inf; 204.960000; 1; 0.000000; inf; -1.000000; 298.799714; 2; 0.000195; 1; 6; 0.001269; 1.000000; 
0; 1; 1; 4; 5; 20.265625; 0.000022; 1; 1; inf; 204.960000; 1; 0.000000; inf; -1.000000; 639.293785; 3; 0.000189; 1; 6; 0.001195; 1.000000; 
0; 1; 1; 4; 5; 20.265625; 0.000018; 1; 1; inf; 204.960000; 1; 0.000000; inf; -1.000000; 636.523065; 3; 0.000190; 1; 6; 0.000169; 1.000000; 
0; 1; 1; 3; 4; 20.265625; 0.000033; 1; 1; inf; 204.960000; 1; 0.000000; inf; -1.000000; 453.691522; 2; 0.000094; 1; 6; 0.001252; 1.000000; 
0; 1; 1; 4; 5; 20.265625; 0.000021; 1; 1; inf; 204.960000; 1; 0.000000; inf; -1.000000; 656.363288; 3; 0.000192; 1; 6; 0.000157; 1.000000; 
0; 1; 1; 4; 5; 20.265625; 0.000024; 1; 1; inf; 204.960000; 1; 0.000000; inf; -1.000000; 659.575623; 3; 0.000194; 1; 6; 0.001283; 1.000000; 
0; 1; 1; 4; 5; 20.265625; 0.000019; 1; 1; inf; 204.960000; 1; 0.000000; inf; -1.000000; 496.736224; 3; 0.000298; 1; 6; 0.000216; 1.000000; 
0; 1; 1; 4; 5; 20.265625; 0.000023; 1; 1; inf; 204.960000; 1; 0.000000; inf; -1.000000; 588.744984; 3; 0.000279; 1; 6; 0.001429; 1.000000; 
0; 1; 1; 4; 5; 20.265625; 0.000021; 1; 1; inf; 204.960000; 1; 0.000000; inf; -1.000000; 632.360809; 3; 0.000190; 1; 6; 0.001242; 1.000000; 
0; 1; 1; 3; 4; 20.265625; 0.000016; 1; 1; inf; 204.960000; 1; 0.000000; inf; -1.000000; 405.242424; 2; 0.000106; 1; 6; 0.001241; 1.000000; 
0; 1; 1; 4; 5; 20.265625; 0.000020; 1; 1; inf; 204.960000; 1; 0.000000; inf; -1.000000; 606.184535; 3; 0.000198; 1; 6; 0.001247; 1.000000; 
0; 1; 1; 3; 4; 20.265625; 0.000011; 1; 1; inf; 204.960000; 1; 0.000000; inf; -1.000000; 412.761857; 2; 0.000106; 1; 6; 0.000193; 1.000000; 
0; 1; 1; 4; 5; 20.265625; 0.000012; 1; 1; inf; 204.960000; 1; 0.000000; inf; -1.000000; 531.522197; 3; 0.000252; 1; 6; 0.000160; 1.000000; 
0; 1; 1; 4; 5; 20.265625; 0.000012; 1; 1; inf; 204.960000; 1; 0.000000; inf; -1.000000; 662.698266; 3; 0.000199; 1; 6; 0.000140; 1.000000; 
0; 1; 1; 4; 5; 20.265625; 0.000012; 1; 1; inf; 204.960000; 1; 0.000000; inf; -1.000000; 619.729257; 3; 0.000193; 1; 6; 0.001226; 1.000000; 
0; 1; 1; 4; 5; 20.265625; 0.000015; 1; 1; inf; 204.960000; 1; 0.000000; inf; -1.000000; 532.259329; 3; 0.000251; 1; 6; 0.001206; 1.000000; 
0; 1; 1; 4; 5; 20.265625; 0.000022; 1; 1; inf; 204.960000; 1; 0.000000; inf; -1.000000; 631.862290; 3; 0.000190; 1; 6; 0.001232; 1.000000; 
0; 1; 1; 4; 5; 20.265625; 0.000015; 1; 1; inf; 204.960000; 1; 0.000000; inf; -1.000000; 637.201425; 3; 0.000190; 1; 6; 0.000409; 1.000000; 
0; 1; 1; 3; 4; 20.265625; 0.000024; 1; 1; inf; 204.960000; 1; 0.000000; inf; -1.000000; 333.905560; 2; 0.000149; 1; 6; 0.001300; 1.000000; 
0; 1; 1; 4; 5; 20.265625; 0.000064; 1; 1; inf; 204.960000; 1; 0.000000; inf; -1.000000; 465.208896; 3; 0.000359; 1; 6; 0.000192; 1.000000; 
0; 1; 1; 3; 4; 20.265625; 0.000022; 1; 1; inf; 204.960000; 1; 0.000000; inf; -1.000000; 338.693677; 2; 0.000145; 1; 6; 0.001281; 1.000000; 
0; 1; 1; 4; 5; 20.265625; 0.000021; 1; 1; inf; 204.960000; 1; 0.000000; inf; -1.000000; 595.108921; 3; 0.000221; 1; 6; 0.001312; 1.000000; 
0; 1; 1; 4; 5; 20.265625; 0.000020; 1; 1; inf; 204.960000; 1; 0.000000; inf; -1.000000; 551.654564; 3; 0.000233; 1; 6; 0.000176; 1.000000; 
0; 1; 1; 4; 5; 20.265625; 0.000019; 1; 1; inf; 204.960000; 1; 0.000000; inf; -1.000000; 650.805947; 3; 0.000190; 1; 6; 0.001288; 1.000000; 
0; 1; 1; 4; 5; 20.265625; 0.000021; 1; 1; inf; 204.960000; 1; 0.000000; inf; -1.000000; 623.323340; 3; 0.000192; 1; 6; 0.001231; 1.000000; 
0; 1; 1; 4; 5; 20.265625; 0.000017; 1; 1; inf; 204.960000; 1; 0.000000; inf; -1.000000; 613.939339; 3; 0.000195; 1; 6; 0.000131; 1.000000; 
0; 1; 1; 3; 4; 20.265625; 0.000017; 1; 1; inf; 204.960000; 1; 0.000000; inf; -1.000000; 446.875606; 2; 0.000096; 1; 6; 0.001217; 1.000000; 
0; 1; 1; 4; 5; 20.265625; 0.000018; 1; 1; inf; 204.960000; 1; 0.000000; inf; -1.000000; 663.035726; 3; 0.000199; 1; 6; 0.001205; 1.000000; 
0; 1; 1; 4; 5; 20.265625; 0.000018; 1; 1; inf; 204.960000; 1; 0.000000; inf; -1.000000; 553.219036; 3; 0.000231; 1; 6; 0.001253; 1.000000; 
0; 1; 1; 3; 4; 20.265625; 0.000018; 1; 1; inf; 204.960000; 1; 0.000000; inf; -1.000000; 331.737469; 2; 0.000151; 1; 6; 0.001187; 1.000000; 
0; 1; 1; 3; 4; 20.265625; 0.000020; 1; 1; inf; 204.960000; 1; 0.000000; inf; -1.000000; 409.371437; 2; 0.000107; 1; 6; 0.000202; 1.000000; 
.
geometric_SBL
7 common properties
longest_valid_segment_fraction = 0.01
projection.cellsize.0 = 41.424999999999997
projection.cellsize.1 = 38.100000000000001
projection.cellsize.2 = 11.237500000000001
projection.cellsize_factor = 
range = 229.88495989122254
valid_segment_count_factor = 1
22 properties for each run
approximate solution BOOLEAN
correct solution BOOLEAN
correct solution strict BOOLEAN
graph motions INTEGER
graph states INTEGER
memory REAL
simplification time REAL
simplified correct solution BOOLEAN
simplified correct solution strict BOOLEAN
simplified solution clearance REAL
simplified solution length REAL
simplified solution segments INTEGER
simplified solution smoothness REAL
solution clearance REAL
solution difference REAL
solution length REAL
solution segments INTEGER
solution smoothness REAL
solved BOOLEAN
status ENUM
time REAL
valid segment fraction REAL
50 runs
0; 1; 1; 20; 21; 20.386719; 0.000047; 1; 1; inf; 204.960000; 1; 0.000000; inf; -1.000000; 286.834118; 3; 0.001029; 1; 6; 0.001514; 1.000000; 
0; 1; 1; 71; 72; 20.386719; 0.000025; 1; 1; inf; 204.960000; 1; 0.000000; inf; -1.000000; 895.011108; 10; 0.004315; 1; 6; 0.001280; 1.000000; 
0; 1; 1; 169; 170; 20.386719; 0.000024; 1; 1; inf; 204.960000; 1; 0.000000; inf; -1.000000; 1083.124718; 9; 0.001649; 1; 6; 0.002425; 1.000000; 
0; 1; 1; 75; 76; 20.386719; 0.000020; 1; 1; inf; 204.960000; 1; 0.000000; inf; -1.000000; 647.064024; 7; 0.002223; 1; 6; 0.001277; 1.000000; 
0; 1; 1; 187; 188; 20.386719; 0.000028; 1; 1; inf; 204.960000; 1; 0.000000; inf; -1.000000; 1060.235831; 10; 0.004497; 1; 6; 0.004178; 1.000000; 
0; 1; 1; 227; 228; 20.386719; 0.000027; 1; 1; inf; 204.960000; 1; 0.000000; inf; -1.000000; 631.761549; 7; 0.002931; 1; 6; 0.002484; 1.000000; 
0; 1; 1; 107; 108; 20.386719; 0.000022; 1; 1; inf; 204.960000; 1; 0.000000; inf; -1.000000; 749.963517; 8; 0.002982; 1; 6; 0.001282; 1.000000; 
0; 1; 1; 112; 113; 20.386719; 0.000020; 1; 1; inf; 204.960000; 1; 0.000000; inf; -1.000000; 1027.769464; 10; 0.003215; 1; 6; 0.001167; 1.000000; 
0; 1; 1; 35; 36; 20.386719; 0.000024; 1; 1; inf; 204.960000; 1; 0.000000; inf; -1.000000; 412.245319; 5; 0.001901; 1; 6; 0.001386; 1.000000; 
0; 1; 1; 53; 54; 20.386719; 0.000095; 1; 1; inf; 204.960000; 1; 0.000000; inf; -1.000000; 731.056819; 7; 0.002058; 1; 6; 0.001269; 1.000000; 
0; 1; 1; 68; 69; 20.386719; 0.000056; 1; 1; inf; 204.960000; 1; 0.000000; inf; -1.000000; 576.681090; 7; 0.004917; 1; 6; 0.001408; 1.000000; 
0; 1; 1; 52; 53; 20.386719; 0.000026; 1; 1; inf; 204.960000; 1; 0.000000; inf; -1.000000; 1075.777186; 11; 0.004351; 1; 6; 0.001393; 1.000000; 
0; 1; 1; 197; 198; 20.386719; 0.000028; 1; 1; inf; 204.960000; 1; 0.000000; inf; -1.000000; 1231.491973; 12; 0.004958; 1; 6; 0.001351; 1.000000; 
0; 1; 1; 164; 165; 20.386719; 0.000026; 1; 1; inf; 204.960000; 1; 0.000000; inf; -1.000000; 1048.613804; 10; 0.002520; 1; 6; 0.001344; 1.000000; 
0; 1; 1; 108; 109; 20.386719; 0.000023; 1; 1; inf; 204.960000; 1; 0.000000; inf; -1.000000; 836.532252; 9; 0.001696; 1; 6; 0.001727; 1.000000; 
0; 1; 1; 65; 66; 20.386719; 0.000024; 1; 1; inf; 204.960000; 1; 0.000000; inf; -1.000000; 458.446221; 5; 0.000893; 1; 6; 0.001296; 1.000000; 
0; 1; 1; 96; 97; 20.386719; 0.000049; 1; 1; inf; 204.960000; 1; 0.000000; inf; -1.000000; 772.441240; 10; 0.010400; 1; 6; 0.001628; 1.000000; 
0; 1; 1; 110; 111; 20.386719; 0.000021; 1; 1; inf; 204.960000; 1; 0.000000; inf; -1.000000; 780.171309; 8; 0.003395; 1; 6; 0.001229; 1.000000; 
0; 1; 1; 76; 77; 20.386719; 0.000023; 1; 1; inf; 204.960000; 1; 0.000000; inf; -1.000000; 783.756551; 8; 0.003579; 1; 6; 0.001241; 1.000000; 
0; 1; 1; 146; 147; 20.386719; 0.000024; 1; 1; inf; 204.960000; 1; 0.000000; inf; -1.000000; 785.030582; 8; 0.002431; 1; 6; 0.001317; 1.000000; 
0; 1; 1; 146; 147; 20.386719; 0.000023; 1; 1; inf; 204.960000; 1; 0.000000; inf; -1.000000; 1141.933960; 11; 0.004320; 1; 6; 0.001254; 1.000000; 
0; 1; 1; 111; 112; 20.386719; 0.000022; 1; 1; inf; 204.960000; 1; 0.000000; inf; -1.000000; 1500.550311; 13; 0.003173; 1; 6; 0.001251; 1.000000; 
0; 1; 1; 261; 262; 20.386719; 0.000018; 1; 1; inf; 204.960000; 1; 0.000000; inf; -1.000000; 980.599793; 11; 0.005248; 1; 6; 0.002376; 1.000000; 
0; 1; 1; 98; 99; 20.695312; 0.000112; 1; 1; inf; 204.960000; 1; 0.000000; inf; -1.000000; 697.762903; 7; 0.002847; 1; 6; 0.001329; 1.000000; 
0; 1; 1; 48; 49; 20.695312; 0.000023; 1; 1; inf; 204.960000; 1; 0.000000; inf; -1.000000; 475.698192; 5; 0.002602; 1; 6; 0.001304; 1.000000; 
0; 1; 1; 20; 21; 20.695312; 0.000014; 1; 1; inf; 204.960000; 1; 0.000000; inf; -1.000000; 341.193504; 4; 0.002558; 1; 6; 0.001220; 1.000000; 
0; 1; 1; 139; 140; 20.695312; 0.000017; 1; 1; inf; 204.960000; 1; 0.000000; inf; -1.000000; 957.249962; 11; 0.027784; 1; 6; 0.001287; 1.000000; 
0; 1; 1; 159; 160; 20.695312; 0.000019; 1; 1; inf; 204.960000; 1; 0.000000; inf; -1.000000; 819.341333; 8; 0.002031; 1; 6; 0.004027; 1.000000; 
0; 1; 1; 138; 139; 20.695312; 0.000027; 1; 1; inf; 204.960000; 1; 0.000000; inf; -1.000000; 1063.578848; 11; 0.004943; 1; 6; 0.001403; 1.000000; 
0; 1; 1; 66; 67; 20.695312; 0.000024; 1; 1; inf; 204.960000; 1; 0.000000; inf; -1.000000; 711.176019; 7; 0.002159; 1; 6; 0.001424; 1.000000; 
0; 1; 1; 78; 79; 20.695312; 0.000025; 1; 1; inf; 204.960000; 1; 0.000000; inf; -1.000000; 1137.730941; 12; 0.005894; 1; 6; 0.001375; 1.000000; 
0; 1; 1; 27; 28; 20.695312; 0.000045; 1; 1; inf; 204.960000; 1; 0.000000; inf; -1.000000; 949.878073; 9; 0.004337; 1; 6; 0.001244; 1.000000; 
0; 1; 1; 314; 315; 20.695312; 0.000020; 1; 1; inf; 204.960000; 1; 0.000000; inf; -1.000000; 839.726230; 8; 0.003087; 1; 6; 0.002360; 1.000000; 
0; 1; 1; 206; 207; 20.695312; 0.000027; 1; 1; inf; 204.960000; 1; 0.000000; inf; -1.000000; 1147.297562; 12; 0.004829; 1; 6; 0.002757; 1.000000; 
0; 1; 1; 191; 192; 20.695312; 0.000025; 1; 1; inf; 204.960000; 1; 0.000000; inf; -1.000000; 925.038834; 8; 0.003159; 1; 6; 0.001285; 1.000000; 
0; 1; 1; 167; 168; 20.824219; 0.000023; 1; 1; inf; 204.960000; 1; 0.000000; inf; -1.000000; 889.298108; 9; 0.008730; 1; 6; 0.001271; 1.000000; 
0; 1; 1; 131; 132; 20.824219; 0.000031; 1; 1; inf; 204.960000; 1; 0.000000; inf; -1.000000; 637.257494; 7; 0.003884; 1; 6; 0.001300; 1.000000; 
0; 1; 1; 49; 50; 20.824219; 0.000024; 1; 1; inf; 204.960000; 1; 0.000000; inf; -1.000000; 418.940173; 6; 0.005148; 1; 6; 0.001443; 1.000000; 
0; 1; 1; 52; 53; 20.824219; 0.000023; 1; 1; inf; 204.960000; 1; 0.000000; inf; -1.000000; 899.860202; 8; 0.002380; 1; 6; 0.001526; 1.000000; 
0; 1; 1; 114; 115; 20.824219; 0.000021; 1; 1; inf; 204.960000; 1; 0.000000; inf; -1.000000; 791.147746; 8; 0.003085; 1; 6; 0.000922; 1.000000; 
0; 1; 1; 87; 88; 20.824219; 0.000024; 1; 1; inf; 204.960000; 1; 0.000000; inf; -1.000000; 484.606166; 5; 0.003288; 1; 6; 0.001684; 1.000000; 
0; 1; 1; 291; 292; 20.824219; 0.000028; 1; 1; inf; 204.960000; 1; 0.000000; inf; -1.000000; 1067.584992; 10; 0.003404; 1; 6; 0.002338; 1.000000; 
0; 1; 1; 196; 197; 20.824219; 0.000074; 1; 1; inf; 204.960000; 1; 0.000000; inf; -1.000000; 1294.591441; 13; 0.005298; 1; 6; 0.001352; 1.000000; 
0; 1; 1; 131; 132; 20.824219; 0.000024; 1; 1; inf; 204.960000; 1; 0.000000; inf; -1.000000; 690.372347; 6; 0.001491; 1; 6; 0.001295; 1.000000; 
0; 1; 1; 186; 187; 20.824219; 0.000017; 1; 1; inf; 204.960000; 1; 0.000000; inf; -1.000000; 910.211499; 9; 0.003414; 1; 6; 0.001930; 1.000000; 
0; 1; 1; 170; 171; 20.824219; 0.000024; 1; 1; inf; 204.960000; 1; 0.000000; inf; -1.000000; 733.493933; 7; 0.003458; 1; 6; 0.001383; 1.000000; 
0; 1; 1; 82; 83; 20.824219; 0.000026; 1; 1; inf; 204.960000; 1; 0.000000; inf; -1.000000; 869.373185; 10; 0.005012; 1; 6; 0.001247; 1.000000; 
0; 1; 1; 169; 170; 20.824219; 0.000020; 1; 1; inf; 204.960000; 1; 0.000000; inf; -1.000000; 1024.248135; 9; 0.002890; 1; 6; 0.001298; 1.000000; 
0; 1; 1; 403; 404; 20.824219; 0.000027; 1; 1; inf; 204.960000; 1; 0.000000; inf; -1.000000; 958.285748; 10; 0.004407; 1; 6; 0.002491; 1.000000; 
0; 1; 1; 115; 116; 20.824219; 0.000022; 1; 1; inf; 204.960000; 1; 0.000000; inf; -1.000000; 1053.751374; 10; 0.004161; 1; 6; 0.001237; 1.000000; 
.
geometric_STRIDE
15 common properties
degree = 16
estimated_dimension = 6
goal_bias = 0.050000000000000003
longest_valid_segment_fraction = 0.01
max_degree = 18
max_pts_per_leaf = 6
min_degree = 12
min_valid_path_fraction = 0.20000000000000001
projection.cellsize.0 = 41.424999999999997
projection.cellsize.1 = 38.100000000000001
projection.cellsize.2 = 11.237500000000001
projection.cellsize_factor = 
range = 229.88495989122254
use_projected_distance = 0
valid_segment_count_factor = 1
22 properties for each run
approximate solution BOOLEAN
correct solution BOOLEAN
correct solution strict BOOLEAN
graph motions INTEGER
graph states INTEGER
memory REAL
simplification time REAL
simplified correct solution BOOLEAN
simplified correct solution strict BOOLEAN
simplified solution clearance REAL
simplified solution length REAL
simplified solution segments INTEGER
simplified solution smoothness REAL
solution clearance REAL
solution difference REAL
solution length REAL
solution segments INTEGER
solution smoothness REAL
solved BOOLEAN
status ENUM
time REAL
valid segment fraction REAL
50 runs
0; 1; 1; 2; 3; 20.824219; 0.000003; 1; 1; inf; 204.960000; 1; 0.000000; inf; -1.000000; 204.960000; 1; 0.000000; 1; 6; 0.001173; 1.000000; 
0; 1; 1; 3; 4; 20.824219; 0.000019; 1; 1; inf; 204.960000; 1; 0.000000; inf; -1.000000; 346.785681; 2; 0.000240; 1; 6; 0.001177; 1.000000; 
0; 1; 1; 20; 21; 20.824219; 0.000012; 1; 1; inf; 204.960000; 1; 0.000000; inf; -1.000000; 567.882066; 5; 0.001795; 1; 6; 0.001221; 1.000000; 
0; 1; 1; 15; 16; 20.824219; 0.000021; 1; 1; inf; 204.960000; 1; 0.000000; inf; -1.000000; 371.114679; 3; 0.000630; 1; 6; 0.001275; 1.000000; 
0; 1; 1; 30; 31; 20.824219; 0.000020; 1; 1; inf; 204.960000; 1; 0.000000; inf; -1.000000; 745.302773; 5; 0.000589; 1; 6; 0.002347; 1.000000; 
0; 1; 1; 3; 4; 20.824219; 0.000004; 1; 1; inf; 204.960000; 1; 0.000000; inf; -1.000000; 204.960000; 1; 0.000000; 1; 6; 0.001375; 1.000000; 
0; 1; 1; 15; 16; 20.824219; 0.000013; 1; 1; inf; 204.960000; 1; 0.000000; inf; -1.000000; 324.256461; 2; 0.000188; 1; 6; 0.001309; 1.000000; 
0; 1; 1; 1; 2; 20.824219; 0.000001; 1; 1; inf; 204.960000; 1; 0.000000; inf; -1.000000; 204.960000; 1; 0.000000; 1; 6; 0.000162; 1.000000; 
0; 1; 1; 25; 26; 20.824219; 0.000027; 1; 1; inf; 204.960000; 1; 0.000000; inf; -1.000000; 888.817675; 7; 0.001975; 1; 6; 0.001280; 1.000000; 
0; 1; 1; 6; 7; 20.824219; 0.000017; 1; 1; inf; 204.960000; 1; 0.000000; inf; -1.000000; 615.618137; 5; 0.001335; 1; 6; 0.001353; 1.000000; 
0; 1; 1; 19; 20; 20.824219; 0.000020; 1; 1; inf; 204.960000; 1; 0.000000; inf; -1.000000; 368.333699; 2; 0.000183; 1; 6; 0.001232; 1.000000; 
0; 1; 1; 16; 17; 20.824219; 0.000026; 1; 1; inf; 204.960000; 1; 0.000000; inf; -1.000000; 609.136612; 4; 0.000705; 1; 6; 0.001297; 1.000000; 
0; 1; 1; 65; 66; 20.824219; 0.000024; 1; 1; inf; 204.960000; 1; 0.000000; inf; -1.000000; 475.363946; 5; 0.000578; 1; 6; 0.004666; 1.000000; 
0; 1; 1; 21; 22; 20.824219; 0.000085; 1; 1; inf; 204.960000; 1; 0.000000; inf; -1.000000; 949.085076; 5; 0.000679; 1; 6; 0.001275; 1.000000; 
0; 1; 1; 11; 12; 20.824219; 0.000020; 1; 1; inf; 204.960000; 1; 0.000000; inf; -1.000000; 247.702011; 2; 0.000100; 1; 6; 0.001614; 1.000000; 
0; 1; 1; 45; 46; 20.824219; 0.000015; 1; 1; inf; 204.960000; 1; 0.000000; inf; -1.000000; 646.392431; 5; 0.001066; 1; 6; 0.002304; 1.000000; 
0; 1; 1; 14; 15; 20.824219; 0.000020; 1; 1; inf; 204.960000; 1; 0.000000; inf; -1.000000; 314.551950; 3; 0.000250; 1; 6; 0.001196; 1.000000; 
0; 1; 1; 11; 12; 20.824219; 0.000018; 1; 1; inf; 204.960000; 1; 0.000000; inf; -1.000000; 712.489888; 4; 0.000463; 1; 6; 0.001205; 1.000000; 
0; 1; 1; 12; 13; 20.824219; 0.000018; 1; 1; inf; 204.960000; 1; 0.000000; inf; -1.000000; 242.406987; 2; 0.000133; 1; 6; 0.001242; 1.000000; 
0; 1; 1; 91; 92; 20.824219; 0.000028; 1; 1; inf; 204.960000; 1; 0.000000; inf; -1.000000; 1324.135931; 9; 0.001797; 1; 6; 0.005905; 1.000000; 
0; 1; 1; 11; 12; 20.824219; 0.000025; 1; 1; inf; 204.960000; 1; 0.000000; inf; -1.000000; 565.121509; 4; 0.000848; 1; 6; 0.001285; 1.000000; 
0; 1; 1; 22; 23; 20.824219; 0.000022; 1; 1; inf; 204.960000; 1; 0.000000; inf; -1.000000; 1110.238169; 7; 0.001307; 1; 6; 0.001250; 1.000000; 
0; 1; 1; 18; 19; 20.824219; 0.000019; 1; 1; inf; 204.960000; 1; 0.000000; inf; -1.000000; 291.151110; 2; 0.000118; 1; 6; 0.001307; 1.000000; 
0; 1; 1; 34; 35; 20.824219; 0.000021; 1; 1; inf; 204.960000; 1; 0.000000; inf; -1.000000; 564.102824; 3; 0.000305; 1; 6; 0.002337; 1.000000; 
0; 1; 1; 3; 4; 20.824219; 0.000002; 1; 1; inf; 204.960000; 1; 0.000000; inf; -1.000000; 204.960000; 1; 0.000000; 1; 6; 0.000272; 1.000000; 
0; 1; 1; 13; 14; 20.824219; 0.000020; 1; 1; inf; 204.960000; 1; 0.000000; inf; -1.000000; 577.141126; 3; 0.000174; 1; 6; 0.001192; 1.000000; 
0; 1; 1; 20; 21; 20.824219; 0.000137; 1; 1; inf; 204.960000; 1; 0.000000; inf; -1.000000; 346.460540; 3; 0.000575; 1; 6; 0.001412; 1.000000; 
0; 1; 1; 32; 33; 20.824219; 0.000017; 1; 1; inf; 204.960000; 1; 0.000000; inf; -1.000000; 1302.070523; 8; 0.001408; 1; 6; 0.003723; 1.000000; 
0; 1; 1; 23; 24; 20.824219; 0.000015; 1; 1; inf; 204.960000; 1; 0.000000; inf; -1.000000; 1152.290948; 6; 0.000763; 1; 6; 0.001273; 1.000000; 
0; 1; 1; 28; 29; 20.824219; 0.000018; 1; 1; inf; 204.960000; 1; 0.000000; inf; -1.000000; 649.870688; 4; 0.000640; 1; 6; 0.002451; 1.000000; 
0; 1; 1; 25; 26; 20.824219; 0.000014; 1; 1; inf; 204.960000; 1; 0.000000; inf; -1.000000; 389.318521; 3; 0.000527; 1; 6; 0.001300; 1.000000; 
0; 1; 1; 2; 3; 20.824219; 0.000016; 1; 1; inf; 204.960000; 1; 0.000000; inf; -1.000000; 215.257933; 2; 0.000040; 1; 6; 0.001300; 1.000000; 
0; 1; 1; 18; 19; 20.824219; 0.000023; 1; 1; inf; 204.960000; 1; 0.000000; inf; -1.000000; 714.195621; 7; 0.001169; 1; 6; 0.003071; 1.000000; 
0; 1; 1; 20; 21; 20.824219; 0.000003; 1; 1; inf; 204.960000; 1; 0.000000; inf; -1.000000; 204.960000; 1; 0.000000; 1; 6; 0.001342; 1.000000; 
0; 1; 1; 1; 2; 20.824219; 0.000003; 1; 1; inf; 204.960000; 1; 0.000000; inf; -1.000000; 204.960000; 1; 0.000000; 1; 6; 0.000312; 1.000000; 
0; 1; 1; 21; 22; 20.824219; 0.000026; 1; 1; inf; 204.960000; 1; 0.000000; inf; -1.000000; 1177.369517; 8; 0.001323; 1; 6; 0.002169; 1.000000; 
0; 1; 1; 2; 3; 20.824219; 0.000022; 1; 1; inf; 204.960000; 1; 0.000000; inf; -1.000000; 330.397969; 2; 0.000281; 1; 6; 0.000573; 1.000000; 
0; 1; 1; 19; 20; 20.824219; 0.000020; 1; 1; inf; 204.960000; 1; 0.000000; inf; -1.000000; 492.129388; 2; 0.000113; 1; 6; 0.002488; 1.000000; 
0; 1; 1; 1; 2; 20.824219; 0.000004; 1; 1; inf; 204.960000; 1; 0.000000; inf; -1.000000; 204.960000; 1; 0.000000; 1; 6; 0.000430; 1.000000; 
0; 1; 1; 39; 40; 20.824219; 0.000023; 1; 1; inf; 204.960000; 1; 0.000000; inf; -1.000000; 959.808670; 6; 0.000689; 1; 6; 0.011411; 1.000000; 
0; 1; 1; 6; 7; 20.824219; 0.000023; 1; 1; inf; 204.960000; 1; 0.000000; inf; -1.000000; 348.038160; 2; 0.000161; 1; 6; 0.003645; 1.000000; 
0; 1; 1; 3; 4; 20.824219; 0.000016; 1; 1; inf; 204.960000; 1; 0.000000; inf; -1.000000; 322.657600; 2; 0.000123; 1; 6; 0.001361; 1.000000; 
0; 1; 1; 15; 16; 20.824219; 0.000071; 1; 1; inf; 204.960000; 1; 0.000000; inf; -1.000000; 317.160521; 2; 0.000206; 1; 6; 0.001311; 1.000000; 
0; 1; 1; 2; 3; 20.824219; 0.000004; 1; 1; inf; 204.960000; 1; 0.000000; inf; -1.000000; 204.960000; 1; 0.000000; 1; 6; 0.000517; 1.000000; 
0; 1; 1; 26; 27; 20.824219; 0.000041; 1; 1; inf; 204.960000; 1; 0.000000; inf; -1.000000; 803.116961; 4; 0.000190; 1; 6; 0.003719; 1.000000; 
0; 1; 1; 15; 16; 20.824219; 0.000414; 1; 1; inf; 204.960000; 1; 0.000000; inf; -1.000000; 294.100791; 3; 0.001905; 1; 6; 0.002171; 1.000000; 
0; 1; 1; 39; 40; 20.824219; 0.000019; 1; 1; inf; 204.960000; 1; 0.000000; inf; -1.000000; 1145.198916; 7; 0.000963; 1; 6; 0.006962; 1.000000; 
0; 1; 1; 33; 34; 20.824219; 0.000329; 1; 1; inf; 204.960000; 1; 0.000000; inf; -1.000000; 1011.239244; 7; 0.000930; 1; 6; 0.002412; 1.000000; 
0; 1; 1; 5; 6; 20.824219; 0.000002; 1; 1; inf; 204.960000; 1; 0.000000; inf; -1.000000; 204.960000; 1; 0.000000; 1; 6; 0.002467; 1.000000; 
0; 1; 1; 21; 22; 20.824219; 0.000218; 1; 1; inf; 204.960000; 1; 0.000000; inf; -1.000000; 399.622312; 3; 0.000542; 1; 6; 0.001252; 1.000000; 
.
geometric_TRRT
13 common properties
cost_threshold = inf
frontierNodeRatio = 0.10000000000000001
frontier_threshold = 11.494247994561126
goal_bias = 0.050000000000000003
init_temperature = 100
longest_valid_segment_fraction = 0.01
projection.cellsize.0 = 41.424999999999997
projection.cellsize.1 = 38.100000000000001
projection.cellsize.2 = 11.237500000000001
projection.cellsize_factor = 
range = 40.229867980963938
temp_change_factor = 0.10000000000000007
valid_segment_count_factor = 1
22 properties for each run
approximate solution BOOLEAN
correct solution BOOLEAN
correct solution strict BOOLEAN
graph motions INTEGER
graph states INTEGER
memory REAL
simplification time REAL
simplified correct solution BOOLEAN
simplified correct solution strict BOOLEAN
simplified solution clearance REAL
simplified solution length REAL
simplified solution segments INTEGER
simplified solution smoothness REAL
solution clearance REAL
solution difference REAL
solution length REAL
solution segments INTEGER
solution smoothness REAL
solved BOOLEAN
status ENUM
time REAL
valid segment fraction REAL
50 runs
0; 1; 1; 80; 81; 20.824219; 0.000021; 1; 1; inf; 204.960000; 1; 0.000000; inf; -1.000000; 273.094655; 7; 0.003265; 1; 6; 0.002296; 1.000000; 
0; 1; 1; 75; 76; 20.824219; 0.000022; 1; 1; inf; 204.960000; 1; 0.000000; inf; -1.000000; 425.392649; 11; 0.003957; 1; 6; 0.002348; 1.000000; 
0; 1; 1; 44; 45; 20.824219; 0.000022; 1; 1; inf; 204.960000; 1; 0.000000; inf; -1.000000; 257.302966; 7; 0.002741; 1; 6; 0.001373; 1.000000; 
0; 1; 1; 110; 111; 20.824219; 0.000022; 1; 1; inf; 204.960000; 1; 0.000000; inf; -1.000000; 302.365128; 8; 0.003001; 1; 6; 0.003382; 1.000000; 
0; 1; 1; 67; 68; 20.824219; 0.000023; 1; 1; inf; 204.960000; 1; 0.000000; inf; -1.000000; 274.640536; 7; 0.003917; 1; 6; 0.003406; 1.000000; 
0; 1; 1; 31; 32; 20.824219; 0.000019; 1; 1; inf; 204.960000; 1; 0.000000; inf; -1.000000; 312.805068; 8; 0.006603; 1; 6; 0.001252; 1.000000; 
0; 1; 1; 78; 79; 20.824219; 0.000013; 1; 1; inf; 204.960000; 1; 0.000000; inf; -1.000000; 217.878477; 6; 0.001139; 1; 6; 0.002283; 1.000000; 
0; 1; 1; 87; 88; 20.824219; 0.000025; 1; 1; inf; 204.960000; 1; 0.000000; inf; -1.000000; 312.950924; 8; 0.005210; 1; 6; 0.003359; 1.000000; 
0; 1; 1; 108; 109; 20.824219; 0.000022; 1; 1; inf; 204.960000; 1; 0.000000; inf; -1.000000; 329.994254; 9; 0.005299; 1; 6; 0.004018; 1.000000; 
0; 1; 1; 71; 72; 20.824219; 0.000019; 1; 1; inf; 204.960000; 1; 0.000000; inf; -1.000000; 279.798797; 7; 0.004502; 1; 6; 0.002294; 1.000000; 
0; 1; 1; 36; 37; 20.824219; 0.000025; 1; 1; inf; 204.960000; 1; 0.000000; inf; -1.000000; 283.462072; 8; 0.004804; 1; 6; 0.001254; 1.000000; 
0; 1; 1; 79; 80; 20.824219; 0.000021; 1; 1; inf; 204.960000; 1; 0.000000; inf; -1.000000; 271.616478; 7; 0.002866; 1; 6; 0.002721; 1.000000; 
0; 1; 1; 64; 65; 20.824219; 0.000044; 1; 1; inf; 204.960000; 1; 0.000000; inf; -1.000000; 252.079734; 7; 0.002075; 1; 6; 0.003014; 1.000000; 
0; 1; 1; 51; 52; 20.824219; 0.000024; 1; 1; inf; 204.960000; 1; 0.000000; inf; -1.000000; 317.261019; 8; 0.003277; 1; 6; 0.004437; 1.000000; 
0; 1; 1; 74; 75; 20.824219; 0.000028; 1; 1; inf; 204.960000; 1; 0.000000; inf; -1.000000; 335.839832; 9; 0.005472; 1; 6; 0.004187; 1.000000; 
0; 1; 1; 63; 64; 20.824219; 0.000014; 1; 1; inf; 204.960000; 1; 0.000000; inf; -1.000000; 349.508217; 9; 0.004395; 1; 6; 0.001441; 1.000000; 
0; 1; 1; 65; 66; 20.824219; 0.000017; 1; 1; inf; 204.960000; 1; 0.000000; inf; -1.000000; 360.971542; 9; 0.004628; 1; 6; 0.002348; 1.000000; 
0; 1; 1; 124; 125; 20.824219; 0.000019; 1; 1; inf; 204.960000; 1; 0.000000; inf; -1.000000; 236.548673; 6; 0.001979; 1; 6; 0.003370; 1.000000; 
0; 1; 1; 69; 70; 20.824219; 0.000023; 1; 1; inf; 204.960000; 1; 0.000000; inf; -1.000000; 321.601980; 8; 0.004657; 1; 6; 0.002334; 1.000000; 
0; 1; 1; 63; 64; 20.824219; 0.000024; 1; 1; inf; 204.960000; 1; 0.000000; inf; -1.000000; 271.459286; 7; 0.004875; 1; 6; 0.013109; 1.000000; 
0; 1; 1; 45; 46; 20.824219; 0.000042; 1; 1; inf; 204.960000; 1; 0.000000; inf; -1.000000; 236.447966; 6; 0.002030; 1; 6; 0.001254; 1.000000; 
0; 1; 1; 23; 24; 20.824219; 0.000023; 1; 1; inf; 204.960000; 1; 0.000000; inf; -1.000000; 292.000948; 8; 0.003030; 1; 6; 0.001296; 1.000000; 
0; 1; 1; 92; 93; 20.824219; 0.000026; 1; 1; inf; 204.960000; 1; 0.000000; inf; -1.000000; 263.021890; 7; 0.003778; 1; 6; 0.002333; 1.000000; 
0; 1; 1; 59; 60; 20.824219; 0.000021; 1; 1; inf; 204.960000; 1; 0.000000; inf; -1.000000; 421.346518; 11; 0.008198; 1; 6; 0.002402; 1.000000; 
0; 1; 1; 49; 50; 20.824219; 0.000013; 1; 1; inf; 204.960000; 1; 0.000000; inf; -1.000000; 266.760170; 7; 0.004231; 1; 6; 0.001207; 1.000000; 
0; 1; 1; 36; 37; 20.824219; 0.000019; 1; 1; inf; 204.960000; 1; 0.000000; inf; -1.000000; 307.902007; 8; 0.008786; 1; 6; 0.001220; 1.000000; 
0; 1; 1; 25; 26; 20.824219; 0.000016; 1; 1; inf; 204.960000; 1; 0.000000; inf; -1.000000; 305.527073; 8; 0.003811; 1; 6; 0.001255; 1.000000; 
0; 1; 1; 64; 65; 20.824219; 0.000019; 1; 1; inf; 204.960000; 1; 0.000000; inf; -1.000000; 242.532012; 7; 0.001804; 1; 6; 0.001229; 1.000000; 
0; 1; 1; 66; 67; 20.824219; 0.000023; 1; 1; inf; 204.960000; 1; 0.000000; inf; -1.000000; 288.674965; 8; 0.002761; 1; 6; 0.002513; 1.000000; 
0; 1; 1; 141; 142; 20.824219; 0.000026; 1; 1; inf; 204.960000; 1; 0.000000; inf; -1.000000; 328.724960; 9; 0.003113; 1; 6; 0.011547; 1.000000; 
0; 1; 1; 42; 43; 20.824219; 0.000017; 1; 1; inf; 204.960000; 1; 0.000000; inf; -1.000000; 264.915656; 7; 0.005843; 1; 6; 0.001334; 1.000000; 
0; 1; 1; 75; 76; 20.824219; 0.000021; 1; 1; inf; 204.960000; 1; 0.000000; inf; -1.000000; 367.986040; 10; 0.006914; 1; 6; 0.002404; 1.000000; 
0; 1; 1; 36; 37; 20.824219; 0.000018; 1; 1; inf; 204.960000; 1; 0.000000; inf; -1.000000; 294.993927; 8; 0.002316; 1; 6; 0.000770; 1.000000; 
0; 1; 1; 45; 46; 20.824219; 0.000029; 1; 1; inf; 204.960000; 1; 0.000000; inf; -1.000000; 316.438264; 8; 0.004540; 1; 6; 0.001291; 1.000000; 
0; 1; 1; 87; 88; 20.824219; 0.000023; 1; 1; inf; 204.960000; 1; 0.000000; inf; -1.000000; 401.079146; 10; 0.006157; 1; 6; 0.003478; 1.000000; 
0; 1; 1; 81; 82; 20.824219; 0.000020; 1; 1; inf; 204.960000; 1; 0.000000; inf; -1.000000; 314.063775; 8; 0.002031; 1; 6; 0.002329; 1.000000; 
0; 1; 1; 101; 102; 20.824219; 0.000021; 1; 1; inf; 204.960000; 1; 0.000000; inf; -1.000000; 282.065794; 8; 0.003452; 1; 6; 0.003435; 1.000000; 
0; 1; 1; 69; 70; 20.824219; 0.000019; 1; 1; inf; 204.960000; 1; 0.000000; inf; -1.000000; 269.246441; 7; 0.003486; 1; 6; 0.002471; 1.000000; 
0; 1; 1; 74; 75; 20.824219; 0.000029; 1; 1; inf; 204.960000; 1; 0.000000; inf; -1.000000; 263.225426; 7; 0.003460; 1; 6; 0.002429; 1.000000; 
0; 1; 1; 47; 48; 20.824219; 0.000079; 1; 1; inf; 204.960000; 1; 0.000000; inf; -1.000000; 332.780614; 9; 0.005462; 1; 6; 0.001397; 1.000000; 
0; 1; 1; 105; 106; 20.824219; 0.000026; 1; 1; inf; 204.960000; 1; 0.000000; inf; -1.000000; 285.739362; 8; 0.003035; 1; 6; 0.005688; 1.000000; 
0; 1; 1; 58; 59; 21.136719; 0.000022; 1; 1; inf; 204.960000; 1; 0.000000; inf; -1.000000; 300.889583; 8; 0.004299; 1; 6; 0.001411; 1.000000; 
0; 1; 1; 55; 56; 21.136719; 0.000038; 1; 1; inf; 204.960000; 1; 0.000000; inf; -1.000000; 275.880039; 7; 0.003859; 1; 6; 0.001235; 1.000000; 
0; 1; 1; 39; 40; 21.136719; 0.000021; 1; 1; inf; 204.960000; 1; 0.000000; inf; -1.000000; 342.109247; 9; 0.006306; 1; 6; 0.001222; 1.000000; 
0; 1; 1; 58; 59; 21.136719; 0.000027; 1; 1; inf; 204.960000; 1; 0.000000; inf; -1.000000; 265.218052; 7; 0.004439; 1; 6; 0.002405; 1.000000; 
0; 1; 1; 69; 70; 21.136719; 0.000022; 1; 1; inf; 204.960000; 1; 0.000000; inf; -1.000000; 378.906238; 10; 0.004827; 1; 6; 0.002445; 1.000000; 
0; 1; 1; 49; 50; 21.136719; 0.000013; 1; 1; inf; 204.960000; 1; 0.000000; inf; -1.000000; 393.775566; 10; 0.006477; 1; 6; 0.001210; 1.000000; 
0; 1; 1; 36; 37; 21.136719; 0.000014; 1; 1; inf; 204.960000; 1; 0.000000; inf; -1.000000; 278.192246; 7; 0.003798; 1; 6; 0.001208; 1.000000; 
0; 1; 1; 56; 57; 21.136719; 0.000020; 1; 1; inf; 204.960000; 1; 0.000000; inf; -1.000000; 391.116914; 10; 0.006317; 1; 6; 0.001259; 1.000000; 
0; 1; 1; 57; 58; 21.136719; 0.000023; 1; 1; inf; 204.960000; 1; 0.000000; inf; -1.000000; 244.667926; 7; 0.002389; 1; 6; 0.002895; 1.000000; 
.
